#           N         Chain          BCCA          BPCA
 1.000000e+00  4.262246e-01  0.000000e+00  0.000000e+00
 1.056935e+00  6.810522e-02  0.000000e+00  0.000000e+00
 1.117111e+00  2.468086e-01  0.000000e+00  0.000000e+00
 1.180713e+00  5.196173e-01  0.000000e+00  0.000000e+00
 1.247936e+00  7.514595e-01  0.000000e+00  0.000000e+00
 1.318987e+00  9.435044e-01  0.000000e+00  0.000000e+00
 1.394083e+00  1.096945e+00  0.000000e+00  0.000000e+00
 1.473454e+00  1.212991e+00  0.000000e+00  0.000000e+00
 1.557345e+00  1.292862e+00  0.000000e+00  0.000000e+00
 1.646012e+00  1.337785e+00  0.000000e+00  0.000000e+00
 1.739726e+00  1.348984e+00  0.000000e+00  0.000000e+00
 1.838777e+00  1.327682e+00  0.000000e+00  0.000000e+00
 1.943467e+00  1.275090e+00  0.000000e+00  0.000000e+00
 2.054117e+00  1.192407e+00  0.000000e+00  0.000000e+00
 2.171068e+00  1.080818e+00  0.000000e+00  0.000000e+00
 2.294676e+00  9.414886e-01  0.000000e+00  0.000000e+00
 2.425323e+00  7.755626e-01  0.000000e+00  0.000000e+00
 2.563407e+00  7.711879e-01  0.000000e+00  0.000000e+00
 2.709354e+00  9.696485e-01  0.000000e+00  0.000000e+00
 2.863610e+00  1.145975e+00  0.000000e+00  0.000000e+00
 3.026648e+00  1.301381e+00  0.000000e+00  0.000000e+00
 3.198969e+00  1.437071e+00  0.000000e+00  0.000000e+00
 3.381101e+00  1.554235e+00  0.000000e+00  0.000000e+00
 3.573602e+00  1.654042e+00  0.000000e+00  0.000000e+00
 3.777064e+00  1.737637e+00  0.000000e+00  0.000000e+00
 3.992109e+00  1.806133e+00  0.000000e+00  0.000000e+00
 4.219398e+00  1.860610e+00  0.000000e+00  0.000000e+00
 4.459628e+00  1.902114e+00  0.000000e+00  0.000000e+00
 4.713535e+00  1.931646e+00  0.000000e+00  0.000000e+00
 4.981898e+00  1.950171e+00  0.000000e+00  0.000000e+00
 5.265540e+00  1.958609e+00  0.000000e+00  0.000000e+00
 5.565331e+00  1.957835e+00  0.000000e+00  0.000000e+00
 5.882190e+00  1.948683e+00  0.000000e+00  0.000000e+00
 6.217090e+00  1.931940e+00  0.000000e+00  0.000000e+00
 6.571058e+00  1.908350e+00  0.000000e+00  0.000000e+00
 6.945178e+00  1.878614e+00  0.000000e+00  0.000000e+00
 7.340598e+00  1.843387e+00  0.000000e+00  0.000000e+00
 7.758532e+00  1.803287e+00  0.000000e+00  0.000000e+00
 8.200261e+00  1.758888e+00  9.615577e-02  3.509101e-02
 8.667139e+00  1.710726e+00  3.129688e-01  1.101378e-01
 9.160598e+00  1.659298e+00  5.321681e-01  1.804010e-01
 9.682153e+00  1.605065e+00  7.541864e-01  2.460145e-01
 1.023340e+01  1.548454e+00  9.794402e-01  3.071035e-01
 1.081604e+01  1.489858e+00  1.208329e+00  3.637845e-01
 1.143184e+01  1.429639e+00  1.441236e+00  4.161654e-01
 1.208271e+01  1.368130e+00  1.678527e+00  4.643459e-01
 1.277063e+01  1.305632e+00  1.920553e+00  5.084174e-01
 1.349772e+01  1.242425e+00  2.167647e+00  5.484633e-01
 1.426621e+01  1.178760e+00  2.420126e+00  5.845596e-01
 1.507845e+01  1.114865e+00  2.678293e+00  6.167748e-01
 1.593694e+01  1.050948e+00  2.942436e+00  6.451703e-01
 1.684430e+01  9.871941e-01  2.439175e+00  5.708279e-01
 1.780332e+01  9.237714e-01  2.349821e+00  4.113978e-01
 1.881694e+01  8.608289e-01  2.259827e+00  2.591968e-01
 1.988828e+01  7.984997e-01  2.169399e+00  1.140471e-01
 2.102061e+01  7.369014e-01  2.078728e+00  2.422949e-02
 2.221741e+01  6.761375e-01  1.987990e+00  1.558119e-01
 2.348235e+01  6.162985e-01  1.897347e+00  2.808790e-01
 2.481930e+01  5.574631e-01  1.806947e+00  3.996099e-01
 2.623238e+01  4.996986e-01  1.716925e+00  5.121835e-01
 2.772591e+01  4.430624e-01  1.627405e+00  6.187781e-01
 2.930447e+01  3.876027e-01  1.538499e+00  7.195717e-01
 3.097291e+01  3.333592e-01  1.450308e+00  8.147413e-01
 3.273634e+01  2.803636e-01  1.362924e+00  9.044630e-01
 3.460016e+01  2.286409e-01  1.276430e+00  9.889119e-01
 3.657011e+01  1.782098e-01  1.190898e+00  1.068262e+00
 3.865221e+01  1.290828e-01  1.106395e+00  1.142685e+00
 4.085286e+01  8.126765e-02  1.022979e+00  1.212352e+00
 4.317880e+01  3.476714e-02  9.407000e-01  1.277433e+00
 4.563716e+01  1.042007e-02  8.596029e-01  1.338094e+00
 4.823549e+01  5.429907e-02  7.797260e-01  1.394502e+00
 5.098176e+01  9.687833e-02  7.011022e-01  1.446820e+00
 5.388438e+01  1.381693e-01  6.237589e-01  1.495209e+00
 5.695227e+01  1.781860e-01  5.477191e-01  1.539829e+00
 6.019482e+01  2.169448e-01  4.730012e-01  1.580836e+00
 6.362198e+01  2.544642e-01  3.996195e-01  1.618386e+00
 6.724427e+01  2.907642e-01  3.275847e-01  1.652631e+00
 7.107280e+01  3.258665e-01  2.569041e-01  1.683721e+00
 7.511929e+01  3.597940e-01  1.875817e-01  1.711804e+00
 7.939618e+01  3.925706e-01  1.196189e-01  1.737024e+00
 8.391656e+01  4.242214e-01  5.301428e-02  1.759524e+00
 8.869432e+01  4.547718e-01  1.223577e-02  1.779444e+00
 9.374409e+01  4.842479e-01  7.613714e-02  1.796921e+00
 9.908137e+01  5.126765e-01  1.386976e-01  1.812090e+00
 1.047225e+02  5.400843e-01  1.999267e-01  1.825082e+00
 1.106848e+02  5.664984e-01  2.598355e-01  1.836027e+00
 1.169866e+02  5.919460e-01  3.184366e-01  1.845051e+00
 1.236472e+02  6.164542e-01  3.757438e-01  1.852277e+00
 1.306870e+02  6.400501e-01  4.317720e-01  1.857827e+00
 1.381276e+02  6.627605e-01  4.865372e-01  1.861820e+00
 1.459919e+02  6.846121e-01  5.400562e-01  1.864369e+00
 1.543038e+02  7.056314e-01  5.923466e-01  1.865589e+00
 1.630891e+02  7.258443e-01  6.434266e-01  1.865588e+00
 1.723745e+02  7.452766e-01  6.933152e-01  1.864475e+00
 1.821885e+02  7.639536e-01  7.420317e-01  1.862353e+00
 1.925614e+02  7.819001e-01  7.895958e-01  1.859325e+00
 2.035248e+02  7.991404e-01  8.360278e-01  1.855489e+00
 2.151123e+02  8.156985e-01  8.813479e-01  1.850942e+00
 2.273597e+02  8.315978e-01  9.255769e-01  1.845777e+00
 2.403043e+02  8.468610e-01  9.687355e-01  1.840086e+00
 2.539859e+02  8.615104e-01  1.010845e+00  1.833955e+00
 2.684465e+02  8.755679e-01  1.051926e+00  1.827472e+00
 2.837304e+02  8.890546e-01  1.091999e+00  1.820719e+00
 2.998844e+02  9.019912e-01  1.131086e+00  1.813777e+00
 3.169582e+02  9.143978e-01  1.169208e+00  1.806722e+00
 3.350041e+02  9.262938e-01  1.206385e+00  1.799632e+00
 3.540774e+02  9.376982e-01  1.242638e+00  1.792577e+00
 3.742366e+02  9.486295e-01  1.277989e+00  1.785630e+00
 3.955436e+02  9.591055e-01  1.312457e+00  1.778857e+00
 4.180637e+02  9.691434e-01  1.346064e+00  1.772323e+00
 4.418660e+02  9.787601e-01  1.378828e+00  1.766093e+00
 4.670234e+02  9.879719e-01  1.410771e+00  1.760226e+00
 4.936132e+02  9.967943e-01  1.441913e+00  1.754781e+00
 5.217169e+02  1.005243e+00  1.472271e+00  1.749813e+00
 5.514206e+02  1.013332e+00  1.501868e+00  1.745377e+00
 5.828155e+02  1.021075e+00  1.530720e+00  1.741524e+00
 6.159978e+02  1.028487e+00  1.558847e+00  1.738303e+00
 6.510694e+02  1.035581e+00  1.586269e+00  1.735762e+00
 6.881377e+02  1.042370e+00  1.613002e+00  1.733945e+00
 7.273165e+02  1.048865e+00  1.639066e+00  1.732895e+00
 7.687260e+02  1.055079e+00  1.664477e+00  1.732653e+00
 8.124930e+02  1.061023e+00  1.689255e+00  1.733258e+00
 8.587519e+02  1.066709e+00  1.713415e+00  1.734746e+00
 9.076446e+02  1.072146e+00  1.736976e+00  1.737154e+00
 9.593209e+02  1.077345e+00  1.759953e+00  1.740513e+00
 1.013939e+03  1.082316e+00  1.782363e+00  1.744856e+00
 1.071668e+03  1.087069e+00  1.804223e+00  1.750210e+00
 1.132683e+03  1.091612e+00  1.825548e+00  1.756605e+00
 1.197171e+03  1.095955e+00  1.846353e+00  1.764066e+00
 1.265332e+03  1.100105e+00  1.866656e+00  1.772617e+00
 1.337373e+03  1.104071e+00  1.886469e+00  1.782280e+00
 1.413516e+03  1.107861e+00  1.905809e+00  1.793077e+00
 1.493993e+03  1.111482e+00  1.924689e+00  1.805026e+00
 1.579053e+03  1.114941e+00  1.943125e+00  1.818147e+00
 1.668956e+03  1.118245e+00  1.961130e+00  1.832454e+00
 1.763977e+03  1.121402e+00  1.978717e+00  1.847963e+00
 1.864409e+03  1.124416e+00  1.995901e+00  1.864688e+00
 1.970558e+03  1.127295e+00  2.012695e+00  1.882640e+00
 2.082751e+03  1.130045e+00  2.029111e+00  1.901830e+00
 2.201331e+03  1.132670e+00  2.045163e+00  1.922267e+00
 2.326663e+03  1.135176e+00  2.060863e+00  1.943961e+00
 2.459130e+03  1.137569e+00  2.076223e+00  1.966917e+00
 2.599140e+03  1.139854e+00  2.091255e+00  1.991142e+00
 2.747121e+03  1.142034e+00  2.105971e+00  2.016639e+00
 2.903527e+03  1.144115e+00  2.120383e+00  2.043414e+00
 3.068838e+03  1.146102e+00  2.134502e+00  2.071468e+00
 3.243561e+03  1.147997e+00  2.148340e+00  2.100803e+00
 3.428231e+03  1.149806e+00  2.161906e+00  2.131418e+00
 3.623416e+03  1.151532e+00  2.175212e+00  2.163315e+00
 3.829714e+03  1.153179e+00  2.188268e+00  2.196491e+00
 4.047757e+03  1.154750e+00  2.201085e+00  2.230943e+00
 4.278214e+03  1.156249e+00  2.213672e+00  2.266670e+00
 4.521792e+03  1.157679e+00  2.226040e+00  2.303666e+00
 4.779239e+03  1.159043e+00  2.238198e+00  2.341928e+00
 5.051342e+03  1.160344e+00  2.250155e+00  2.381449e+00
 5.338938e+03  1.161585e+00  2.261922e+00  2.422223e+00
 5.642908e+03  1.162769e+00  2.273506e+00  2.464243e+00
 5.964185e+03  1.163897e+00  2.284917e+00  2.507503e+00
 6.303753e+03  1.164973e+00  2.296164e+00  2.551993e+00
 6.662655e+03  1.165999e+00  2.307255e+00  2.597705e+00
 7.041990e+03  1.166978e+00  2.318198e+00  2.644629e+00
 7.442922e+03  1.167911e+00  2.329002e+00  2.692755e+00
 7.866682e+03  1.168800e+00  2.339675e+00  2.742074e+00
 8.314568e+03  1.169648e+00  2.350224e+00  2.792574e+00
 8.787954e+03  1.170456e+00  2.360658e+00  2.844243e+00
 9.288292e+03  1.171226e+00  2.370983e+00  2.897070e+00
 9.817117e+03  1.171961e+00  2.381207e+00  2.951043e+00
 1.037605e+04  1.172661e+00  2.391338e+00  3.006149e+00
 1.096681e+04  1.173328e+00  2.401382e+00  3.062375e+00
 1.159120e+04  1.173964e+00  2.411347e+00  3.119708e+00
 1.225114e+04  1.174569e+00  2.421238e+00  3.178134e+00
 1.294865e+04  1.175147e+00  2.431063e+00  3.237639e+00
 1.368587e+04  1.175697e+00  2.440829e+00  3.298209e+00
 1.446507e+04  1.176221e+00  2.450541e+00  3.359829e+00
 1.528864e+04  1.176721e+00  2.460205e+00  3.422486e+00
 1.615909e+04  1.177197e+00  2.469828e+00  3.486164e+00
 1.707910e+04  1.177650e+00  2.479416e+00  3.550848e+00
 1.805149e+04  1.178082e+00  2.488975e+00  3.616522e+00
 1.907924e+04  1.178494e+00  2.498509e+00  3.683172e+00
 2.016551e+04  1.178886e+00  2.508025e+00  3.750782e+00
 2.131362e+04  1.179259e+00  2.517529e+00  3.819336e+00
 2.252711e+04  1.179615e+00  2.527024e+00  3.888818e+00
 2.380968e+04  1.179954e+00  2.536517e+00  3.959213e+00
 2.516527e+04  1.180277e+00  2.546013e+00  4.030505e+00
 2.659804e+04  1.180584e+00  2.555516e+00  4.102678e+00
 2.811239e+04  1.180877e+00  2.565031e+00  4.175716e+00
 2.971296e+04  1.181156e+00  2.574564e+00  4.249602e+00
 3.140465e+04  1.181421e+00  2.584118e+00  4.324321e+00
 3.319266e+04  1.181674e+00  2.593698e+00  4.399857e+00
 3.508247e+04  1.181915e+00  2.603309e+00  4.476193e+00
 3.707988e+04  1.182145e+00  2.612954e+00  4.553314e+00
 3.919100e+04  1.182363e+00  2.622639e+00  4.631203e+00
 4.142232e+04  1.182571e+00  2.632366e+00  4.709845e+00
 4.378069e+04  1.182769e+00  2.642140e+00  4.789223e+00
 4.627332e+04  1.182958e+00  2.651966e+00  4.869323e+00
 4.890787e+04  1.183138e+00  2.661845e+00  4.950127e+00
 5.169242e+04  1.183309e+00  2.671784e+00  5.031620e+00
 5.463550e+04  1.183471e+00  2.681783e+00  5.113788e+00
 5.774615e+04  1.183626e+00  2.691849e+00  5.196613e+00
 6.103390e+04  1.183774e+00  2.701983e+00  5.280081e+00
 6.450884e+04  1.183915e+00  2.712189e+00  5.364176e+00
 6.818162e+04  1.184049e+00  2.722471e+00  5.448883e+00
 7.206351e+04  1.184176e+00  2.732831e+00  5.534188e+00
 7.616642e+04  1.184297e+00  2.743272e+00  5.620074e+00
 8.050292e+04  1.184413e+00  2.753798e+00  5.706527e+00
 8.508632e+04  1.184523e+00  2.764411e+00  5.793533e+00
 8.993067e+04  1.184628e+00  2.775115e+00  5.881076e+00
 9.505083e+04  1.184727e+00  2.785911e+00  5.969143e+00
 1.004625e+05  1.184822e+00  2.796803e+00  6.057719e+00
 1.061823e+05  1.184913e+00  2.807794e+00  6.146790e+00
 1.122277e+05  1.184999e+00  2.818884e+00  6.236342e+00
 1.186174e+05  1.185081e+00  2.830078e+00  6.326362e+00
 1.253708e+05  1.185159e+00  2.841378e+00  6.416834e+00
 1.325087e+05  1.185233e+00  2.852785e+00  6.507747e+00
 1.400531e+05  1.185304e+00  2.864302e+00  6.599086e+00
 1.480269e+05  1.185371e+00  2.875931e+00  6.690839e+00
 1.564548e+05  1.185435e+00  2.887674e+00  6.782993e+00
 1.653624e+05  1.185496e+00  2.899533e+00  6.875534e+00
 1.747773e+05  1.185555e+00  2.911510e+00  6.968451e+00
 1.847281e+05  1.185610e+00  2.923608e+00  7.061730e+00
 1.952456e+05  1.185663e+00  2.935827e+00  7.155359e+00
 2.063618e+05  1.185713e+00  2.948170e+00  7.249327e+00
 2.181109e+05  1.185761e+00  2.960637e+00  7.343622e+00
 2.305289e+05  1.185806e+00  2.973232e+00  7.438231e+00
 2.436540e+05  1.185850e+00  2.985955e+00  7.533143e+00
 2.575263e+05  1.185891e+00  2.998808e+00  7.628347e+00
 2.721885e+05  1.185931e+00  3.011793e+00  7.723832e+00
 2.876854e+05  1.185968e+00  3.024910e+00  7.819586e+00
 3.040646e+05  1.186004e+00  3.038161e+00  7.915599e+00
 3.213764e+05  1.186038e+00  3.051548e+00  8.011860e+00
 3.396739e+05  1.186071e+00  3.065071e+00  8.108359e+00
 3.590130e+05  1.186102e+00  3.078732e+00  8.205086e+00
 3.794533e+05  1.186131e+00  3.092532e+00  8.302030e+00
 4.010573e+05  1.186159e+00  3.106472e+00  8.399181e+00
 4.238913e+05  1.186186e+00  3.120553e+00  8.496530e+00
 4.480254e+05  1.186212e+00  3.134776e+00  8.594067e+00
 4.735335e+05  1.186236e+00  3.149142e+00  8.691783e+00
 5.004939e+05  1.186259e+00  3.163652e+00  8.789669e+00
 5.289893e+05  1.186282e+00  3.178306e+00  8.887715e+00
 5.591071e+05  1.186303e+00  3.193106e+00  8.985914e+00
 5.909396e+05  1.186323e+00  3.208052e+00  9.084255e+00
 6.245845e+05  1.186342e+00  3.223145e+00  9.182731e+00
 6.601449e+05  1.186361e+00  3.238385e+00  9.281333e+00
 6.977300e+05  1.186378e+00  3.253774e+00  9.380053e+00
 7.374549e+05  1.186395e+00  3.269311e+00  9.478884e+00
 7.794416e+05  1.186411e+00  3.284998e+00  9.577817e+00
 8.238187e+05  1.186426e+00  3.300834e+00  9.676844e+00
 8.707225e+05  1.186441e+00  3.316820e+00  9.775959e+00
 9.202967e+05  1.186455e+00  3.332957e+00  9.875153e+00
 9.726934e+05  1.186468e+00  3.349245e+00  9.974420e+00
 1.028073e+06  1.186481e+00  3.365684e+00  1.007375e+01
 1.086606e+06  1.186493e+00  3.382274e+00  1.017314e+01
 1.148472e+06  1.186505e+00  3.399017e+00  1.027259e+01
 1.213859e+06  1.186516e+00  3.415911e+00  1.037208e+01
 1.282970e+06  1.186527e+00  3.432958e+00  1.047161e+01
 1.356015e+06  1.186537e+00  3.450157e+00  1.057117e+01
 1.433219e+06  1.186547e+00  3.467508e+00  1.067075e+01
 1.514819e+06  1.186556e+00  3.485013e+00  1.077036e+01
 1.601064e+06  1.186565e+00  3.502669e+00  1.086999e+01
 1.692220e+06  1.186574e+00  3.520479e+00  1.096962e+01
 1.788566e+06  1.186582e+00  3.538441e+00  1.106926e+01
 1.890397e+06  1.186590e+00  3.556556e+00  1.116889e+01
 1.998026e+06  1.186598e+00  3.574823e+00  1.126852e+01
 2.111783e+06  1.186605e+00  3.593243e+00  1.136813e+01
 2.232016e+06  1.186612e+00  3.611815e+00  1.146773e+01
 2.359095e+06  1.186619e+00  3.630539e+00  1.156731e+01
 2.493409e+06  1.186626e+00  3.649416e+00  1.166686e+01
 2.635371e+06  1.186632e+00  3.668444e+00  1.176637e+01
 2.785414e+06  1.186638e+00  3.687623e+00  1.186585e+01
 2.944000e+06  1.186644e+00  3.706954e+00  1.196530e+01
 3.111616e+06  1.186650e+00  3.726436e+00  1.206469e+01
 3.288774e+06  1.186655e+00  3.746069e+00  1.216404e+01
 3.476019e+06  1.186660e+00  3.765852e+00  1.226333e+01
 3.673925e+06  1.186665e+00  3.785785e+00  1.236257e+01
 3.883098e+06  1.186670e+00  3.805868e+00  1.246175e+01
 4.104181e+06  1.186675e+00  3.826100e+00  1.256086e+01
 4.337850e+06  1.186680e+00  3.846480e+00  1.265990e+01
 4.584824e+06  1.186684e+00  3.867010e+00  1.275888e+01
 4.845859e+06  1.186688e+00  3.887687e+00  1.285777e+01
 5.121755e+06  1.186693e+00  3.908511e+00  1.295659e+01
 5.413360e+06  1.186697e+00  3.929482e+00  1.305533e+01
 5.721568e+06  1.186701e+00  3.950600e+00  1.315398e+01
 6.047322e+06  1.186705e+00  3.971863e+00  1.325255e+01
 6.391624e+06  1.186708e+00  3.993272e+00  1.335102e+01
 6.755528e+06  1.186712e+00  4.014825e+00  1.344940e+01
 7.140151e+06  1.186715e+00  4.036523e+00  1.354769e+01
 7.546673e+06  1.186719e+00  4.058363e+00  1.364587e+01
 7.976339e+06  1.186722e+00  4.080347e+00  1.374396e+01
 8.430468e+06  1.186725e+00  4.102473e+00  1.384194e+01
 8.910453e+06  1.186729e+00  4.124740e+00  1.393981e+01
 9.417766e+06  1.186732e+00  4.147148e+00  1.403757e+01
 9.953962e+06  1.186735e+00  4.169696e+00  1.413523e+01
 1.052069e+07  1.186738e+00  4.192384e+00  1.423277e+01
 1.111968e+07  1.186741e+00  4.215210e+00  1.433019e+01
 1.175277e+07  1.186744e+00  4.238174e+00  1.442750e+01
 1.242191e+07  1.186746e+00  4.261275e+00  1.452469e+01
 1.312915e+07  1.186749e+00  4.284513e+00  1.462175e+01
 1.387665e+07  1.186752e+00  4.307886e+00  1.471870e+01
 1.466671e+07  1.186755e+00  4.331393e+00  1.481551e+01
 1.550175e+07  1.186757e+00  4.355035e+00  1.491221e+01
 1.638434e+07  1.186760e+00  4.378810e+00  1.500877e+01
 1.731717e+07  1.186762e+00  4.402718e+00  1.510520e+01
 1.830312e+07  1.186765e+00  4.426756e+00  1.520151e+01
 1.934520e+07  1.186767e+00  4.450926e+00  1.529768e+01
 2.044661e+07  1.186770e+00  4.475225e+00  1.539371e+01
 2.161073e+07  1.186772e+00  4.499653e+00  1.548961e+01
 2.284112e+07  1.186775e+00  4.524209e+00  1.558538e+01
 2.414157e+07  1.186777e+00  4.548892e+00  1.568100e+01
 2.551606e+07  1.186779e+00  4.573701e+00  1.577649e+01
 2.696881e+07  1.186782e+00  4.598635e+00  1.587184e+01
 2.850426e+07  1.186784e+00  4.623694e+00  1.596704e+01
 3.012714e+07  1.186786e+00  4.648876e+00  1.606211e+01
 3.184242e+07  1.186788e+00  4.674181e+00  1.615703e+01
 3.365535e+07  1.186791e+00  4.699607e+00  1.625180e+01
 3.557150e+07  1.186793e+00  4.725154e+00  1.634643e+01
 3.759675e+07  1.186795e+00  4.750820e+00  1.644092e+01
 3.973730e+07  1.186797e+00  4.776605e+00  1.653526e+01
 4.199973e+07  1.186799e+00  4.802507e+00  1.662945e+01
 4.439097e+07  1.186802e+00  4.828527e+00  1.672349e+01
 4.691835e+07  1.186804e+00  4.854662e+00  1.681739e+01
 4.958962e+07  1.186806e+00  4.880911e+00  1.691113e+01
 5.241298e+07  1.186808e+00  4.907274e+00  1.700473e+01
 5.539709e+07  1.186810e+00  4.933750e+00  1.709817e+01
 5.855110e+07  1.186812e+00  4.960338e+00  1.719147e+01
 6.188468e+07  1.186814e+00  4.987036e+00  1.728461e+01
 6.540806e+07  1.186816e+00  5.013844e+00  1.737760e+01
 6.913204e+07  1.186818e+00  5.040761e+00  1.747044e+01
 7.306804e+07  1.186820e+00  5.067785e+00  1.756313e+01
 7.722814e+07  1.186823e+00  5.094916e+00  1.765566e+01
 8.162509e+07  1.186825e+00  5.122152e+00  1.774804e+01
 8.627237e+07  1.186827e+00  5.149492e+00  1.784027e+01
 9.118425e+07  1.186829e+00  5.176936e+00  1.793235e+01
 9.637579e+07  1.186831e+00  5.204483e+00  1.802426e+01
 1.018629e+08  1.186833e+00  5.232131e+00  1.811603e+01
 1.076624e+08  1.186835e+00  5.259879e+00  1.820764e+01
 1.137921e+08  1.186837e+00  5.287726e+00  1.829910e+01
 1.202708e+08  1.186839e+00  5.315672e+00  1.839040e+01
 1.271184e+08  1.186841e+00  5.343714e+00  1.848155e+01
 1.343558e+08  1.186843e+00  5.371853e+00  1.857254e+01
 1.420053e+08  1.186845e+00  5.400087e+00  1.866338e+01
 1.500903e+08  1.186847e+00  5.428414e+00  1.875407e+01
 1.586357e+08  1.186849e+00  5.456835e+00  1.884460e+01
 1.676675e+08  1.186851e+00  5.485347e+00  1.893497e+01
 1.772136e+08  1.186853e+00  5.513950e+00  1.902519e+01
 1.873032e+08  1.186855e+00  5.542643e+00  1.911526e+01
 1.979672e+08  1.186857e+00  5.571424e+00  1.920517e+01
 2.092383e+08  1.186859e+00  5.600293e+00  1.929493e+01
 2.211512e+08  1.186861e+00  5.629248e+00  1.938453e+01
 2.337424e+08  1.186863e+00  5.658289e+00  1.947398e+01
 2.470504e+08  1.186865e+00  5.687414e+00  1.956327e+01
 2.611161e+08  1.186867e+00  5.716623e+00  1.965242e+01
 2.759826e+08  1.186869e+00  5.745913e+00  1.974140e+01
 2.916956e+08  1.186871e+00  5.775285e+00  1.983024e+01
 3.083031e+08  1.186873e+00  5.804737e+00  1.991892e+01
 3.258562e+08  1.186875e+00  5.834268e+00  2.000745e+01
 3.444087e+08  1.186877e+00  5.863877e+00  2.009583e+01
 3.640175e+08  1.186879e+00  5.893562e+00  2.018405e+01
 3.847427e+08  1.186881e+00  5.923324e+00  2.027212e+01
 4.066478e+08  1.186884e+00  5.953160e+00  2.036004e+01
 4.298001e+08  1.186886e+00  5.983070e+00  2.044781e+01
 4.542706e+08  1.186888e+00  6.013053e+00  2.053543e+01
 4.801343e+08  1.186890e+00  6.043107e+00  2.062290e+01
 5.074705e+08  1.186892e+00  6.073231e+00  2.071022e+01
 5.363631e+08  1.186894e+00  6.103426e+00  2.079738e+01
 5.669007e+08  1.186896e+00  6.133688e+00  2.088440e+01
 5.991770e+08  1.186898e+00  6.164018e+00  2.097127e+01
 6.332908e+08  1.186900e+00  6.194415e+00  2.105799e+01
 6.693470e+08  1.186902e+00  6.224877e+00  2.114456e+01
 7.074559e+08  1.186904e+00  6.255403e+00  2.123098e+01
 7.477346e+08  1.186906e+00  6.285992e+00  2.131725e+01
 7.903066e+08  1.186908e+00  6.316643e+00  2.140338e+01
 8.353023e+08  1.186910e+00  6.347356e+00  2.148936e+01
 8.828599e+08  1.186913e+00  6.378129e+00  2.157519e+01
 9.331251e+08  1.186915e+00  6.408960e+00  2.166088e+01
 9.862522e+08  1.186917e+00  6.439850e+00  2.174642e+01
 1.042404e+09  1.186919e+00  6.470797e+00  2.183181e+01
 1.101753e+09  1.186921e+00  6.501800e+00  2.191707e+01
 1.164481e+09  1.186923e+00  6.532858e+00  2.200217e+01
 1.230780e+09  1.186925e+00  6.563970e+00  2.208714e+01
 1.300854e+09  1.186927e+00  6.595136e+00  2.217195e+01
 1.374917e+09  1.186929e+00  6.626353e+00  2.225663e+01
 1.453198e+09  1.186932e+00  6.657621e+00  2.234116e+01
 1.535935e+09  1.186934e+00  6.688939e+00  2.242556e+01
 1.623382e+09  1.186936e+00  6.720306e+00  2.250981e+01
 1.715809e+09  1.186938e+00  6.751722e+00  2.259392e+01
 1.813498e+09  1.186940e+00  6.783184e+00  2.267788e+01
 1.916748e+09  1.186942e+00  6.814692e+00  2.276171e+01
 2.025878e+09  1.186944e+00  6.846246e+00  2.284540e+01
 2.141220e+09  1.186947e+00  6.877844e+00  2.292895e+01
 2.263130e+09  1.186949e+00  6.909484e+00  2.301236e+01
 2.391980e+09  1.186951e+00  6.941167e+00  2.309563e+01
 2.528166e+09  1.186953e+00  6.972892e+00  2.317877e+01
 2.672106e+09  1.186955e+00  7.004656e+00  2.326177e+01
 2.824241e+09  1.186957e+00  7.036460e+00  2.334463e+01
 2.985038e+09  1.186960e+00  7.068303e+00  2.342735e+01
 3.154990e+09  1.186962e+00  7.100183e+00  2.350994e+01
 3.334618e+09  1.186964e+00  7.132099e+00  2.359240e+01
 3.524473e+09  1.186966e+00  7.164051e+00  2.367472e+01
 3.725137e+09  1.186968e+00  7.196038e+00  2.375690e+01
 3.937226e+09  1.186971e+00  7.228058e+00  2.383896e+01
 4.161391e+09  1.186973e+00  7.260111e+00  2.392088e+01
 4.398317e+09  1.186975e+00  7.292196e+00  2.400266e+01
 4.648734e+09  1.186977e+00  7.324313e+00  2.408432e+01
 4.913407e+09  1.186980e+00  7.356459e+00  2.416584e+01
 5.193150e+09  1.186982e+00  7.388634e+00  2.424723e+01
 5.488820e+09  1.186984e+00  7.420838e+00  2.432849e+01
 5.801323e+09  1.186986e+00  7.453070e+00  2.440963e+01
 6.131619e+09  1.186989e+00  7.485327e+00  2.449063e+01
 6.480720e+09  1.186991e+00  7.517611e+00  2.457150e+01
 6.849697e+09  1.186993e+00  7.549919e+00  2.465225e+01
 7.239681e+09  1.186995e+00  7.582251e+00  2.473286e+01
 7.651869e+09  1.186998e+00  7.614607e+00  2.481335e+01
 8.087525e+09  1.187000e+00  7.646984e+00  2.489372e+01
 8.547985e+09  1.187002e+00  7.679383e+00  2.497395e+01
 9.034660e+09  1.187004e+00  7.711802e+00  2.505406e+01
 9.549045e+09  1.187007e+00  7.744241e+00  2.513405e+01
 1.009272e+10  1.187009e+00  7.776699e+00  2.521391e+01
 1.066734e+10  1.187011e+00  7.809175e+00  2.529364e+01
 1.127468e+10  1.187014e+00  7.841668e+00  2.537326e+01
 1.191660e+10  1.187016e+00  7.874178e+00  2.545275e+01
 1.259506e+10  1.187018e+00  7.906703e+00  2.553211e+01
 1.331216e+10  1.187021e+00  7.939242e+00  2.561135e+01
 1.407008e+10  1.187023e+00  7.971796e+00  2.569048e+01
 1.487115e+10  1.187025e+00  8.004363e+00  2.576948e+01
 1.571784e+10  1.187028e+00  8.036942e+00  2.584836e+01
 1.661273e+10  1.187030e+00  8.069532e+00  2.592712e+01
 1.755856e+10  1.187032e+00  8.102134e+00  2.600576e+01
 1.855825e+10  1.187035e+00  8.134745e+00  2.608428e+01
 1.961486e+10  1.187037e+00  8.167366e+00  2.616268e+01
 2.073162e+10  1.187039e+00  8.199995e+00  2.624096e+01
 2.191197e+10  1.187042e+00  8.232632e+00  2.631912e+01
 2.315951e+10  1.187044e+00  8.265275e+00  2.639717e+01
 2.447809e+10  1.187046e+00  8.297925e+00  2.647510e+01
 2.587174e+10  1.187049e+00  8.330581e+00  2.655292e+01
 2.734474e+10  1.187051e+00  8.363241e+00  2.663062e+01
 2.890160e+10  1.187054e+00  8.395905e+00  2.670820e+01
 3.054710e+10  1.187056e+00  8.428572e+00  2.678567e+01
 3.228628e+10  1.187058e+00  8.461241e+00  2.686302e+01
 3.412449e+10  1.187061e+00  8.493913e+00  2.694026e+01
 3.606735e+10  1.187063e+00  8.526586e+00  2.701738e+01
 3.812083e+10  1.187066e+00  8.559259e+00  2.709440e+01
 4.029122e+10  1.187068e+00  8.591931e+00  2.717129e+01
 4.258518e+10  1.187070e+00  8.624603e+00  2.724808e+01
 4.500975e+10  1.187073e+00  8.657273e+00  2.732476e+01
 4.757236e+10  1.187075e+00  8.689940e+00  2.740132e+01
 5.028087e+10  1.187078e+00  8.722605e+00  2.747778e+01
 5.314359e+10  1.187080e+00  8.755265e+00  2.755412e+01
 5.616930e+10  1.187083e+00  8.787921e+00  2.763035e+01
 5.936727e+10  1.187085e+00  8.820573e+00  2.770647e+01
 6.274732e+10  1.187087e+00  8.853218e+00  2.778249e+01
 6.631981e+10  1.187090e+00  8.885857e+00  2.785839e+01
 7.009570e+10  1.187092e+00  8.918489e+00  2.793419e+01
 7.408657e+10  1.187095e+00  8.951113e+00  2.800988e+01
 7.830465e+10  1.187097e+00  8.983729e+00  2.808546e+01
 8.276289e+10  1.187100e+00  9.016336e+00  2.816094e+01
 8.747496e+10  1.187102e+00  9.048933e+00  2.823631e+01
 9.245531e+10  1.187105e+00  9.081521e+00  2.831157e+01
 9.771921e+10  1.187107e+00  9.114097e+00  2.838673e+01
 1.032828e+11  1.187110e+00  9.146662e+00  2.846178e+01
 1.091632e+11  1.187112e+00  9.179215e+00  2.853673e+01
 1.153783e+11  1.187115e+00  9.211755e+00  2.861157e+01
 1.219473e+11  1.187117e+00  9.244282e+00  2.868631e+01
 1.288904e+11  1.187120e+00  9.276796e+00  2.876094e+01
 1.362287e+11  1.187122e+00  9.309294e+00  2.883547e+01
 1.439848e+11  1.187125e+00  9.341778e+00  2.890990e+01
 1.521825e+11  1.187127e+00  9.374247e+00  2.898423e+01
 1.608469e+11  1.187130e+00  9.406699e+00  2.905845e+01
 1.700047e+11  1.187132e+00  9.439135e+00  2.913257e+01
 1.796838e+11  1.187135e+00  9.471553e+00  2.920660e+01
 1.899141e+11  1.187138e+00  9.503953e+00  2.928052e+01
 2.007267e+11  1.187140e+00  9.536336e+00  2.935434e+01
 2.121550e+11  1.187143e+00  9.568699e+00  2.942806e+01
 2.242340e+11  1.187145e+00  9.601043e+00  2.950168e+01
 2.370006e+11  1.187148e+00  9.633367e+00  2.957520e+01
 2.504942e+11  1.187150e+00  9.665670e+00  2.964862e+01
 2.647559e+11  1.187153e+00  9.697953e+00  2.972194e+01
 2.798297e+11  1.187156e+00  9.730214e+00  2.979517e+01
 2.957617e+11  1.187158e+00  9.762453e+00  2.986829e+01
 3.126007e+11  1.187161e+00  9.794669e+00  2.994132e+01
 3.303985e+11  1.187163e+00  9.826863e+00  3.001426e+01
 3.492096e+11  1.187166e+00  9.859033e+00  3.008709e+01
 3.690917e+11  1.187169e+00  9.891178e+00  3.015983e+01
 3.901058e+11  1.187171e+00  9.923300e+00  3.023247e+01
 4.123163e+11  1.187174e+00  9.955396e+00  3.030502e+01
 4.357913e+11  1.187176e+00  9.987467e+00  3.037747e+01
 4.606029e+11  1.187179e+00  1.001951e+01  3.044983e+01
 4.868271e+11  1.187182e+00  1.005153e+01  3.052209e+01
 5.145444e+11  1.187184e+00  1.008352e+01  3.059426e+01
 5.438397e+11  1.187187e+00  1.011549e+01  3.066633e+01
 5.748030e+11  1.187190e+00  1.014742e+01  3.073831e+01
 6.075292e+11  1.187192e+00  1.017933e+01  3.081020e+01
 6.421186e+11  1.187195e+00  1.021121e+01  3.088199e+01
 6.786773e+11  1.187198e+00  1.024306e+01  3.095369e+01
 7.173175e+11  1.187200e+00  1.027488e+01  3.102530e+01
 7.581576e+11  1.187203e+00  1.030667e+01  3.109682e+01
 8.013230e+11  1.187206e+00  1.033843e+01  3.116824e+01
 8.469460e+11  1.187208e+00  1.037016e+01  3.123958e+01
 8.951665e+11  1.187211e+00  1.040186e+01  3.131082e+01
 9.461324e+11  1.187214e+00  1.043353e+01  3.138197e+01
 1.000000e+12  1.187217e+00  1.046517e+01  3.145303e+01
