#           N         Chain          BCCA          BPCA
 1.000000e+00  4.262246e-01  0.000000e+00  0.000000e+00
 1.056935e+00  6.810522e-02  0.000000e+00  0.000000e+00
 1.117111e+00  2.468086e-01  0.000000e+00  0.000000e+00
 1.180713e+00  5.196173e-01  0.000000e+00  0.000000e+00
 1.247936e+00  7.514595e-01  0.000000e+00  0.000000e+00
 1.318987e+00  9.435044e-01  0.000000e+00  0.000000e+00
 1.394083e+00  1.096945e+00  0.000000e+00  0.000000e+00
 1.473454e+00  1.212991e+00  0.000000e+00  0.000000e+00
 1.557345e+00  1.292862e+00  0.000000e+00  0.000000e+00
 1.646012e+00  1.337785e+00  0.000000e+00  0.000000e+00
 1.739726e+00  1.348984e+00  0.000000e+00  0.000000e+00
 1.838777e+00  1.327682e+00  0.000000e+00  0.000000e+00
 1.943467e+00  1.275090e+00  0.000000e+00  0.000000e+00
 2.054117e+00  1.192407e+00  0.000000e+00  0.000000e+00
 2.171068e+00  1.080818e+00  0.000000e+00  0.000000e+00
 2.294676e+00  9.414886e-01  0.000000e+00  0.000000e+00
 2.425323e+00  7.755626e-01  0.000000e+00  0.000000e+00
 2.563407e+00  7.664313e-01  0.000000e+00  0.000000e+00
 2.709354e+00  9.481761e-01  0.000000e+00  0.000000e+00
 2.863610e+00  1.098911e+00  0.000000e+00  0.000000e+00
 3.026648e+00  1.219529e+00  0.000000e+00  0.000000e+00
 3.198969e+00  1.311020e+00  0.000000e+00  0.000000e+00
 3.381101e+00  1.374466e+00  0.000000e+00  0.000000e+00
 3.573602e+00  1.411027e+00  0.000000e+00  0.000000e+00
 3.777064e+00  1.421936e+00  0.000000e+00  0.000000e+00
 3.992109e+00  1.408484e+00  0.000000e+00  0.000000e+00
 4.219398e+00  1.372010e+00  0.000000e+00  0.000000e+00
 4.459628e+00  1.313889e+00  0.000000e+00  0.000000e+00
 4.713535e+00  1.235517e+00  0.000000e+00  0.000000e+00
 4.981898e+00  1.138306e+00  0.000000e+00  0.000000e+00
 5.265540e+00  1.023667e+00  0.000000e+00  0.000000e+00
 5.565331e+00  8.930033e-01  0.000000e+00  0.000000e+00
 5.882190e+00  7.477004e-01  0.000000e+00  0.000000e+00
 6.217090e+00  5.891173e-01  0.000000e+00  0.000000e+00
 6.571058e+00  4.185792e-01  0.000000e+00  0.000000e+00
 6.945178e+00  2.373711e-01  0.000000e+00  0.000000e+00
 7.340598e+00  4.673217e-02  0.000000e+00  0.000000e+00
 7.758532e+00  1.521486e-01  0.000000e+00  0.000000e+00
 8.200261e+00  3.581362e-01  6.231361e-02  4.320003e-02
 8.667139e+00  5.701520e-01  1.947871e-01  1.303706e-01
 9.160598e+00  7.871760e-01  3.176699e-01  2.041390e-01
 9.682153e+00  1.008248e+00  4.312351e-01  2.643292e-01
 1.023340e+01  1.232468e+00  5.357801e-01  3.107842e-01
 1.081604e+01  1.458995e+00  6.316250e-01  3.433658e-01
 1.143184e+01  1.687050e+00  7.191102e-01  3.619550e-01
 1.208271e+01  1.915909e+00  7.985947e-01  3.664524e-01
 1.277063e+01  2.144909e+00  8.704540e-01  3.567781e-01
 1.349772e+01  2.373439e+00  9.350778e-01  3.328718e-01
 1.426621e+01  2.600942e+00  9.928685e-01  2.946930e-01
 1.507845e+01  2.826914e+00  1.044239e+00  2.422210e-01
 1.593694e+01  3.050898e+00  1.089611e+00  1.754543e-01
 1.684430e+01  3.272484e+00  3.713762e-01  3.995869e-03
 1.780332e+01  3.491304e+00  4.978733e-02  2.782690e-01
 1.881694e+01  3.707035e+00  2.818910e-01  5.554463e-01
 1.988828e+01  3.919391e+00  6.230909e-01  8.356535e-01
 2.102061e+01  4.128121e+00  9.732486e-01  1.118999e+00
 2.221741e+01  4.333009e+00  1.331806e+00  1.405575e+00
 2.348235e+01  4.533872e+00  1.698212e+00  1.695458e+00
 2.481930e+01  4.730554e+00  2.071925e+00  1.988709e+00
 2.623238e+01  4.922927e+00  2.452411e+00  2.285372e+00
 2.772591e+01  5.110887e+00  2.839148e+00  2.585480e+00
 2.930447e+01  5.294353e+00  3.231627e+00  2.889049e+00
 3.097291e+01  5.473267e+00  3.629350e+00  3.196084e+00
 3.273634e+01  5.647586e+00  4.031832e+00  3.506576e+00
 3.460016e+01  5.817287e+00  4.438603e+00  3.820503e+00
 3.657011e+01  5.982363e+00  4.849208e+00  4.137835e+00
 3.865221e+01  6.142818e+00  5.263205e+00  4.458526e+00
 4.085286e+01  6.298673e+00  5.680168e+00  4.782523e+00
 4.317880e+01  6.449957e+00  6.099689e+00  5.109763e+00
 4.563716e+01  6.596710e+00  6.521371e+00  5.440174e+00
 4.823549e+01  6.738981e+00  6.944835e+00  5.773674e+00
 5.098176e+01  6.876828e+00  7.369720e+00  6.110173e+00
 5.388438e+01  7.010315e+00  7.795676e+00  6.449577e+00
 5.695227e+01  7.139510e+00  8.222372e+00  6.791781e+00
 6.019482e+01  7.264490e+00  8.649491e+00  7.136678e+00
 6.362198e+01  7.385335e+00  9.076732e+00  7.484151e+00
 6.724427e+01  7.502126e+00  9.503808e+00  7.834082e+00
 7.107280e+01  7.614952e+00  9.930448e+00  8.186346e+00
 7.511929e+01  7.723900e+00  1.035639e+01  8.540816e+00
 7.939618e+01  7.829062e+00  1.078140e+01  8.897360e+00
 8.391656e+01  7.930530e+00  1.120524e+01  9.255844e+00
 8.869432e+01  8.028397e+00  1.162770e+01  9.616132e+00
 9.374409e+01  8.122758e+00  1.204856e+01  9.978085e+00
 9.908137e+01  8.213706e+00  1.246765e+01  1.034156e+01
 1.047225e+02  8.301338e+00  1.288478e+01  1.070643e+01
 1.106848e+02  8.385746e+00  1.329979e+01  1.107253e+01
 1.169866e+02  8.467024e+00  1.371252e+01  1.143974e+01
 1.236472e+02  8.545266e+00  1.412282e+01  1.180791e+01
 1.306870e+02  8.620563e+00  1.453056e+01  1.217689e+01
 1.381276e+02  8.693007e+00  1.493561e+01  1.254656e+01
 1.459919e+02  8.762687e+00  1.533786e+01  1.291676e+01
 1.543038e+02  8.829691e+00  1.573720e+01  1.328737e+01
 1.630891e+02  8.894106e+00  1.613355e+01  1.365824e+01
 1.723745e+02  8.956017e+00  1.652679e+01  1.402924e+01
 1.821885e+02  9.015508e+00  1.691687e+01  1.440025e+01
 1.925614e+02  9.072660e+00  1.730369e+01  1.477112e+01
 2.035248e+02  9.127554e+00  1.768721e+01  1.514174e+01
 2.151123e+02  9.180267e+00  1.806735e+01  1.551198e+01
 2.273597e+02  9.230876e+00  1.844407e+01  1.588171e+01
 2.403043e+02  9.279455e+00  1.881732e+01  1.625083e+01
 2.539859e+02  9.326076e+00  1.918705e+01  1.661921e+01
 2.684465e+02  9.370810e+00  1.955324e+01  1.698674e+01
 2.837304e+02  9.413725e+00  1.991585e+01  1.735332e+01
 2.998844e+02  9.454888e+00  2.027487e+01  1.771884e+01
 3.169582e+02  9.494363e+00  2.063026e+01  1.808319e+01
 3.350041e+02  9.532214e+00  2.098202e+01  1.844628e+01
 3.540774e+02  9.568501e+00  2.133013e+01  1.880802e+01
 3.742366e+02  9.603283e+00  2.167458e+01  1.916831e+01
 3.955436e+02  9.636617e+00  2.201537e+01  1.952707e+01
 4.180637e+02  9.668559e+00  2.235251e+01  1.988421e+01
 4.418660e+02  9.699162e+00  2.268599e+01  2.023966e+01
 4.670234e+02  9.728479e+00  2.301582e+01  2.059332e+01
 4.936132e+02  9.756559e+00  2.334200e+01  2.094514e+01
 5.217169e+02  9.783450e+00  2.366456e+01  2.129505e+01
 5.514206e+02  9.809200e+00  2.398349e+01  2.164297e+01
 5.828155e+02  9.833853e+00  2.429883e+01  2.198884e+01
 6.159978e+02  9.857454e+00  2.461058e+01  2.233261e+01
 6.510694e+02  9.880043e+00  2.491877e+01  2.267422e+01
 6.881377e+02  9.901663e+00  2.522341e+01  2.301361e+01
 7.273165e+02  9.922352e+00  2.552454e+01  2.335074e+01
 7.687260e+02  9.942147e+00  2.582217e+01  2.368556e+01
 8.124930e+02  9.961086e+00  2.611633e+01  2.401803e+01
 8.587519e+02  9.979203e+00  2.640705e+01  2.434810e+01
 9.076446e+02  9.996531e+00  2.669437e+01  2.467575e+01
 9.593209e+02  1.001310e+01  2.697830e+01  2.500092e+01
 1.013939e+03  1.002895e+01  2.725888e+01  2.532361e+01
 1.071668e+03  1.004411e+01  2.753614e+01  2.564377e+01
 1.132683e+03  1.005859e+01  2.781011e+01  2.596137e+01
 1.197171e+03  1.007245e+01  2.808083e+01  2.627640e+01
 1.265332e+03  1.008569e+01  2.834833e+01  2.658884e+01
 1.337373e+03  1.009834e+01  2.861264e+01  2.689866e+01
 1.413516e+03  1.011043e+01  2.887380e+01  2.720584e+01
 1.493993e+03  1.012199e+01  2.913185e+01  2.751039e+01
 1.579053e+03  1.013304e+01  2.938681e+01  2.781227e+01
 1.668956e+03  1.014359e+01  2.963874e+01  2.811148e+01
 1.763977e+03  1.015367e+01  2.988765e+01  2.840801e+01
 1.864409e+03  1.016330e+01  3.013359e+01  2.870187e+01
 1.970558e+03  1.017249e+01  3.037659e+01  2.899303e+01
 2.082751e+03  1.018128e+01  3.061669e+01  2.928150e+01
 2.201331e+03  1.018967e+01  3.085394e+01  2.956728e+01
 2.326663e+03  1.019768e+01  3.108835e+01  2.985037e+01
 2.459130e+03  1.020533e+01  3.131997e+01  3.013077e+01
 2.599140e+03  1.021264e+01  3.154884e+01  3.040848e+01
 2.747121e+03  1.021961e+01  3.177500e+01  3.068352e+01
 2.903527e+03  1.022627e+01  3.199847e+01  3.095587e+01
 3.068838e+03  1.023262e+01  3.221929e+01  3.122556e+01
 3.243561e+03  1.023869e+01  3.243751e+01  3.149259e+01
 3.428231e+03  1.024448e+01  3.265315e+01  3.175698e+01
 3.623416e+03  1.025000e+01  3.286626e+01  3.201872e+01
 3.829714e+03  1.025528e+01  3.307686e+01  3.227784e+01
 4.047757e+03  1.026031e+01  3.328499e+01  3.253434e+01
 4.278214e+03  1.026511e+01  3.349070e+01  3.278824e+01
 4.521792e+03  1.026969e+01  3.369400e+01  3.303956e+01
 4.779239e+03  1.027406e+01  3.389494e+01  3.328831e+01
 5.051342e+03  1.027823e+01  3.409355e+01  3.353450e+01
 5.338938e+03  1.028221e+01  3.428986e+01  3.377816e+01
 5.642908e+03  1.028600e+01  3.448391e+01  3.401929e+01
 5.964185e+03  1.028962e+01  3.467573e+01  3.425793e+01
 6.303753e+03  1.029307e+01  3.486535e+01  3.449408e+01
 6.662655e+03  1.029636e+01  3.505280e+01  3.472777e+01
 7.041990e+03  1.029950e+01  3.523812e+01  3.495902e+01
 7.442922e+03  1.030249e+01  3.542134e+01  3.518784e+01
 7.866682e+03  1.030535e+01  3.560249e+01  3.541425e+01
 8.314568e+03  1.030807e+01  3.578160e+01  3.563829e+01
 8.787954e+03  1.031066e+01  3.595869e+01  3.585996e+01
 9.288292e+03  1.031313e+01  3.613381e+01  3.607930e+01
 9.817117e+03  1.031549e+01  3.630698e+01  3.629632e+01
 1.037605e+04  1.031774e+01  3.647823e+01  3.651104e+01
 1.096681e+04  1.031988e+01  3.664758e+01  3.672348e+01
 1.159120e+04  1.032192e+01  3.681507e+01  3.693368e+01
 1.225114e+04  1.032387e+01  3.698073e+01  3.714165e+01
 1.294865e+04  1.032572e+01  3.714458e+01  3.734742e+01
 1.368587e+04  1.032749e+01  3.730665e+01  3.755100e+01
 1.446507e+04  1.032918e+01  3.746696e+01  3.775242e+01
 1.528864e+04  1.033078e+01  3.762555e+01  3.795171e+01
 1.615909e+04  1.033231e+01  3.778244e+01  3.814889e+01
 1.707910e+04  1.033377e+01  3.793765e+01  3.834397e+01
 1.805149e+04  1.033516e+01  3.809122e+01  3.853699e+01
 1.907924e+04  1.033648e+01  3.824316e+01  3.872797e+01
 2.016551e+04  1.033774e+01  3.839350e+01  3.891693e+01
 2.131362e+04  1.033894e+01  3.854227e+01  3.910390e+01
 2.252711e+04  1.034009e+01  3.868948e+01  3.928889e+01
 2.380968e+04  1.034118e+01  3.883517e+01  3.947193e+01
 2.516527e+04  1.034221e+01  3.897936e+01  3.965305e+01
 2.659804e+04  1.034320e+01  3.912206e+01  3.983226e+01
 2.811239e+04  1.034414e+01  3.926331e+01  4.000959e+01
 2.971296e+04  1.034504e+01  3.940312e+01  4.018507e+01
 3.140465e+04  1.034590e+01  3.954152e+01  4.035871e+01
 3.319266e+04  1.034671e+01  3.967852e+01  4.053055e+01
 3.508247e+04  1.034749e+01  3.981416e+01  4.070059e+01
 3.707988e+04  1.034822e+01  3.994844e+01  4.086887e+01
 3.919100e+04  1.034893e+01  4.008139e+01  4.103540e+01
 4.142232e+04  1.034960e+01  4.021303e+01  4.120021e+01
 4.378069e+04  1.035023e+01  4.034339e+01  4.136332e+01
 4.627332e+04  1.035084e+01  4.047247e+01  4.152476e+01
 4.890787e+04  1.035142e+01  4.060030e+01  4.168453e+01
 5.169242e+04  1.035197e+01  4.072690e+01  4.184268e+01
 5.463550e+04  1.035249e+01  4.085229e+01  4.199921e+01
 5.774615e+04  1.035299e+01  4.097648e+01  4.215414e+01
 6.103390e+04  1.035346e+01  4.109950e+01  4.230751e+01
 6.450884e+04  1.035392e+01  4.122135e+01  4.245933e+01
 6.818162e+04  1.035435e+01  4.134207e+01  4.260961e+01
 7.206351e+04  1.035476e+01  4.146166e+01  4.275839e+01
 7.616642e+04  1.035515e+01  4.158014e+01  4.290568e+01
 8.050292e+04  1.035552e+01  4.169753e+01  4.305150e+01
 8.508632e+04  1.035587e+01  4.181385e+01  4.319587e+01
 8.993067e+04  1.035621e+01  4.192911e+01  4.333881e+01
 9.505083e+04  1.035653e+01  4.204332e+01  4.348034e+01
 1.004625e+05  1.035683e+01  4.215651e+01  4.362048e+01
 1.061823e+05  1.035712e+01  4.226869e+01  4.375925e+01
 1.122277e+05  1.035740e+01  4.237987e+01  4.389666e+01
 1.186174e+05  1.035766e+01  4.249006e+01  4.403274e+01
 1.253708e+05  1.035791e+01  4.259929e+01  4.416750e+01
 1.325087e+05  1.035815e+01  4.270757e+01  4.430097e+01
 1.400531e+05  1.035838e+01  4.281491e+01  4.443315e+01
 1.480269e+05  1.035859e+01  4.292132e+01  4.456407e+01
 1.564548e+05  1.035880e+01  4.302682e+01  4.469375e+01
 1.653624e+05  1.035899e+01  4.313142e+01  4.482220e+01
 1.747773e+05  1.035918e+01  4.323514e+01  4.494944e+01
 1.847281e+05  1.035936e+01  4.333798e+01  4.507548e+01
 1.952456e+05  1.035953e+01  4.343997e+01  4.520035e+01
 2.063618e+05  1.035969e+01  4.354111e+01  4.532406e+01
 2.181109e+05  1.035984e+01  4.364141e+01  4.544662e+01
 2.305289e+05  1.035998e+01  4.374089e+01  4.556805e+01
 2.436540e+05  1.036012e+01  4.383956e+01  4.568837e+01
 2.575263e+05  1.036026e+01  4.393743e+01  4.580760e+01
 2.721885e+05  1.036038e+01  4.403451e+01  4.592574e+01
 2.876854e+05  1.036050e+01  4.413082e+01  4.604282e+01
 3.040646e+05  1.036061e+01  4.422635e+01  4.615885e+01
 3.213764e+05  1.036072e+01  4.432114e+01  4.627384e+01
 3.396739e+05  1.036082e+01  4.441518e+01  4.638781e+01
 3.590130e+05  1.036092e+01  4.450849e+01  4.650077e+01
 3.794533e+05  1.036102e+01  4.460108e+01  4.661274e+01
 4.010573e+05  1.036111e+01  4.469295e+01  4.672372e+01
 4.238913e+05  1.036119e+01  4.478412e+01  4.683375e+01
 4.480254e+05  1.036127e+01  4.487459e+01  4.694282e+01
 4.735335e+05  1.036135e+01  4.496439e+01  4.705096e+01
 5.004939e+05  1.036142e+01  4.505351e+01  4.715816e+01
 5.289893e+05  1.036149e+01  4.514196e+01  4.726446e+01
 5.591071e+05  1.036156e+01  4.522976e+01  4.736986e+01
 5.909396e+05  1.036162e+01  4.531692e+01  4.747438e+01
 6.245845e+05  1.036168e+01  4.540344e+01  4.757802e+01
 6.601449e+05  1.036174e+01  4.548932e+01  4.768080e+01
 6.977300e+05  1.036179e+01  4.557459e+01  4.778273e+01
 7.374549e+05  1.036184e+01  4.565925e+01  4.788382e+01
 7.794416e+05  1.036189e+01  4.574330e+01  4.798409e+01
 8.238187e+05  1.036194e+01  4.582676e+01  4.808354e+01
 8.707225e+05  1.036199e+01  4.590963e+01  4.818220e+01
 9.202967e+05  1.036203e+01  4.599193e+01  4.828006e+01
 9.726934e+05  1.036207e+01  4.607365e+01  4.837714e+01
 1.028073e+06  1.036211e+01  4.615480e+01  4.847346e+01
 1.086606e+06  1.036215e+01  4.623540e+01  4.856902e+01
 1.148472e+06  1.036218e+01  4.631546e+01  4.866383e+01
 1.213859e+06  1.036222e+01  4.639497e+01  4.875791e+01
 1.282970e+06  1.036225e+01  4.647394e+01  4.885126e+01
 1.356015e+06  1.036228e+01  4.655239e+01  4.894389e+01
 1.433219e+06  1.036231e+01  4.663032e+01  4.903582e+01
 1.514819e+06  1.036234e+01  4.670773e+01  4.912706e+01
 1.601064e+06  1.036236e+01  4.678464e+01  4.921761e+01
 1.692220e+06  1.036239e+01  4.686104e+01  4.930748e+01
 1.788566e+06  1.036241e+01  4.693695e+01  4.939669e+01
 1.890397e+06  1.036244e+01  4.701238e+01  4.948524e+01
 1.998026e+06  1.036246e+01  4.708732e+01  4.957314e+01
 2.111783e+06  1.036248e+01  4.716179e+01  4.966040e+01
 2.232016e+06  1.036250e+01  4.723578e+01  4.974703e+01
 2.359095e+06  1.036252e+01  4.730932e+01  4.983305e+01
 2.493409e+06  1.036254e+01  4.738239e+01  4.991845e+01
 2.635371e+06  1.036256e+01  4.745501e+01  5.000325e+01
 2.785414e+06  1.036257e+01  4.752719e+01  5.008745e+01
 2.944000e+06  1.036259e+01  4.759892e+01  5.017106e+01
 3.111616e+06  1.036261e+01  4.767022e+01  5.025410e+01
 3.288774e+06  1.036262e+01  4.774109e+01  5.033656e+01
 3.476019e+06  1.036264e+01  4.781154e+01  5.041847e+01
 3.673925e+06  1.036265e+01  4.788156e+01  5.049982e+01
 3.883098e+06  1.036266e+01  4.795117e+01  5.058062e+01
 4.104181e+06  1.036268e+01  4.802037e+01  5.066088e+01
 4.337850e+06  1.036269e+01  4.808917e+01  5.074061e+01
 4.584824e+06  1.036270e+01  4.815756e+01  5.081981e+01
 4.845859e+06  1.036271e+01  4.822556e+01  5.089850e+01
 5.121755e+06  1.036272e+01  4.829317e+01  5.097668e+01
 5.413360e+06  1.036273e+01  4.836039e+01  5.105435e+01
 5.721568e+06  1.036274e+01  4.842724e+01  5.113153e+01
 6.047322e+06  1.036275e+01  4.849370e+01  5.120822e+01
 6.391624e+06  1.036276e+01  4.855979e+01  5.128442e+01
 6.755528e+06  1.036277e+01  4.862552e+01  5.136015e+01
 7.140151e+06  1.036278e+01  4.869088e+01  5.143541e+01
 7.546673e+06  1.036279e+01  4.875588e+01  5.151021e+01
 7.976339e+06  1.036280e+01  4.882052e+01  5.158455e+01
 8.430468e+06  1.036280e+01  4.888481e+01  5.165844e+01
 8.910453e+06  1.036281e+01  4.894876e+01  5.173188e+01
 9.417766e+06  1.036282e+01  4.901236e+01  5.180489e+01
 9.953962e+06  1.036283e+01  4.907562e+01  5.187746e+01
 1.052069e+07  1.036283e+01  4.913854e+01  5.194961e+01
 1.111968e+07  1.036284e+01  4.920113e+01  5.202134e+01
 1.175277e+07  1.036285e+01  4.926340e+01  5.209265e+01
 1.242191e+07  1.036285e+01  4.932533e+01  5.216355e+01
 1.312915e+07  1.036286e+01  4.938695e+01  5.223405e+01
 1.387665e+07  1.036287e+01  4.944825e+01  5.230414e+01
 1.466671e+07  1.036287e+01  4.950923e+01  5.237385e+01
 1.550175e+07  1.036288e+01  4.956990e+01  5.244317e+01
 1.638434e+07  1.036288e+01  4.963026e+01  5.251210e+01
 1.731717e+07  1.036289e+01  4.969032e+01  5.258066e+01
 1.830312e+07  1.036289e+01  4.975007e+01  5.264884e+01
 1.934520e+07  1.036290e+01  4.980953e+01  5.271666e+01
 2.044661e+07  1.036290e+01  4.986869e+01  5.278411e+01
 2.161073e+07  1.036291e+01  4.992756e+01  5.285121e+01
 2.284112e+07  1.036291e+01  4.998613e+01  5.291795e+01
 2.414157e+07  1.036292e+01  5.004443e+01  5.298434e+01
 2.551606e+07  1.036292e+01  5.010244e+01  5.305039e+01
 2.696881e+07  1.036293e+01  5.016016e+01  5.311610e+01
 2.850426e+07  1.036293e+01  5.021761e+01  5.318147e+01
 3.012714e+07  1.036294e+01  5.027479e+01  5.324652e+01
 3.184242e+07  1.036294e+01  5.033169e+01  5.331123e+01
 3.365535e+07  1.036294e+01  5.038832e+01  5.337563e+01
 3.557150e+07  1.036295e+01  5.044468e+01  5.343971e+01
 3.759675e+07  1.036295e+01  5.050078e+01  5.350347e+01
 3.973730e+07  1.036296e+01  5.055662e+01  5.356692e+01
 4.199973e+07  1.036296e+01  5.061220e+01  5.363007e+01
 4.439097e+07  1.036297e+01  5.066752e+01  5.369292e+01
 4.691835e+07  1.036297e+01  5.072259e+01  5.375547e+01
 4.958962e+07  1.036297e+01  5.077741e+01  5.381772e+01
 5.241298e+07  1.036298e+01  5.083197e+01  5.387968e+01
 5.539709e+07  1.036298e+01  5.088629e+01  5.394136e+01
 5.855110e+07  1.036298e+01  5.094036e+01  5.400275e+01
 6.188468e+07  1.036299e+01  5.099419e+01  5.406387e+01
 6.540806e+07  1.036299e+01  5.104778e+01  5.412471e+01
 6.913204e+07  1.036300e+01  5.110113e+01  5.418527e+01
 7.306804e+07  1.036300e+01  5.115424e+01  5.424557e+01
 7.722814e+07  1.036300e+01  5.120712e+01  5.430560e+01
 8.162509e+07  1.036301e+01  5.125977e+01  5.436537e+01
 8.627237e+07  1.036301e+01  5.131218e+01  5.442488e+01
 9.118425e+07  1.036301e+01  5.136437e+01  5.448414e+01
 9.637579e+07  1.036302e+01  5.141634e+01  5.454314e+01
 1.018629e+08  1.036302e+01  5.146808e+01  5.460189e+01
 1.076624e+08  1.036302e+01  5.151959e+01  5.466040e+01
 1.137921e+08  1.036303e+01  5.157089e+01  5.471866e+01
 1.202708e+08  1.036303e+01  5.162197e+01  5.477669e+01
 1.271184e+08  1.036303e+01  5.167283e+01  5.483447e+01
 1.343558e+08  1.036304e+01  5.172347e+01  5.489202e+01
 1.420053e+08  1.036304e+01  5.177391e+01  5.494934e+01
 1.500903e+08  1.036305e+01  5.182413e+01  5.500644e+01
 1.586357e+08  1.036305e+01  5.187414e+01  5.506330e+01
 1.676675e+08  1.036305e+01  5.192395e+01  5.511994e+01
 1.772136e+08  1.036306e+01  5.197354e+01  5.517637e+01
 1.873032e+08  1.036306e+01  5.202294e+01  5.523257e+01
 1.979672e+08  1.036306e+01  5.207213e+01  5.528856e+01
 2.092383e+08  1.036307e+01  5.212112e+01  5.534434e+01
 2.211512e+08  1.036307e+01  5.216991e+01  5.539990e+01
 2.337424e+08  1.036307e+01  5.221850e+01  5.545526e+01
 2.470504e+08  1.036308e+01  5.226690e+01  5.551042e+01
 2.611161e+08  1.036308e+01  5.231510e+01  5.556537e+01
 2.759826e+08  1.036308e+01  5.236311e+01  5.562012e+01
 2.916956e+08  1.036309e+01  5.241092e+01  5.567467e+01
 3.083031e+08  1.036309e+01  5.245855e+01  5.572903e+01
 3.258562e+08  1.036309e+01  5.250599e+01  5.578319e+01
 3.444087e+08  1.036310e+01  5.255323e+01  5.583717e+01
 3.640175e+08  1.036310e+01  5.260030e+01  5.589095e+01
 3.847427e+08  1.036310e+01  5.264717e+01  5.594455e+01
 4.066478e+08  1.036311e+01  5.269387e+01  5.599796e+01
 4.298001e+08  1.036311e+01  5.274038e+01  5.605119e+01
 4.542706e+08  1.036311e+01  5.278671e+01  5.610424e+01
 4.801343e+08  1.036312e+01  5.283286e+01  5.615712e+01
 5.074705e+08  1.036312e+01  5.287883e+01  5.620981e+01
 5.363631e+08  1.036312e+01  5.292463e+01  5.626234e+01
 5.669007e+08  1.036313e+01  5.297025e+01  5.631469e+01
 5.991770e+08  1.036313e+01  5.301569e+01  5.636687e+01
 6.332908e+08  1.036313e+01  5.306096e+01  5.641888e+01
 6.693470e+08  1.036314e+01  5.310606e+01  5.647072e+01
 7.074559e+08  1.036314e+01  5.315099e+01  5.652240e+01
 7.477346e+08  1.036314e+01  5.319575e+01  5.657392e+01
 7.903066e+08  1.036315e+01  5.324034e+01  5.662528e+01
 8.353023e+08  1.036315e+01  5.328476e+01  5.667648e+01
 8.828599e+08  1.036315e+01  5.332902e+01  5.672752e+01
 9.331251e+08  1.036316e+01  5.337311e+01  5.677840e+01
 9.862522e+08  1.036316e+01  5.341703e+01  5.682913e+01
 1.042404e+09  1.036316e+01  5.346079e+01  5.687971e+01
 1.101753e+09  1.036317e+01  5.350439e+01  5.693014e+01
 1.164481e+09  1.036317e+01  5.354783e+01  5.698041e+01
 1.230780e+09  1.036317e+01  5.359111e+01  5.703055e+01
 1.300854e+09  1.036318e+01  5.363423e+01  5.708053e+01
 1.374917e+09  1.036318e+01  5.367719e+01  5.713037e+01
 1.453198e+09  1.036318e+01  5.372000e+01  5.718007e+01
 1.535935e+09  1.036319e+01  5.376265e+01  5.722963e+01
 1.623382e+09  1.036319e+01  5.380514e+01  5.727904e+01
 1.715809e+09  1.036319e+01  5.384748e+01  5.732832e+01
 1.813498e+09  1.036320e+01  5.388966e+01  5.737746e+01
 1.916748e+09  1.036320e+01  5.393170e+01  5.742647e+01
 2.025878e+09  1.036320e+01  5.397358e+01  5.747534e+01
 2.141220e+09  1.036321e+01  5.401531e+01  5.752408e+01
 2.263130e+09  1.036321e+01  5.405689e+01  5.757269e+01
 2.391980e+09  1.036321e+01  5.409832e+01  5.762117e+01
 2.528166e+09  1.036322e+01  5.413961e+01  5.766952e+01
 2.672106e+09  1.036322e+01  5.418075e+01  5.771774e+01
 2.824241e+09  1.036323e+01  5.422174e+01  5.776583e+01
 2.985038e+09  1.036323e+01  5.426258e+01  5.781381e+01
 3.154990e+09  1.036323e+01  5.430329e+01  5.786165e+01
 3.334618e+09  1.036324e+01  5.434384e+01  5.790938e+01
 3.524473e+09  1.036324e+01  5.438426e+01  5.795698e+01
 3.725137e+09  1.036324e+01  5.442453e+01  5.800447e+01
 3.937226e+09  1.036325e+01  5.446466e+01  5.805183e+01
 4.161391e+09  1.036325e+01  5.450465e+01  5.809908e+01
 4.398317e+09  1.036325e+01  5.454450e+01  5.814621e+01
 4.648734e+09  1.036326e+01  5.458421e+01  5.819323e+01
 4.913407e+09  1.036326e+01  5.462378e+01  5.824013e+01
 5.193150e+09  1.036326e+01  5.466322e+01  5.828692e+01
 5.488820e+09  1.036327e+01  5.470252e+01  5.833360e+01
 5.801323e+09  1.036327e+01  5.474168e+01  5.838017e+01
 6.131619e+09  1.036328e+01  5.478071e+01  5.842662e+01
 6.480720e+09  1.036328e+01  5.481960e+01  5.847297e+01
 6.849697e+09  1.036328e+01  5.485836e+01  5.851921e+01
 7.239681e+09  1.036329e+01  5.489698e+01  5.856534e+01
 7.651869e+09  1.036329e+01  5.493547e+01  5.861137e+01
 8.087525e+09  1.036329e+01  5.497383e+01  5.865729e+01
 8.547985e+09  1.036330e+01  5.501206e+01  5.870311e+01
 9.034660e+09  1.036330e+01  5.505016e+01  5.874882e+01
 9.549045e+09  1.036330e+01  5.508813e+01  5.879444e+01
 1.009272e+10  1.036331e+01  5.512597e+01  5.883995e+01
 1.066734e+10  1.036331e+01  5.516368e+01  5.888536e+01
 1.127468e+10  1.036332e+01  5.520126e+01  5.893068e+01
 1.191660e+10  1.036332e+01  5.523871e+01  5.897589e+01
 1.259506e+10  1.036332e+01  5.527604e+01  5.902101e+01
 1.331216e+10  1.036333e+01  5.531324e+01  5.906603e+01
 1.407008e+10  1.036333e+01  5.535032e+01  5.911095e+01
 1.487115e+10  1.036333e+01  5.538727e+01  5.915578e+01
 1.571784e+10  1.036334e+01  5.542409e+01  5.920051e+01
 1.661273e+10  1.036334e+01  5.546079e+01  5.924516e+01
 1.755856e+10  1.036335e+01  5.549737e+01  5.928971e+01
 1.855825e+10  1.036335e+01  5.553383e+01  5.933416e+01
 1.961486e+10  1.036335e+01  5.557016e+01  5.937853e+01
 2.073162e+10  1.036336e+01  5.560638e+01  5.942280e+01
 2.191197e+10  1.036336e+01  5.564247e+01  5.946699e+01
 2.315951e+10  1.036336e+01  5.567844e+01  5.951109e+01
 2.447809e+10  1.036337e+01  5.571429e+01  5.955510e+01
 2.587174e+10  1.036337e+01  5.575002e+01  5.959902e+01
 2.734474e+10  1.036338e+01  5.578563e+01  5.964286e+01
 2.890160e+10  1.036338e+01  5.582113e+01  5.968661e+01
 3.054710e+10  1.036338e+01  5.585650e+01  5.973027e+01
 3.228628e+10  1.036339e+01  5.589176e+01  5.977385e+01
 3.412449e+10  1.036339e+01  5.592690e+01  5.981735e+01
 3.606735e+10  1.036340e+01  5.596193e+01  5.986076e+01
 3.812083e+10  1.036340e+01  5.599684e+01  5.990409e+01
 4.029122e+10  1.036340e+01  5.603163e+01  5.994734e+01
 4.258518e+10  1.036341e+01  5.606631e+01  5.999051e+01
 4.500975e+10  1.036341e+01  5.610088e+01  6.003360e+01
 4.757236e+10  1.036342e+01  5.613533e+01  6.007661e+01
 5.028087e+10  1.036342e+01  5.616967e+01  6.011953e+01
 5.314359e+10  1.036342e+01  5.620390e+01  6.016238e+01
 5.616930e+10  1.036343e+01  5.623801e+01  6.020515e+01
 5.936727e+10  1.036343e+01  5.627201e+01  6.024785e+01
 6.274732e+10  1.036343e+01  5.630590e+01  6.029046e+01
 6.631981e+10  1.036344e+01  5.633968e+01  6.033300e+01
 7.009570e+10  1.036344e+01  5.637335e+01  6.037547e+01
 7.408657e+10  1.036345e+01  5.640691e+01  6.041786e+01
 7.830465e+10  1.036345e+01  5.644036e+01  6.046017e+01
 8.276289e+10  1.036345e+01  5.647370e+01  6.050241e+01
 8.747496e+10  1.036346e+01  5.650693e+01  6.054458e+01
 9.245531e+10  1.036346e+01  5.654005e+01  6.058667e+01
 9.771921e+10  1.036347e+01  5.657307e+01  6.062869e+01
 1.032828e+11  1.036347e+01  5.660597e+01  6.067064e+01
 1.091632e+11  1.036347e+01  5.663877e+01  6.071252e+01
 1.153783e+11  1.036348e+01  5.667147e+01  6.075432e+01
 1.219473e+11  1.036348e+01  5.670405e+01  6.079606e+01
 1.288904e+11  1.036349e+01  5.673654e+01  6.083772e+01
 1.362287e+11  1.036349e+01  5.676891e+01  6.087932e+01
 1.439848e+11  1.036350e+01  5.680119e+01  6.092084e+01
 1.521825e+11  1.036350e+01  5.683335e+01  6.096230e+01
 1.608469e+11  1.036350e+01  5.686542e+01  6.100369e+01
 1.700047e+11  1.036351e+01  5.689738e+01  6.104501e+01
 1.796838e+11  1.036351e+01  5.692923e+01  6.108626e+01
 1.899141e+11  1.036352e+01  5.696098e+01  6.112745e+01
 2.007267e+11  1.036352e+01  5.699264e+01  6.116857e+01
 2.121550e+11  1.036352e+01  5.702418e+01  6.120962e+01
 2.242340e+11  1.036353e+01  5.705563e+01  6.125061e+01
 2.370006e+11  1.036353e+01  5.708698e+01  6.129154e+01
 2.504942e+11  1.036354e+01  5.711822e+01  6.133239e+01
 2.647559e+11  1.036354e+01  5.714936e+01  6.137319e+01
 2.798297e+11  1.036354e+01  5.718041e+01  6.141392e+01
 2.957617e+11  1.036355e+01  5.721135e+01  6.145458e+01
 3.126007e+11  1.036355e+01  5.724220e+01  6.149519e+01
 3.303985e+11  1.036356e+01  5.727294e+01  6.153573e+01
 3.492096e+11  1.036356e+01  5.730359e+01  6.157621e+01
 3.690917e+11  1.036357e+01  5.733414e+01  6.161662e+01
 3.901058e+11  1.036357e+01  5.736459e+01  6.165697e+01
 4.123163e+11  1.036357e+01  5.739494e+01  6.169727e+01
 4.357913e+11  1.036358e+01  5.742519e+01  6.173750e+01
 4.606029e+11  1.036358e+01  5.745535e+01  6.177767e+01
 4.868271e+11  1.036359e+01  5.748541e+01  6.181778e+01
 5.145444e+11  1.036359e+01  5.751538e+01  6.185783e+01
 5.438397e+11  1.036360e+01  5.754525e+01  6.189782e+01
 5.748030e+11  1.036360e+01  5.757502e+01  6.193775e+01
 6.075292e+11  1.036360e+01  5.760470e+01  6.197763e+01
 6.421186e+11  1.036361e+01  5.763428e+01  6.201744e+01
 6.786773e+11  1.036361e+01  5.766377e+01  6.205720e+01
 7.173175e+11  1.036362e+01  5.769317e+01  6.209689e+01
 7.581576e+11  1.036362e+01  5.772247e+01  6.213653e+01
 8.013230e+11  1.036363e+01  5.775168e+01  6.217612e+01
 8.469460e+11  1.036363e+01  5.778079e+01  6.221564e+01
 8.951665e+11  1.036363e+01  5.780981e+01  6.225511e+01
 9.461324e+11  1.036364e+01  5.783874e+01  6.229453e+01
 1.000000e+12  1.036364e+01  5.786758e+01  6.233388e+01
