#           N         Chain          BCCA          BPCA
 1.000000e+00  4.262246e-01  0.000000e+00  0.000000e+00
 1.056935e+00  6.810522e-02  0.000000e+00  0.000000e+00
 1.117111e+00  2.468086e-01  0.000000e+00  0.000000e+00
 1.180713e+00  5.196173e-01  0.000000e+00  0.000000e+00
 1.247936e+00  7.514595e-01  0.000000e+00  0.000000e+00
 1.318987e+00  9.435044e-01  0.000000e+00  0.000000e+00
 1.394083e+00  1.096945e+00  0.000000e+00  0.000000e+00
 1.473454e+00  1.212991e+00  0.000000e+00  0.000000e+00
 1.557345e+00  1.292862e+00  0.000000e+00  0.000000e+00
 1.646012e+00  1.337785e+00  0.000000e+00  0.000000e+00
 1.739726e+00  1.348984e+00  0.000000e+00  0.000000e+00
 1.838777e+00  1.327682e+00  0.000000e+00  0.000000e+00
 1.943467e+00  1.275090e+00  0.000000e+00  0.000000e+00
 2.054117e+00  1.192407e+00  0.000000e+00  0.000000e+00
 2.171068e+00  1.080818e+00  0.000000e+00  0.000000e+00
 2.294676e+00  9.414886e-01  0.000000e+00  0.000000e+00
 2.425323e+00  7.755626e-01  0.000000e+00  0.000000e+00
 2.563407e+00  7.389198e-01  0.000000e+00  0.000000e+00
 2.709354e+00  8.610330e-01  0.000000e+00  0.000000e+00
 2.863610e+00  9.549913e-01  0.000000e+00  0.000000e+00
 3.026648e+00  1.023118e+00  0.000000e+00  0.000000e+00
 3.198969e+00  1.067737e+00  0.000000e+00  0.000000e+00
 3.381101e+00  1.091139e+00  0.000000e+00  0.000000e+00
 3.573602e+00  1.095550e+00  0.000000e+00  0.000000e+00
 3.777064e+00  1.083107e+00  0.000000e+00  0.000000e+00
 3.992109e+00  1.055839e+00  0.000000e+00  0.000000e+00
 4.219398e+00  1.015654e+00  0.000000e+00  0.000000e+00
 4.459628e+00  9.643317e-01  0.000000e+00  0.000000e+00
 4.713535e+00  9.035188e-01  0.000000e+00  0.000000e+00
 4.981898e+00  8.347262e-01  0.000000e+00  0.000000e+00
 5.265540e+00  7.593315e-01  0.000000e+00  0.000000e+00
 5.565331e+00  6.785826e-01  0.000000e+00  0.000000e+00
 5.882190e+00  5.936024e-01  0.000000e+00  0.000000e+00
 6.217090e+00  5.053957e-01  0.000000e+00  0.000000e+00
 6.571058e+00  4.148554e-01  0.000000e+00  0.000000e+00
 6.945178e+00  3.227708e-01  0.000000e+00  0.000000e+00
 7.340598e+00  2.298349e-01  0.000000e+00  0.000000e+00
 7.758532e+00  1.366523e-01  0.000000e+00  0.000000e+00
 8.200261e+00  4.374697e-02  9.106144e-02  7.474563e-02
 8.667139e+00  4.843078e-02  2.965352e-01  2.390159e-01
 9.160598e+00  1.394969e-01  5.045117e-01  3.989840e-01
 9.682153e+00  2.291270e-01  7.154460e-01  5.546797e-01
 1.023340e+01  3.170504e-01  9.297738e-01  7.061308e-01
 1.081604e+01  4.030439e-01  1.147912e+00  8.533631e-01
 1.143184e+01  4.869268e-01  1.370257e+00  9.964002e-01
 1.208271e+01  5.685558e-01  1.597190e+00  1.135263e+00
 1.277063e+01  6.478206e-01  1.829069e+00  1.269972e+00
 1.349772e+01  7.246399e-01  2.066236e+00  1.400542e+00
 1.426621e+01  7.989575e-01  2.309017e+00  1.526988e+00
 1.507845e+01  8.707393e-01  2.557718e+00  1.649323e+00
 1.593694e+01  9.399699e-01  2.812630e+00  1.767555e+00
 1.684430e+01  1.006650e+00  2.301417e+00  1.781528e+00
 1.780332e+01  1.070795e+00  2.203893e+00  1.708815e+00
 1.881694e+01  1.132432e+00  2.106035e+00  1.642752e+00
 1.988828e+01  1.191596e+00  2.008044e+00  1.583155e+00
 2.102061e+01  1.248332e+00  1.910110e+00  1.529840e+00
 2.221741e+01  1.302693e+00  1.812403e+00  1.482625e+00
 2.348235e+01  1.354734e+00  1.715079e+00  1.441331e+00
 2.481930e+01  1.404517e+00  1.618282e+00  1.405779e+00
 2.623238e+01  1.452107e+00  1.522140e+00  1.375793e+00
 2.772591e+01  1.497570e+00  1.426771e+00  1.351198e+00
 2.930447e+01  1.540976e+00  1.332279e+00  1.331823e+00
 3.097291e+01  1.582393e+00  1.238758e+00  1.317495e+00
 3.273634e+01  1.621893e+00  1.146294e+00  1.308045e+00
 3.460016e+01  1.659546e+00  1.054961e+00  1.303307e+00
 3.657011e+01  1.695422e+00  9.648237e-01  1.303114e+00
 3.865221e+01  1.729590e+00  8.759411e-01  1.307303e+00
 4.085286e+01  1.762118e+00  7.883631e-01  1.315711e+00
 4.317880e+01  1.793075e+00  7.021328e-01  1.328180e+00
 4.563716e+01  1.822525e+00  6.172870e-01  1.344549e+00
 4.823549e+01  1.850533e+00  5.338564e-01  1.364664e+00
 5.098176e+01  1.877161e+00  4.518664e-01  1.388369e+00
 5.388438e+01  1.902470e+00  3.713370e-01  1.415512e+00
 5.695227e+01  1.926520e+00  2.922840e-01  1.445942e+00
 6.019482e+01  1.949366e+00  2.147186e-01  1.479512e+00
 6.362198e+01  1.971065e+00  1.386482e-01  1.516074e+00
 6.724427e+01  1.991669e+00  6.407694e-02  1.555485e+00
 7.107280e+01  2.011229e+00  8.994669e-03  1.597600e+00
 7.511929e+01  2.029795e+00  8.056882e-02  1.642281e+00
 7.939618e+01  2.047414e+00  1.506504e-01  1.689390e+00
 8.391656e+01  2.064131e+00  2.192467e-01  1.738788e+00
 8.869432e+01  2.079991e+00  2.863673e-01  1.790344e+00
 9.374409e+01  2.095034e+00  3.520234e-01  1.843925e+00
 9.908137e+01  2.109302e+00  4.162284e-01  1.899402e+00
 1.047225e+02  2.122831e+00  4.789969e-01  1.956646e+00
 1.106848e+02  2.135658e+00  5.403450e-01  2.015534e+00
 1.169866e+02  2.147819e+00  6.002900e-01  2.075941e+00
 1.236472e+02  2.159347e+00  6.588505e-01  2.137748e+00
 1.306870e+02  2.170274e+00  7.160457e-01  2.200836e+00
 1.381276e+02  2.180629e+00  7.718958e-01  2.265088e+00
 1.459919e+02  2.190443e+00  8.264218e-01  2.330391e+00
 1.543038e+02  2.199742e+00  8.796451e-01  2.396634e+00
 1.630891e+02  2.208552e+00  9.315878e-01  2.463707e+00
 1.723745e+02  2.216900e+00  9.822723e-01  2.531503e+00
 1.821885e+02  2.224807e+00  1.031721e+00  2.599917e+00
 1.925614e+02  2.232298e+00  1.079958e+00  2.668848e+00
 2.035248e+02  2.239393e+00  1.127005e+00  2.738196e+00
 2.151123e+02  2.246114e+00  1.172887e+00  2.807862e+00
 2.273597e+02  2.252479e+00  1.217627e+00  2.877752e+00
 2.403043e+02  2.258506e+00  1.261247e+00  2.947773e+00
 2.539859e+02  2.264215e+00  1.303773e+00  3.017835e+00
 2.684465e+02  2.269620e+00  1.345227e+00  3.087848e+00
 2.837304e+02  2.274739e+00  1.385632e+00  3.157728e+00
 2.998844e+02  2.279585e+00  1.425012e+00  3.227391e+00
 3.169582e+02  2.284174e+00  1.463390e+00  3.296756e+00
 3.350041e+02  2.288519e+00  1.500789e+00  3.365743e+00
 3.540774e+02  2.292632e+00  1.537232e+00  3.434277e+00
 3.742366e+02  2.296526e+00  1.572741e+00  3.502283e+00
 3.955436e+02  2.300213e+00  1.607339e+00  3.569689e+00
 4.180637e+02  2.303703e+00  1.641047e+00  3.636426e+00
 4.418660e+02  2.307006e+00  1.673888e+00  3.702426e+00
 4.670234e+02  2.310134e+00  1.705883e+00  3.767623e+00
 4.936132e+02  2.313094e+00  1.737053e+00  3.831956e+00
 5.217169e+02  2.315896e+00  1.767419e+00  3.895364e+00
 5.514206e+02  2.318548e+00  1.797002e+00  3.957787e+00
 5.828155e+02  2.321059e+00  1.825822e+00  4.019171e+00
 6.159978e+02  2.323435e+00  1.853900e+00  4.079459e+00
 6.510694e+02  2.325684e+00  1.881254e+00  4.138602e+00
 6.881377e+02  2.327812e+00  1.907905e+00  4.196548e+00
 7.273165e+02  2.329827e+00  1.933871e+00  4.253250e+00
 7.687260e+02  2.331734e+00  1.959171e+00  4.308663e+00
 8.124930e+02  2.333538e+00  1.983824e+00  4.362742e+00
 8.587519e+02  2.335246e+00  2.007848e+00  4.415447e+00
 9.076446e+02  2.336862e+00  2.031260e+00  4.466736e+00
 9.593209e+02  2.338392e+00  2.054079e+00  4.516574e+00
 1.013939e+03  2.339839e+00  2.076321e+00  4.564924e+00
 1.071668e+03  2.341209e+00  2.098003e+00  4.611752e+00
 1.132683e+03  2.342506e+00  2.119141e+00  4.657026e+00
 1.197171e+03  2.343733e+00  2.139753e+00  4.700716e+00
 1.265332e+03  2.344894e+00  2.159853e+00  4.742795e+00
 1.337373e+03  2.345992e+00  2.179458e+00  4.783234e+00
 1.413516e+03  2.347032e+00  2.198583e+00  4.822011e+00
 1.493993e+03  2.348016e+00  2.217243e+00  4.859101e+00
 1.579053e+03  2.348947e+00  2.235452e+00  4.894483e+00
 1.668956e+03  2.349828e+00  2.253225e+00  4.928139e+00
 1.763977e+03  2.350662e+00  2.270577e+00  4.960048e+00
 1.864409e+03  2.351451e+00  2.287520e+00  4.990196e+00
 1.970558e+03  2.352198e+00  2.304070e+00  5.018567e+00
 2.082751e+03  2.352905e+00  2.320238e+00  5.045147e+00
 2.201331e+03  2.353573e+00  2.336039e+00  5.069925e+00
 2.326663e+03  2.354206e+00  2.351485e+00  5.092890e+00
 2.459130e+03  2.354805e+00  2.366588e+00  5.114034e+00
 2.599140e+03  2.355371e+00  2.381361e+00  5.133347e+00
 2.747121e+03  2.355908e+00  2.395816e+00  5.150825e+00
 2.903527e+03  2.356415e+00  2.409965e+00  5.166461e+00
 3.068838e+03  2.356895e+00  2.423819e+00  5.180252e+00
 3.243561e+03  2.357350e+00  2.437390e+00  5.192196e+00
 3.428231e+03  2.357780e+00  2.450689e+00  5.202290e+00
 3.623416e+03  2.358187e+00  2.463726e+00  5.210535e+00
 3.829714e+03  2.358572e+00  2.476513e+00  5.216931e+00
 4.047757e+03  2.358936e+00  2.489059e+00  5.221480e+00
 4.278214e+03  2.359281e+00  2.501376e+00  5.224186e+00
 4.521792e+03  2.359607e+00  2.513472e+00  5.225052e+00
 4.779239e+03  2.359916e+00  2.525358e+00  5.224082e+00
 5.051342e+03  2.360208e+00  2.537044e+00  5.221284e+00
 5.338938e+03  2.360485e+00  2.548538e+00  5.216664e+00
 5.642908e+03  2.360747e+00  2.559850e+00  5.210229e+00
 5.964185e+03  2.360994e+00  2.570989e+00  5.201988e+00
 6.303753e+03  2.361229e+00  2.581964e+00  5.191950e+00
 6.662655e+03  2.361451e+00  2.592783e+00  5.180125e+00
 7.041990e+03  2.361661e+00  2.603455e+00  5.166525e+00
 7.442922e+03  2.361859e+00  2.613988e+00  5.151161e+00
 7.866682e+03  2.362047e+00  2.624391e+00  5.134044e+00
 8.314568e+03  2.362225e+00  2.634670e+00  5.115188e+00
 8.787954e+03  2.362394e+00  2.644834e+00  5.094607e+00
 9.288292e+03  2.362553e+00  2.654891e+00  5.072314e+00
 9.817117e+03  2.362704e+00  2.664848e+00  5.048324e+00
 1.037605e+04  2.362847e+00  2.674711e+00  5.022652e+00
 1.096681e+04  2.362983e+00  2.684489e+00  4.995315e+00
 1.159120e+04  2.363111e+00  2.694188e+00  4.966327e+00
 1.225114e+04  2.363232e+00  2.703815e+00  4.935706e+00
 1.294865e+04  2.363347e+00  2.713377e+00  4.903469e+00
 1.368587e+04  2.363455e+00  2.722880e+00  4.869633e+00
 1.446507e+04  2.363558e+00  2.732330e+00  4.834216e+00
 1.528864e+04  2.363655e+00  2.741734e+00  4.797236e+00
 1.615909e+04  2.363748e+00  2.751097e+00  4.758712e+00
 1.707910e+04  2.363835e+00  2.760426e+00  4.718662e+00
 1.805149e+04  2.363917e+00  2.769727e+00  4.677106e+00
 1.907924e+04  2.363996e+00  2.779005e+00  4.634062e+00
 2.016551e+04  2.364070e+00  2.788266e+00  4.589551e+00
 2.131362e+04  2.364140e+00  2.797514e+00  4.543591e+00
 2.252711e+04  2.364206e+00  2.806757e+00  4.496204e+00
 2.380968e+04  2.364269e+00  2.815997e+00  4.447408e+00
 2.516527e+04  2.364329e+00  2.825242e+00  4.397225e+00
 2.659804e+04  2.364385e+00  2.834495e+00  4.345674e+00
 2.811239e+04  2.364439e+00  2.843761e+00  4.292777e+00
 2.971296e+04  2.364490e+00  2.853046e+00  4.238553e+00
 3.140465e+04  2.364538e+00  2.862353e+00  4.183024e+00
 3.319266e+04  2.364583e+00  2.871688e+00  4.126210e+00
 3.508247e+04  2.364626e+00  2.881054e+00  4.068132e+00
 3.707988e+04  2.364667e+00  2.890456e+00  4.008811e+00
 3.919100e+04  2.364706e+00  2.899898e+00  3.948268e+00
 4.142232e+04  2.364742e+00  2.909384e+00  3.886523e+00
 4.378069e+04  2.364777e+00  2.918918e+00  3.823598e+00
 4.627332e+04  2.364810e+00  2.928504e+00  3.759512e+00
 4.890787e+04  2.364841e+00  2.938146e+00  3.694288e+00
 5.169242e+04  2.364871e+00  2.947847e+00  3.627945e+00
 5.463550e+04  2.364899e+00  2.957611e+00  3.560505e+00
 5.774615e+04  2.364926e+00  2.967442e+00  3.491988e+00
 6.103390e+04  2.364951e+00  2.977342e+00  3.422414e+00
 6.450884e+04  2.364975e+00  2.987316e+00  3.351804e+00
 6.818162e+04  2.364998e+00  2.997366e+00  3.280179e+00
 7.206351e+04  2.365020e+00  3.007495e+00  3.207558e+00
 7.616642e+04  2.365040e+00  3.017707e+00  3.133961e+00
 8.050292e+04  2.365060e+00  3.028004e+00  3.059409e+00
 8.508632e+04  2.365078e+00  3.038390e+00  2.983922e+00
 8.993067e+04  2.365096e+00  3.048867e+00  2.907519e+00
 9.505083e+04  2.365113e+00  3.059437e+00  2.830219e+00
 1.004625e+05  2.365128e+00  3.070105e+00  2.752042e+00
 1.061823e+05  2.365144e+00  3.080871e+00  2.673007e+00
 1.122277e+05  2.365158e+00  3.091739e+00  2.593134e+00
 1.186174e+05  2.365172e+00  3.102711e+00  2.512441e+00
 1.253708e+05  2.365185e+00  3.113789e+00  2.430947e+00
 1.325087e+05  2.365197e+00  3.124976e+00  2.348670e+00
 1.400531e+05  2.365209e+00  3.136274e+00  2.265630e+00
 1.480269e+05  2.365220e+00  3.147685e+00  2.181843e+00
 1.564548e+05  2.365231e+00  3.159210e+00  2.097327e+00
 1.653624e+05  2.365241e+00  3.170853e+00  2.012102e+00
 1.747773e+05  2.365251e+00  3.182615e+00  1.926183e+00
 1.847281e+05  2.365260e+00  3.194497e+00  1.839589e+00
 1.952456e+05  2.365269e+00  3.206502e+00  1.752337e+00
 2.063618e+05  2.365277e+00  3.218632e+00  1.664443e+00
 2.181109e+05  2.365285e+00  3.230887e+00  1.575924e+00
 2.305289e+05  2.365293e+00  3.243270e+00  1.486797e+00
 2.436540e+05  2.365300e+00  3.255783e+00  1.397078e+00
 2.575263e+05  2.365307e+00  3.268425e+00  1.306783e+00
 2.721885e+05  2.365314e+00  3.281201e+00  1.215928e+00
 2.876854e+05  2.365320e+00  3.294109e+00  1.124528e+00
 3.040646e+05  2.365327e+00  3.307153e+00  1.032598e+00
 3.213764e+05  2.365333e+00  3.320332e+00  9.401550e-01
 3.396739e+05  2.365338e+00  3.333649e+00  8.472125e-01
 3.590130e+05  2.365344e+00  3.347105e+00  7.537855e-01
 3.794533e+05  2.365349e+00  3.360700e+00  6.598886e-01
 4.010573e+05  2.365354e+00  3.374436e+00  5.655360e-01
 4.238913e+05  2.365359e+00  3.388313e+00  4.707417e-01
 4.480254e+05  2.365364e+00  3.402333e+00  3.755194e-01
 4.735335e+05  2.365368e+00  3.416497e+00  2.798829e-01
 5.004939e+05  2.365372e+00  3.430805e+00  1.838455e-01
 5.289893e+05  2.365377e+00  3.445259e+00  8.742022e-02
 5.591071e+05  2.365381e+00  3.459858e+00  9.379932e-03
 5.909396e+05  2.365384e+00  3.474605e+00  1.065423e-01
 6.245845e+05  2.365388e+00  3.489498e+00  2.040543e-01
 6.601449e+05  2.365392e+00  3.504540e+00  3.019039e-01
 6.977300e+05  2.365395e+00  3.519731e+00  4.000788e-01
 7.374549e+05  2.365399e+00  3.535071e+00  4.985674e-01
 7.794416e+05  2.365402e+00  3.550561e+00  5.973579e-01
 8.238187e+05  2.365405e+00  3.566201e+00  6.964390e-01
 8.707225e+05  2.365409e+00  3.581992e+00  7.957995e-01
 9.202967e+05  2.365412e+00  3.597934e+00  8.954285e-01
 9.726934e+05  2.365415e+00  3.614027e+00  9.953151e-01
 1.028073e+06  2.365417e+00  3.630272e+00  1.095449e+00
 1.086606e+06  2.365420e+00  3.646670e+00  1.195819e+00
 1.148472e+06  2.365423e+00  3.663219e+00  1.296416e+00
 1.213859e+06  2.365426e+00  3.679922e+00  1.397230e+00
 1.282970e+06  2.365428e+00  3.696776e+00  1.498250e+00
 1.356015e+06  2.365431e+00  3.713784e+00  1.599468e+00
 1.433219e+06  2.365433e+00  3.730945e+00  1.700873e+00
 1.514819e+06  2.365436e+00  3.748259e+00  1.802458e+00
 1.601064e+06  2.365438e+00  3.765726e+00  1.904212e+00
 1.692220e+06  2.365441e+00  3.783347e+00  2.006127e+00
 1.788566e+06  2.365443e+00  3.801120e+00  2.108194e+00
 1.890397e+06  2.365445e+00  3.819046e+00  2.210405e+00
 1.998026e+06  2.365448e+00  3.837126e+00  2.312752e+00
 2.111783e+06  2.365450e+00  3.855358e+00  2.415226e+00
 2.232016e+06  2.365452e+00  3.873744e+00  2.517820e+00
 2.359095e+06  2.365454e+00  3.892281e+00  2.620526e+00
 2.493409e+06  2.365456e+00  3.910972e+00  2.723336e+00
 2.635371e+06  2.365459e+00  3.929814e+00  2.826243e+00
 2.785414e+06  2.365461e+00  3.948809e+00  2.929239e+00
 2.944000e+06  2.365463e+00  3.967955e+00  3.032319e+00
 3.111616e+06  2.365465e+00  3.987253e+00  3.135474e+00
 3.288774e+06  2.365467e+00  4.006701e+00  3.238698e+00
 3.476019e+06  2.365469e+00  4.026301e+00  3.341984e+00
 3.673925e+06  2.365471e+00  4.046051e+00  3.445326e+00
 3.883098e+06  2.365473e+00  4.065951e+00  3.548718e+00
 4.104181e+06  2.365475e+00  4.086001e+00  3.652154e+00
 4.337850e+06  2.365477e+00  4.106199e+00  3.755626e+00
 4.584824e+06  2.365479e+00  4.126547e+00  3.859131e+00
 4.845859e+06  2.365480e+00  4.147043e+00  3.962662e+00
 5.121755e+06  2.365482e+00  4.167686e+00  4.066213e+00
 5.413360e+06  2.365484e+00  4.188477e+00  4.169779e+00
 5.721568e+06  2.365486e+00  4.209415e+00  4.273354e+00
 6.047322e+06  2.365488e+00  4.230499e+00  4.376934e+00
 6.391624e+06  2.365490e+00  4.251728e+00  4.480514e+00
 6.755528e+06  2.365492e+00  4.273102e+00  4.584088e+00
 7.140151e+06  2.365494e+00  4.294621e+00  4.687652e+00
 7.546673e+06  2.365495e+00  4.316284e+00  4.791201e+00
 7.976339e+06  2.365497e+00  4.338090e+00  4.894731e+00
 8.430468e+06  2.365499e+00  4.360038e+00  4.998237e+00
 8.910453e+06  2.365501e+00  4.382128e+00  5.101715e+00
 9.417766e+06  2.365503e+00  4.404359e+00  5.205161e+00
 9.953962e+06  2.365505e+00  4.426731e+00  5.308570e+00
 1.052069e+07  2.365506e+00  4.449242e+00  5.411939e+00
 1.111968e+07  2.365508e+00  4.471892e+00  5.515263e+00
 1.175277e+07  2.365510e+00  4.494681e+00  5.618540e+00
 1.242191e+07  2.365512e+00  4.517607e+00  5.721765e+00
 1.312915e+07  2.365514e+00  4.540670e+00  5.824936e+00
 1.387665e+07  2.365516e+00  4.563868e+00  5.928047e+00
 1.466671e+07  2.365517e+00  4.587202e+00  6.031097e+00
 1.550175e+07  2.365519e+00  4.610670e+00  6.134081e+00
 1.638434e+07  2.365521e+00  4.634271e+00  6.236998e+00
 1.731717e+07  2.365523e+00  4.658005e+00  6.339843e+00
 1.830312e+07  2.365525e+00  4.681871e+00  6.442613e+00
 1.934520e+07  2.365527e+00  4.705867e+00  6.545307e+00
 2.044661e+07  2.365528e+00  4.729994e+00  6.647920e+00
 2.161073e+07  2.365530e+00  4.754250e+00  6.750451e+00
 2.284112e+07  2.365532e+00  4.778634e+00  6.852896e+00
 2.414157e+07  2.365534e+00  4.803146e+00  6.955254e+00
 2.551606e+07  2.365536e+00  4.827784e+00  7.057521e+00
 2.696881e+07  2.365538e+00  4.852547e+00  7.159695e+00
 2.850426e+07  2.365539e+00  4.877435e+00  7.261775e+00
 3.012714e+07  2.365541e+00  4.902447e+00  7.363757e+00
 3.184242e+07  2.365543e+00  4.927582e+00  7.465640e+00
 3.365535e+07  2.365545e+00  4.952838e+00  7.567421e+00
 3.557150e+07  2.365547e+00  4.978215e+00  7.669098e+00
 3.759675e+07  2.365549e+00  5.003712e+00  7.770670e+00
 3.973730e+07  2.365551e+00  5.029328e+00  7.872135e+00
 4.199973e+07  2.365552e+00  5.055062e+00  7.973490e+00
 4.439097e+07  2.365554e+00  5.080913e+00  8.074735e+00
 4.691835e+07  2.365556e+00  5.106880e+00  8.175867e+00
 4.958962e+07  2.365558e+00  5.132962e+00  8.276884e+00
 5.241298e+07  2.365560e+00  5.159158e+00  8.377786e+00
 5.539709e+07  2.365562e+00  5.185466e+00  8.478570e+00
 5.855110e+07  2.365564e+00  5.211887e+00  8.579235e+00
 6.188468e+07  2.365566e+00  5.238419e+00  8.679780e+00
 6.540806e+07  2.365567e+00  5.265060e+00  8.780204e+00
 6.913204e+07  2.365569e+00  5.291811e+00  8.880504e+00
 7.306804e+07  2.365571e+00  5.318669e+00  8.980681e+00
 7.722814e+07  2.365573e+00  5.345634e+00  9.080732e+00
 8.162509e+07  2.365575e+00  5.372705e+00  9.180656e+00
 8.627237e+07  2.365577e+00  5.399880e+00  9.280453e+00
 9.118425e+07  2.365579e+00  5.427160e+00  9.380121e+00
 9.637579e+07  2.365581e+00  5.454541e+00  9.479660e+00
 1.018629e+08  2.365583e+00  5.482025e+00  9.579068e+00
 1.076624e+08  2.365585e+00  5.509609e+00  9.678344e+00
 1.137921e+08  2.365587e+00  5.537293e+00  9.777488e+00
 1.202708e+08  2.365589e+00  5.565075e+00  9.876499e+00
 1.271184e+08  2.365590e+00  5.592954e+00  9.975375e+00
 1.343558e+08  2.365592e+00  5.620930e+00  1.007412e+01
 1.420053e+08  2.365594e+00  5.649001e+00  1.017272e+01
 1.500903e+08  2.365596e+00  5.677166e+00  1.027119e+01
 1.586357e+08  2.365598e+00  5.705424e+00  1.036953e+01
 1.676675e+08  2.365600e+00  5.733774e+00  1.046772e+01
 1.772136e+08  2.365602e+00  5.762216e+00  1.056578e+01
 1.873032e+08  2.365604e+00  5.790747e+00  1.066370e+01
 1.979672e+08  2.365606e+00  5.819367e+00  1.076148e+01
 2.092383e+08  2.365608e+00  5.848075e+00  1.085912e+01
 2.211512e+08  2.365610e+00  5.876870e+00  1.095662e+01
 2.337424e+08  2.365612e+00  5.905750e+00  1.105398e+01
 2.470504e+08  2.365614e+00  5.934715e+00  1.115120e+01
 2.611161e+08  2.365616e+00  5.963764e+00  1.124828e+01
 2.759826e+08  2.365618e+00  5.992895e+00  1.134521e+01
 2.916956e+08  2.365620e+00  6.022107e+00  1.144201e+01
 3.083031e+08  2.365622e+00  6.051400e+00  1.153866e+01
 3.258562e+08  2.365624e+00  6.080772e+00  1.163517e+01
 3.444087e+08  2.365626e+00  6.110222e+00  1.173154e+01
 3.640175e+08  2.365628e+00  6.139749e+00  1.182777e+01
 3.847427e+08  2.365630e+00  6.169353e+00  1.192385e+01
 4.066478e+08  2.365632e+00  6.199031e+00  1.201979e+01
 4.298001e+08  2.365635e+00  6.228784e+00  1.211558e+01
 4.542706e+08  2.365637e+00  6.258609e+00  1.221124e+01
 4.801343e+08  2.365639e+00  6.288506e+00  1.230674e+01
 5.074705e+08  2.365641e+00  6.318474e+00  1.240211e+01
 5.363631e+08  2.365643e+00  6.348512e+00  1.249733e+01
 5.669007e+08  2.365645e+00  6.378618e+00  1.259241e+01
 5.991770e+08  2.365647e+00  6.408792e+00  1.268735e+01
 6.332908e+08  2.365649e+00  6.439033e+00  1.278214e+01
 6.693470e+08  2.365651e+00  6.469339e+00  1.287678e+01
 7.074559e+08  2.365653e+00  6.499710e+00  1.297129e+01
 7.477346e+08  2.365655e+00  6.530144e+00  1.306565e+01
 7.903066e+08  2.365658e+00  6.560640e+00  1.315987e+01
 8.353023e+08  2.365660e+00  6.591198e+00  1.325394e+01
 8.828599e+08  2.365662e+00  6.621817e+00  1.334787e+01
 9.331251e+08  2.365664e+00  6.652495e+00  1.344166e+01
 9.862522e+08  2.365666e+00  6.683231e+00  1.353530e+01
 1.042404e+09  2.365668e+00  6.714024e+00  1.362881e+01
 1.101753e+09  2.365670e+00  6.744874e+00  1.372217e+01
 1.164481e+09  2.365673e+00  6.775779e+00  1.381538e+01
 1.230780e+09  2.365675e+00  6.806739e+00  1.390846e+01
 1.300854e+09  2.365677e+00  6.837751e+00  1.400139e+01
 1.374917e+09  2.365679e+00  6.868816e+00  1.409418e+01
 1.453198e+09  2.365681e+00  6.899932e+00  1.418683e+01
 1.535935e+09  2.365683e+00  6.931099e+00  1.427933e+01
 1.623382e+09  2.365686e+00  6.962315e+00  1.437170e+01
 1.715809e+09  2.365688e+00  6.993579e+00  1.446392e+01
 1.813498e+09  2.365690e+00  7.024890e+00  1.455601e+01
 1.916748e+09  2.365692e+00  7.056248e+00  1.464795e+01
 2.025878e+09  2.365694e+00  7.087651e+00  1.473975e+01
 2.141220e+09  2.365697e+00  7.119099e+00  1.483142e+01
 2.263130e+09  2.365699e+00  7.150590e+00  1.492294e+01
 2.391980e+09  2.365701e+00  7.182123e+00  1.501432e+01
 2.528166e+09  2.365703e+00  7.213698e+00  1.510557e+01
 2.672106e+09  2.365705e+00  7.245314e+00  1.519667e+01
 2.824241e+09  2.365708e+00  7.276969e+00  1.528764e+01
 2.985038e+09  2.365710e+00  7.308663e+00  1.537847e+01
 3.154990e+09  2.365712e+00  7.340394e+00  1.546916e+01
 3.334618e+09  2.365714e+00  7.372162e+00  1.555972e+01
 3.524473e+09  2.365717e+00  7.403966e+00  1.565013e+01
 3.725137e+09  2.365719e+00  7.435806e+00  1.574041e+01
 3.937226e+09  2.365721e+00  7.467679e+00  1.583056e+01
 4.161391e+09  2.365724e+00  7.499585e+00  1.592056e+01
 4.398317e+09  2.365726e+00  7.531523e+00  1.601043e+01
 4.648734e+09  2.365728e+00  7.563493e+00  1.610017e+01
 4.913407e+09  2.365730e+00  7.595493e+00  1.618977e+01
 5.193150e+09  2.365733e+00  7.627523e+00  1.627924e+01
 5.488820e+09  2.365735e+00  7.659581e+00  1.636857e+01
 5.801323e+09  2.365737e+00  7.691666e+00  1.645777e+01
 6.131619e+09  2.365740e+00  7.723779e+00  1.654683e+01
 6.480720e+09  2.365742e+00  7.755918e+00  1.663576e+01
 6.849697e+09  2.365744e+00  7.788081e+00  1.672456e+01
 7.239681e+09  2.365747e+00  7.820269e+00  1.681323e+01
 7.651869e+09  2.365749e+00  7.852480e+00  1.690176e+01
 8.087525e+09  2.365751e+00  7.884714e+00  1.699016e+01
 8.547985e+09  2.365754e+00  7.916969e+00  1.707843e+01
 9.034660e+09  2.365756e+00  7.949245e+00  1.716657e+01
 9.549045e+09  2.365758e+00  7.981541e+00  1.725458e+01
 1.009272e+10  2.365761e+00  8.013856e+00  1.734246e+01
 1.066734e+10  2.365763e+00  8.046190e+00  1.743021e+01
 1.127468e+10  2.365765e+00  8.078540e+00  1.751783e+01
 1.191660e+10  2.365768e+00  8.110908e+00  1.760533e+01
 1.259506e+10  2.365770e+00  8.143291e+00  1.769269e+01
 1.331216e+10  2.365773e+00  8.175689e+00  1.777993e+01
 1.407008e+10  2.365775e+00  8.208102e+00  1.786704e+01
 1.487115e+10  2.365777e+00  8.240527e+00  1.795402e+01
 1.571784e+10  2.365780e+00  8.272966e+00  1.804087e+01
 1.661273e+10  2.365782e+00  8.305416e+00  1.812760e+01
 1.755856e+10  2.365785e+00  8.337877e+00  1.821420e+01
 1.855825e+10  2.365787e+00  8.370349e+00  1.830068e+01
 1.961486e+10  2.365790e+00  8.402830e+00  1.838703e+01
 2.073162e+10  2.365792e+00  8.435320e+00  1.847326e+01
 2.191197e+10  2.365794e+00  8.467817e+00  1.855936e+01
 2.315951e+10  2.365797e+00  8.500322e+00  1.864534e+01
 2.447809e+10  2.365799e+00  8.532834e+00  1.873120e+01
 2.587174e+10  2.365802e+00  8.565351e+00  1.881693e+01
 2.734474e+10  2.365804e+00  8.597873e+00  1.890254e+01
 2.890160e+10  2.365807e+00  8.630399e+00  1.898803e+01
 3.054710e+10  2.365809e+00  8.662929e+00  1.907339e+01
 3.228628e+10  2.365812e+00  8.695461e+00  1.915864e+01
 3.412449e+10  2.365814e+00  8.727996e+00  1.924376e+01
 3.606735e+10  2.365817e+00  8.760532e+00  1.932877e+01
 3.812083e+10  2.365819e+00  8.793069e+00  1.941365e+01
 4.029122e+10  2.365822e+00  8.825605e+00  1.949842e+01
 4.258518e+10  2.365824e+00  8.858141e+00  1.958306e+01
 4.500975e+10  2.365827e+00  8.890675e+00  1.966759e+01
 4.757236e+10  2.365829e+00  8.923207e+00  1.975199e+01
 5.028087e+10  2.365832e+00  8.955737e+00  1.983628e+01
 5.314359e+10  2.365834e+00  8.988263e+00  1.992045e+01
 5.616930e+10  2.365837e+00  9.020785e+00  2.000451e+01
 5.936727e+10  2.365839e+00  9.053302e+00  2.008845e+01
 6.274732e+10  2.365842e+00  9.085813e+00  2.017227e+01
 6.631981e+10  2.365844e+00  9.118318e+00  2.025597e+01
 7.009570e+10  2.365847e+00  9.150817e+00  2.033956e+01
 7.408657e+10  2.365850e+00  9.183308e+00  2.042304e+01
 7.830465e+10  2.365852e+00  9.215791e+00  2.050640e+01
 8.276289e+10  2.365855e+00  9.248266e+00  2.058964e+01
 8.747496e+10  2.365857e+00  9.280731e+00  2.067278e+01
 9.245531e+10  2.365860e+00  9.313186e+00  2.075579e+01
 9.771921e+10  2.365862e+00  9.345631e+00  2.083870e+01
 1.032828e+11  2.365865e+00  9.378064e+00  2.092149e+01
 1.091632e+11  2.365868e+00  9.410486e+00  2.100417e+01
 1.153783e+11  2.365870e+00  9.442896e+00  2.108674e+01
 1.219473e+11  2.365873e+00  9.475292e+00  2.116919e+01
 1.288904e+11  2.365875e+00  9.507675e+00  2.125154e+01
 1.362287e+11  2.365878e+00  9.540044e+00  2.133377e+01
 1.439848e+11  2.365881e+00  9.572398e+00  2.141589e+01
 1.521825e+11  2.365883e+00  9.604737e+00  2.149791e+01
 1.608469e+11  2.365886e+00  9.637060e+00  2.157981e+01
 1.700047e+11  2.365889e+00  9.669367e+00  2.166160e+01
 1.796838e+11  2.365891e+00  9.701656e+00  2.174329e+01
 1.899141e+11  2.365894e+00  9.733928e+00  2.182486e+01
 2.007267e+11  2.365897e+00  9.766182e+00  2.190633e+01
 2.121550e+11  2.365899e+00  9.798418e+00  2.198769e+01
 2.242340e+11  2.365902e+00  9.830634e+00  2.206894e+01
 2.370006e+11  2.365905e+00  9.862831e+00  2.215009e+01
 2.504942e+11  2.365907e+00  9.895007e+00  2.223113e+01
 2.647559e+11  2.365910e+00  9.927163e+00  2.231206e+01
 2.798297e+11  2.365913e+00  9.959298e+00  2.239288e+01
 2.957617e+11  2.365915e+00  9.991411e+00  2.247360e+01
 3.126007e+11  2.365918e+00  1.002350e+01  2.255422e+01
 3.303985e+11  2.365921e+00  1.005557e+01  2.263473e+01
 3.492096e+11  2.365923e+00  1.008761e+01  2.271513e+01
 3.690917e+11  2.365926e+00  1.011963e+01  2.279543e+01
 3.901058e+11  2.365929e+00  1.015163e+01  2.287563e+01
 4.123163e+11  2.365932e+00  1.018360e+01  2.295572e+01
 4.357913e+11  2.365934e+00  1.021555e+01  2.303571e+01
 4.606029e+11  2.365937e+00  1.024747e+01  2.311560e+01
 4.868271e+11  2.365940e+00  1.027937e+01  2.319538e+01
 5.145444e+11  2.365943e+00  1.031123e+01  2.327506e+01
 5.438397e+11  2.365945e+00  1.034307e+01  2.335464e+01
 5.748030e+11  2.365948e+00  1.037489e+01  2.343412e+01
 6.075292e+11  2.365951e+00  1.040667e+01  2.351350e+01
 6.421186e+11  2.365954e+00  1.043843e+01  2.359277e+01
 6.786773e+11  2.365956e+00  1.047016e+01  2.367195e+01
 7.173175e+11  2.365959e+00  1.050186e+01  2.375102e+01
 7.581576e+11  2.365962e+00  1.053353e+01  2.383000e+01
 8.013230e+11  2.365965e+00  1.056517e+01  2.390887e+01
 8.469460e+11  2.365968e+00  1.059678e+01  2.398765e+01
 8.951665e+11  2.365970e+00  1.062836e+01  2.406632e+01
 9.461324e+11  2.365973e+00  1.065990e+01  2.414490e+01
 1.000000e+12  2.365976e+00  1.069142e+01  2.422338e+01
