#           N         Chain          BCCA          BPCA
 1.000000e+00  1.000000e+00  9.957378e-01  9.957378e-01
 1.056935e+00  9.918566e-01  9.911811e-01  9.911811e-01
 1.117111e+00  9.841519e-01  9.865809e-01  9.865809e-01
 1.180713e+00  9.768623e-01  9.819382e-01  9.819382e-01
 1.247936e+00  9.699653e-01  9.772542e-01  9.772542e-01
 1.318987e+00  9.634398e-01  9.725299e-01  9.725299e-01
 1.394083e+00  9.572659e-01  9.677665e-01  9.677665e-01
 1.473454e+00  9.514245e-01  9.629652e-01  9.629652e-01
 1.557345e+00  9.458978e-01  9.581269e-01  9.581269e-01
 1.646012e+00  9.406688e-01  9.532529e-01  9.532529e-01
 1.739726e+00  9.357214e-01  9.483442e-01  9.483442e-01
 1.838777e+00  9.310406e-01  9.434019e-01  9.434019e-01
 1.943467e+00  9.266119e-01  9.384270e-01  9.384270e-01
 2.054117e+00  9.224218e-01  9.334208e-01  9.334208e-01
 2.171068e+00  9.184574e-01  9.283842e-01  9.283842e-01
 2.294676e+00  9.147065e-01  9.233184e-01  9.233184e-01
 2.425323e+00  9.111577e-01  9.182243e-01  9.182243e-01
 2.563407e+00  9.078001e-01  9.131031e-01  9.131031e-01
 2.709354e+00  9.046233e-01  9.079558e-01  9.079558e-01
 2.863610e+00  9.016176e-01  9.027834e-01  9.027834e-01
 3.026648e+00  8.987739e-01  8.975869e-01  8.975869e-01
 3.198969e+00  8.960834e-01  8.923675e-01  8.923675e-01
 3.381101e+00  8.935377e-01  8.871261e-01  8.871261e-01
 3.573602e+00  8.911292e-01  8.818637e-01  8.818637e-01
 3.777064e+00  8.888505e-01  8.765813e-01  8.765813e-01
 3.992109e+00  8.866945e-01  8.712799e-01  8.712799e-01
 4.219398e+00  8.846546e-01  8.659605e-01  8.659605e-01
 4.459628e+00  8.827246e-01  8.606242e-01  8.606242e-01
 4.713535e+00  8.808986e-01  8.552717e-01  8.552717e-01
 4.981898e+00  8.791710e-01  8.499042e-01  8.499042e-01
 5.265540e+00  8.775364e-01  8.445225e-01  8.445225e-01
 5.565331e+00  8.759898e-01  8.391276e-01  8.391276e-01
 5.882190e+00  8.745266e-01  8.337204e-01  8.337204e-01
 6.217090e+00  8.731422e-01  8.283019e-01  8.283019e-01
 6.571058e+00  8.718323e-01  8.228729e-01  8.228729e-01
 6.945178e+00  8.705931e-01  8.174343e-01  8.174343e-01
 7.340598e+00  8.694205e-01  8.119871e-01  8.119871e-01
 7.758532e+00  8.683112e-01  8.065321e-01  8.065321e-01
 8.200261e+00  8.672616e-01  8.010702e-01  8.010702e-01
 8.667139e+00  8.662685e-01  7.956022e-01  7.956022e-01
 9.160598e+00  8.653290e-01  7.901290e-01  7.901290e-01
 9.682153e+00  8.644400e-01  7.846515e-01  7.846515e-01
 1.023340e+01  8.635989e-01  7.791704e-01  7.791704e-01
 1.081604e+01  8.628032e-01  7.736866e-01  7.736866e-01
 1.143184e+01  8.620503e-01  7.682008e-01  7.682008e-01
 1.208271e+01  8.613379e-01  7.627139e-01  7.627139e-01
 1.277063e+01  8.606640e-01  7.572267e-01  7.572267e-01
 1.349772e+01  8.600263e-01  7.517399e-01  7.517399e-01
 1.426621e+01  8.594230e-01  7.462543e-01  7.462543e-01
 1.507845e+01  8.588522e-01  7.407707e-01  7.407707e-01
 1.593694e+01  8.583121e-01  7.352897e-01  7.352897e-01
 1.684430e+01  8.578011e-01  7.353239e-01  7.305304e-01
 1.780332e+01  8.573177e-01  7.324059e-01  7.263536e-01
 1.881694e+01  8.568603e-01  7.295102e-01  7.220878e-01
 1.988828e+01  8.564275e-01  7.266364e-01  7.177361e-01
 2.102061e+01  8.560181e-01  7.237846e-01  7.133020e-01
 2.221741e+01  8.556307e-01  7.209544e-01  7.087888e-01
 2.348235e+01  8.552641e-01  7.181458e-01  7.041997e-01
 2.481930e+01  8.549173e-01  7.153586e-01  6.995379e-01
 2.623238e+01  8.545892e-01  7.125926e-01  6.948067e-01
 2.772591e+01  8.542788e-01  7.098477e-01  6.900092e-01
 2.930447e+01  8.539851e-01  7.071236e-01  6.851486e-01
 3.097291e+01  8.537072e-01  7.044203e-01  6.802279e-01
 3.273634e+01  8.534443e-01  7.017376e-01  6.752501e-01
 3.460016e+01  8.531955e-01  6.990753e-01  6.702183e-01
 3.657011e+01  8.529602e-01  6.964332e-01  6.651355e-01
 3.865221e+01  8.527375e-01  6.938113e-01  6.600044e-01
 4.085286e+01  8.525268e-01  6.912093e-01  6.548281e-01
 4.317880e+01  8.523275e-01  6.886271e-01  6.496093e-01
 4.563716e+01  8.521389e-01  6.860646e-01  6.443508e-01
 4.823549e+01  8.519604e-01  6.835216e-01  6.390552e-01
 5.098176e+01  8.517916e-01  6.809979e-01  6.337254e-01
 5.388438e+01  8.516319e-01  6.784935e-01  6.283638e-01
 5.695227e+01  8.514808e-01  6.760081e-01  6.229731e-01
 6.019482e+01  8.513378e-01  6.735417e-01  6.175558e-01
 6.362198e+01  8.512025e-01  6.710940e-01  6.121144e-01
 6.724427e+01  8.510745e-01  6.686650e-01  6.066512e-01
 7.107280e+01  8.509534e-01  6.662544e-01  6.011687e-01
 7.511929e+01  8.508388e-01  6.638622e-01  5.956691e-01
 7.939618e+01  8.507304e-01  6.614882e-01  5.901548e-01
 8.391656e+01  8.506278e-01  6.591323e-01  5.846278e-01
 8.869432e+01  8.505308e-01  6.567943e-01  5.790905e-01
 9.374409e+01  8.504390e-01  6.544741e-01  5.735448e-01
 9.908137e+01  8.503521e-01  6.521716e-01  5.679929e-01
 1.047225e+02  8.502699e-01  6.498866e-01  5.624367e-01
 1.106848e+02  8.501922e-01  6.476189e-01  5.568782e-01
 1.169866e+02  8.501186e-01  6.453686e-01  5.513194e-01
 1.236472e+02  8.500490e-01  6.431354e-01  5.457619e-01
 1.306870e+02  8.499831e-01  6.409192e-01  5.402077e-01
 1.381276e+02  8.499208e-01  6.387198e-01  5.346584e-01
 1.459919e+02  8.498619e-01  6.365372e-01  5.291158e-01
 1.543038e+02  8.498061e-01  6.343712e-01  5.235816e-01
 1.630891e+02  8.497533e-01  6.322217e-01  5.180572e-01
 1.723745e+02  8.497034e-01  6.300886e-01  5.125444e-01
 1.821885e+02  8.496561e-01  6.279717e-01  5.070444e-01
 1.925614e+02  8.496114e-01  6.258709e-01  5.015589e-01
 2.035248e+02  8.495691e-01  6.237861e-01  4.960892e-01
 2.151123e+02  8.495291e-01  6.217172e-01  4.906367e-01
 2.273597e+02  8.494913e-01  6.196640e-01  4.852027e-01
 2.403043e+02  8.494555e-01  6.176265e-01  4.797884e-01
 2.539859e+02  8.494216e-01  6.156044e-01  4.743951e-01
 2.684465e+02  8.493895e-01  6.135978e-01  4.690239e-01
 2.837304e+02  8.493592e-01  6.116064e-01  4.636760e-01
 2.998844e+02  8.493305e-01  6.096302e-01  4.583525e-01
 3.169582e+02  8.493033e-01  6.076690e-01  4.530544e-01
 3.350041e+02  8.492776e-01  6.057228e-01  4.477827e-01
 3.540774e+02  8.492533e-01  6.037914e-01  4.425385e-01
 3.742366e+02  8.492303e-01  6.018747e-01  4.373226e-01
 3.955436e+02  8.492086e-01  5.999725e-01  4.321358e-01
 4.180637e+02  8.491880e-01  5.980849e-01  4.269792e-01
 4.418660e+02  8.491685e-01  5.962116e-01  4.218534e-01
 4.670234e+02  8.491501e-01  5.943526e-01  4.167592e-01
 4.936132e+02  8.491326e-01  5.925077e-01  4.116975e-01
 5.217169e+02  8.491161e-01  5.906769e-01  4.066688e-01
 5.514206e+02  8.491005e-01  5.888600e-01  4.016739e-01
 5.828155e+02  8.490857e-01  5.870570e-01  3.967134e-01
 6.159978e+02  8.490718e-01  5.852676e-01  3.917879e-01
 6.510694e+02  8.490586e-01  5.834919e-01  3.868980e-01
 6.881377e+02  8.490460e-01  5.817297e-01  3.820441e-01
 7.273165e+02  8.490342e-01  5.799810e-01  3.772269e-01
 7.687260e+02  8.490230e-01  5.782455e-01  3.724467e-01
 8.124930e+02  8.490124e-01  5.765233e-01  3.677040e-01
 8.587519e+02  8.490024e-01  5.748141e-01  3.629993e-01
 9.076446e+02  8.489929e-01  5.731180e-01  3.583330e-01
 9.593209e+02  8.489839e-01  5.714348e-01  3.537053e-01
 1.013939e+03  8.489755e-01  5.697643e-01  3.491167e-01
 1.071668e+03  8.489674e-01  5.681067e-01  3.445673e-01
 1.132683e+03  8.489598e-01  5.664616e-01  3.400576e-01
 1.197171e+03  8.489526e-01  5.648290e-01  3.355878e-01
 1.265332e+03  8.489458e-01  5.632089e-01  3.311581e-01
 1.337373e+03  8.489394e-01  5.616011e-01  3.267688e-01
 1.413516e+03  8.489333e-01  5.600056e-01  3.224199e-01
 1.493993e+03  8.489276e-01  5.584222e-01  3.181117e-01
 1.579053e+03  8.489221e-01  5.568508e-01  3.138444e-01
 1.668956e+03  8.489169e-01  5.552914e-01  3.096180e-01
 1.763977e+03  8.489121e-01  5.537439e-01  3.054326e-01
 1.864409e+03  8.489074e-01  5.522082e-01  3.012884e-01
 1.970558e+03  8.489031e-01  5.506841e-01  2.971855e-01
 2.082751e+03  8.488989e-01  5.491717e-01  2.931237e-01
 2.201331e+03  8.488950e-01  5.476707e-01  2.891033e-01
 2.326663e+03  8.488913e-01  5.461812e-01  2.851241e-01
 2.459130e+03  8.488878e-01  5.447030e-01  2.811863e-01
 2.599140e+03  8.488845e-01  5.432361e-01  2.772898e-01
 2.747121e+03  8.488814e-01  5.417804e-01  2.734345e-01
 2.903527e+03  8.488784e-01  5.403357e-01  2.696204e-01
 3.068838e+03  8.488756e-01  5.389020e-01  2.658474e-01
 3.243561e+03  8.488730e-01  5.374793e-01  2.621155e-01
 3.428231e+03  8.488705e-01  5.360673e-01  2.584246e-01
 3.623416e+03  8.488681e-01  5.346662e-01  2.547745e-01
 3.829714e+03  8.488658e-01  5.332757e-01  2.511652e-01
 4.047757e+03  8.488637e-01  5.318957e-01  2.475965e-01
 4.278214e+03  8.488617e-01  5.305263e-01  2.440683e-01
 4.521792e+03  8.488598e-01  5.291673e-01  2.405805e-01
 4.779239e+03  8.488580e-01  5.278186e-01  2.371328e-01
 5.051342e+03  8.488563e-01  5.264803e-01  2.337251e-01
 5.338938e+03  8.488547e-01  5.251521e-01  2.303573e-01
 5.642908e+03  8.488532e-01  5.238340e-01  2.270291e-01
 5.964185e+03  8.488517e-01  5.225259e-01  2.237404e-01
 6.303753e+03  8.488503e-01  5.212278e-01  2.204909e-01
 6.662655e+03  8.488491e-01  5.199396e-01  2.172804e-01
 7.041990e+03  8.488478e-01  5.186612e-01  2.141087e-01
 7.442922e+03  8.488467e-01  5.173925e-01  2.109756e-01
 7.866682e+03  8.488456e-01  5.161335e-01  2.078809e-01
 8.314568e+03  8.488445e-01  5.148840e-01  2.048242e-01
 8.787954e+03  8.488436e-01  5.136441e-01  2.018054e-01
 9.288292e+03  8.488426e-01  5.124136e-01  1.988242e-01
 9.817117e+03  8.488418e-01  5.111925e-01  1.958804e-01
 1.037605e+04  8.488409e-01  5.099807e-01  1.929736e-01
 1.096681e+04  8.488401e-01  5.087781e-01  1.901036e-01
 1.159120e+04  8.488394e-01  5.075846e-01  1.872701e-01
 1.225114e+04  8.488387e-01  5.064003e-01  1.844729e-01
 1.294865e+04  8.488380e-01  5.052249e-01  1.817117e-01
 1.368587e+04  8.488374e-01  5.040585e-01  1.789862e-01
 1.446507e+04  8.488368e-01  5.029010e-01  1.762960e-01
 1.528864e+04  8.488363e-01  5.017523e-01  1.736409e-01
 1.615909e+04  8.488357e-01  5.006124e-01  1.710207e-01
 1.707910e+04  8.488352e-01  4.994811e-01  1.684349e-01
 1.805149e+04  8.488347e-01  4.983584e-01  1.658834e-01
 1.907924e+04  8.488343e-01  4.972443e-01  1.633657e-01
 2.016551e+04  8.488339e-01  4.961386e-01  1.608817e-01
 2.131362e+04  8.488335e-01  4.950414e-01  1.584309e-01
 2.252711e+04  8.488331e-01  4.939525e-01  1.560131e-01
 2.380968e+04  8.488327e-01  4.928719e-01  1.536279e-01
 2.516527e+04  8.488324e-01  4.917996e-01  1.512751e-01
 2.659804e+04  8.488320e-01  4.907354e-01  1.489544e-01
 2.811239e+04  8.488317e-01  4.896793e-01  1.466653e-01
 2.971296e+04  8.488315e-01  4.886312e-01  1.444077e-01
 3.140465e+04  8.488312e-01  4.875911e-01  1.421811e-01
 3.319266e+04  8.488309e-01  4.865590e-01  1.399853e-01
 3.508247e+04  8.488307e-01  4.855347e-01  1.378200e-01
 3.707988e+04  8.488304e-01  4.845181e-01  1.356848e-01
 3.919100e+04  8.488302e-01  4.835094e-01  1.335794e-01
 4.142232e+04  8.488300e-01  4.825083e-01  1.315035e-01
 4.378069e+04  8.488298e-01  4.815148e-01  1.294568e-01
 4.627332e+04  8.488296e-01  4.805289e-01  1.274389e-01
 4.890787e+04  8.488295e-01  4.795505e-01  1.254496e-01
 5.169242e+04  8.488293e-01  4.785795e-01  1.234885e-01
 5.463550e+04  8.488291e-01  4.776160e-01  1.215554e-01
 5.774615e+04  8.488290e-01  4.766597e-01  1.196498e-01
 6.103390e+04  8.488288e-01  4.757108e-01  1.177716e-01
 6.450884e+04  8.488287e-01  4.747691e-01  1.159203e-01
 6.818162e+04  8.488286e-01  4.738345e-01  1.140956e-01
 7.206351e+04  8.488285e-01  4.729071e-01  1.122974e-01
 7.616642e+04  8.488283e-01  4.719867e-01  1.105251e-01
 8.050292e+04  8.488282e-01  4.710733e-01  1.087786e-01
 8.508632e+04  8.488281e-01  4.701669e-01  1.070576e-01
 8.993067e+04  8.488280e-01  4.692674e-01  1.053616e-01
 9.505083e+04  8.488280e-01  4.683747e-01  1.036905e-01
 1.004625e+05  8.488279e-01  4.674888e-01  1.020439e-01
 1.061823e+05  8.488278e-01  4.666097e-01  1.004216e-01
 1.122277e+05  8.488277e-01  4.657372e-01  9.882312e-02
 1.186174e+05  8.488276e-01  4.648714e-01  9.724830e-02
 1.253708e+05  8.488276e-01  4.640122e-01  9.569681e-02
 1.325087e+05  8.488275e-01  4.631595e-01  9.416837e-02
 1.400531e+05  8.488274e-01  4.623133e-01  9.266267e-02
 1.480269e+05  8.488274e-01  4.614736e-01  9.117944e-02
 1.564548e+05  8.488273e-01  4.606403e-01  8.971838e-02
 1.653624e+05  8.488273e-01  4.598133e-01  8.827921e-02
 1.747773e+05  8.488272e-01  4.589925e-01  8.686166e-02
 1.847281e+05  8.488272e-01  4.581781e-01  8.546543e-02
 1.952456e+05  8.488271e-01  4.573698e-01  8.409025e-02
 2.063618e+05  8.488271e-01  4.565677e-01  8.273585e-02
 2.181109e+05  8.488271e-01  4.557717e-01  8.140196e-02
 2.305289e+05  8.488270e-01  4.549818e-01  8.008830e-02
 2.436540e+05  8.488270e-01  4.541978e-01  7.879460e-02
 2.575263e+05  8.488270e-01  4.534199e-01  7.752060e-02
 2.721885e+05  8.488269e-01  4.526478e-01  7.626604e-02
 2.876854e+05  8.488269e-01  4.518817e-01  7.503065e-02
 3.040646e+05  8.488269e-01  4.511213e-01  7.381417e-02
 3.213764e+05  8.488268e-01  4.503668e-01  7.261636e-02
 3.396739e+05  8.488268e-01  4.496180e-01  7.143695e-02
 3.590130e+05  8.488268e-01  4.488749e-01  7.027569e-02
 3.794533e+05  8.488268e-01  4.481374e-01  6.913233e-02
 4.010573e+05  8.488267e-01  4.474056e-01  6.800663e-02
 4.238913e+05  8.488267e-01  4.466794e-01  6.689835e-02
 4.480254e+05  8.488267e-01  4.459586e-01  6.580724e-02
 4.735335e+05  8.488267e-01  4.452434e-01  6.473306e-02
 5.004939e+05  8.488267e-01  4.445336e-01  6.367558e-02
 5.289893e+05  8.488266e-01  4.438292e-01  6.263455e-02
 5.591071e+05  8.488266e-01  4.431302e-01  6.160976e-02
 5.909396e+05  8.488266e-01  4.424364e-01  6.060097e-02
 6.245845e+05  8.488266e-01  4.417480e-01  5.960796e-02
 6.601449e+05  8.488266e-01  4.410648e-01  5.863049e-02
 6.977300e+05  8.488266e-01  4.403868e-01  5.766835e-02
 7.374549e+05  8.488266e-01  4.397140e-01  5.672133e-02
 7.794416e+05  8.488266e-01  4.390463e-01  5.578919e-02
 8.238187e+05  8.488265e-01  4.383837e-01  5.487173e-02
 8.707225e+05  8.488265e-01  4.377261e-01  5.396875e-02
 9.202967e+05  8.488265e-01  4.370735e-01  5.308001e-02
 9.726934e+05  8.488265e-01  4.364259e-01  5.220533e-02
 1.028073e+06  8.488265e-01  4.357832e-01  5.134450e-02
 1.086606e+06  8.488265e-01  4.351454e-01  5.049731e-02
 1.148472e+06  8.488265e-01  4.345125e-01  4.966356e-02
 1.213859e+06  8.488265e-01  4.338844e-01  4.884306e-02
 1.282970e+06  8.488265e-01  4.332611e-01  4.803562e-02
 1.356015e+06  8.488265e-01  4.326425e-01  4.724103e-02
 1.433219e+06  8.488265e-01  4.320286e-01  4.645912e-02
 1.514819e+06  8.488265e-01  4.314194e-01  4.568968e-02
 1.601064e+06  8.488265e-01  4.308148e-01  4.493255e-02
 1.692220e+06  8.488265e-01  4.302149e-01  4.418753e-02
 1.788566e+06  8.488264e-01  4.296195e-01  4.345444e-02
 1.890397e+06  8.488264e-01  4.290286e-01  4.273310e-02
 1.998026e+06  8.488264e-01  4.284423e-01  4.202335e-02
 2.111783e+06  8.488264e-01  4.278603e-01  4.132500e-02
 2.232016e+06  8.488264e-01  4.272829e-01  4.063789e-02
 2.359095e+06  8.488264e-01  4.267098e-01  3.996183e-02
 2.493409e+06  8.488264e-01  4.261411e-01  3.929668e-02
 2.635371e+06  8.488264e-01  4.255767e-01  3.864226e-02
 2.785414e+06  8.488264e-01  4.250166e-01  3.799840e-02
 2.944000e+06  8.488264e-01  4.244608e-01  3.736496e-02
 3.111616e+06  8.488264e-01  4.239092e-01  3.674176e-02
 3.288774e+06  8.488264e-01  4.233618e-01  3.612866e-02
 3.476019e+06  8.488264e-01  4.228186e-01  3.552549e-02
 3.673925e+06  8.488264e-01  4.222795e-01  3.493211e-02
 3.883098e+06  8.488264e-01  4.217445e-01  3.434837e-02
 4.104181e+06  8.488264e-01  4.212136e-01  3.377412e-02
 4.337850e+06  8.488264e-01  4.206867e-01  3.320921e-02
 4.584824e+06  8.488264e-01  4.201638e-01  3.265349e-02
 4.845859e+06  8.488264e-01  4.196449e-01  3.210683e-02
 5.121755e+06  8.488264e-01  4.191300e-01  3.156909e-02
 5.413360e+06  8.488264e-01  4.186190e-01  3.104013e-02
 5.721568e+06  8.488264e-01  4.181119e-01  3.051980e-02
 6.047322e+06  8.488264e-01  4.176086e-01  3.000799e-02
 6.391624e+06  8.488264e-01  4.171092e-01  2.950454e-02
 6.755528e+06  8.488264e-01  4.166135e-01  2.900934e-02
 7.140151e+06  8.488264e-01  4.161217e-01  2.852226e-02
 7.546673e+06  8.488264e-01  4.156336e-01  2.804316e-02
 7.976339e+06  8.488264e-01  4.151492e-01  2.757193e-02
 8.430468e+06  8.488264e-01  4.146684e-01  2.710843e-02
 8.910453e+06  8.488264e-01  4.141914e-01  2.665255e-02
 9.417766e+06  8.488264e-01  4.137180e-01  2.620417e-02
 9.953962e+06  8.488264e-01  4.132482e-01  2.576317e-02
 1.052069e+07  8.488264e-01  4.127819e-01  2.532943e-02
 1.111968e+07  8.488264e-01  4.123192e-01  2.490284e-02
 1.175277e+07  8.488264e-01  4.118600e-01  2.448328e-02
 1.242191e+07  8.488264e-01  4.114044e-01  2.407065e-02
 1.312915e+07  8.488264e-01  4.109522e-01  2.366483e-02
 1.387665e+07  8.488264e-01  4.105034e-01  2.326572e-02
 1.466671e+07  8.488264e-01  4.100581e-01  2.287320e-02
 1.550175e+07  8.488264e-01  4.096161e-01  2.248718e-02
 1.638434e+07  8.488264e-01  4.091775e-01  2.210755e-02
 1.731717e+07  8.488264e-01  4.087423e-01  2.173421e-02
 1.830312e+07  8.488264e-01  4.083103e-01  2.136705e-02
 1.934520e+07  8.488264e-01  4.078817e-01  2.100598e-02
 2.044661e+07  8.488264e-01  4.074563e-01  2.065091e-02
 2.161073e+07  8.488264e-01  4.070341e-01  2.030173e-02
 2.284112e+07  8.488264e-01  4.066152e-01  1.995834e-02
 2.414157e+07  8.488264e-01  4.061994e-01  1.962067e-02
 2.551606e+07  8.488264e-01  4.057869e-01  1.928861e-02
 2.696881e+07  8.488264e-01  4.053774e-01  1.896208e-02
 2.850426e+07  8.488264e-01  4.049711e-01  1.864098e-02
 3.012714e+07  8.488264e-01  4.045679e-01  1.832523e-02
 3.184242e+07  8.488264e-01  4.041677e-01  1.801475e-02
 3.365535e+07  8.488264e-01  4.037706e-01  1.770944e-02
 3.557150e+07  8.488264e-01  4.033765e-01  1.740922e-02
 3.759675e+07  8.488264e-01  4.029854e-01  1.711401e-02
 3.973730e+07  8.488264e-01  4.025973e-01  1.682374e-02
 4.199973e+07  8.488264e-01  4.022121e-01  1.653831e-02
 4.439097e+07  8.488264e-01  4.018299e-01  1.625765e-02
 4.691835e+07  8.488264e-01  4.014506e-01  1.598169e-02
 4.958962e+07  8.488264e-01  4.010741e-01  1.571034e-02
 5.241298e+07  8.488264e-01  4.007006e-01  1.544353e-02
 5.539709e+07  8.488264e-01  4.003298e-01  1.518119e-02
 5.855110e+07  8.488264e-01  3.999619e-01  1.492325e-02
 6.188468e+07  8.488264e-01  3.995968e-01  1.466963e-02
 6.540806e+07  8.488264e-01  3.992345e-01  1.442026e-02
 6.913204e+07  8.488264e-01  3.988749e-01  1.417507e-02
 7.306804e+07  8.488264e-01  3.985181e-01  1.393400e-02
 7.722814e+07  8.488264e-01  3.981640e-01  1.369698e-02
 8.162509e+07  8.488264e-01  3.978126e-01  1.346393e-02
 8.627237e+07  8.488264e-01  3.974638e-01  1.323480e-02
 9.118425e+07  8.488264e-01  3.971178e-01  1.300952e-02
 9.637579e+07  8.488264e-01  3.967743e-01  1.278803e-02
 1.018629e+08  8.488264e-01  3.964335e-01  1.257027e-02
 1.076624e+08  8.488264e-01  3.960952e-01  1.235617e-02
 1.137921e+08  8.488264e-01  3.957596e-01  1.214567e-02
 1.202708e+08  8.488264e-01  3.954264e-01  1.193872e-02
 1.271184e+08  8.488264e-01  3.950959e-01  1.173525e-02
 1.343558e+08  8.488264e-01  3.947678e-01  1.153521e-02
 1.420053e+08  8.488264e-01  3.944422e-01  1.133855e-02
 1.500903e+08  8.488264e-01  3.941192e-01  1.114520e-02
 1.586357e+08  8.488264e-01  3.937985e-01  1.095511e-02
 1.676675e+08  8.488264e-01  3.934804e-01  1.076823e-02
 1.772136e+08  8.488264e-01  3.931646e-01  1.058450e-02
 1.873032e+08  8.488264e-01  3.928512e-01  1.040388e-02
 1.979672e+08  8.488264e-01  3.925403e-01  1.022631e-02
 2.092383e+08  8.488264e-01  3.922317e-01  1.005173e-02
 2.211512e+08  8.488264e-01  3.919254e-01  9.880113e-03
 2.337424e+08  8.488264e-01  3.916215e-01  9.711392e-03
 2.470504e+08  8.488264e-01  3.913199e-01  9.545525e-03
 2.611161e+08  8.488264e-01  3.910205e-01  9.382464e-03
 2.759826e+08  8.488264e-01  3.907235e-01  9.222162e-03
 2.916956e+08  8.488264e-01  3.904287e-01  9.064574e-03
 3.083031e+08  8.488264e-01  3.901362e-01  8.909653e-03
 3.258562e+08  8.488264e-01  3.898459e-01  8.757357e-03
 3.444087e+08  8.488264e-01  3.895578e-01  8.607641e-03
 3.640175e+08  8.488264e-01  3.892719e-01  8.460462e-03
 3.847427e+08  8.488264e-01  3.889882e-01  8.315777e-03
 4.066478e+08  8.488264e-01  3.887066e-01  8.173546e-03
 4.298001e+08  8.488264e-01  3.884272e-01  8.033727e-03
 4.542706e+08  8.488264e-01  3.881499e-01  7.896280e-03
 4.801343e+08  8.488264e-01  3.878747e-01  7.761165e-03
 5.074705e+08  8.488264e-01  3.876016e-01  7.628344e-03
 5.363631e+08  8.488264e-01  3.873306e-01  7.497777e-03
 5.669007e+08  8.488264e-01  3.870617e-01  7.369428e-03
 5.991770e+08  8.488264e-01  3.867948e-01  7.243259e-03
 6.332908e+08  8.488264e-01  3.865299e-01  7.119233e-03
 6.693470e+08  8.488264e-01  3.862670e-01  6.997315e-03
 7.074559e+08  8.488264e-01  3.860062e-01  6.877470e-03
 7.477346e+08  8.488264e-01  3.857473e-01  6.759662e-03
 7.903066e+08  8.488264e-01  3.854904e-01  6.643857e-03
 8.353023e+08  8.488264e-01  3.852355e-01  6.530022e-03
 8.828599e+08  8.488264e-01  3.849825e-01  6.418124e-03
 9.331251e+08  8.488264e-01  3.847314e-01  6.308130e-03
 9.862522e+08  8.488264e-01  3.844822e-01  6.200008e-03
 1.042404e+09  8.488264e-01  3.842350e-01  6.093727e-03
 1.101753e+09  8.488264e-01  3.839896e-01  5.989256e-03
 1.164481e+09  8.488264e-01  3.837461e-01  5.886563e-03
 1.230780e+09  8.488264e-01  3.835044e-01  5.785621e-03
 1.300854e+09  8.488264e-01  3.832646e-01  5.686398e-03
 1.374917e+09  8.488264e-01  3.830266e-01  5.588866e-03
 1.453198e+09  8.488264e-01  3.827904e-01  5.492996e-03
 1.535935e+09  8.488264e-01  3.825560e-01  5.398761e-03
 1.623382e+09  8.488264e-01  3.823234e-01  5.306133e-03
 1.715809e+09  8.488264e-01  3.820926e-01  5.215084e-03
 1.813498e+09  8.488264e-01  3.818635e-01  5.125589e-03
 1.916748e+09  8.488264e-01  3.816362e-01  5.037621e-03
 2.025878e+09  8.488264e-01  3.814106e-01  4.951153e-03
 2.141220e+09  8.488264e-01  3.811867e-01  4.866162e-03
 2.263130e+09  8.488264e-01  3.809645e-01  4.782621e-03
 2.391980e+09  8.488264e-01  3.807440e-01  4.700506e-03
 2.528166e+09  8.488264e-01  3.805252e-01  4.619794e-03
 2.672106e+09  8.488264e-01  3.803081e-01  4.540460e-03
 2.824241e+09  8.488264e-01  3.800926e-01  4.462482e-03
 2.985038e+09  8.488264e-01  3.798788e-01  4.385835e-03
 3.154990e+09  8.488264e-01  3.796665e-01  4.310498e-03
 3.334618e+09  8.488264e-01  3.794559e-01  4.236449e-03
 3.524473e+09  8.488264e-01  3.792469e-01  4.163666e-03
 3.725137e+09  8.488264e-01  3.790395e-01  4.092127e-03
 3.937226e+09  8.488264e-01  3.788337e-01  4.021811e-03
 4.161391e+09  8.488264e-01  3.786294e-01  3.952697e-03
 4.398317e+09  8.488264e-01  3.784267e-01  3.884766e-03
 4.648734e+09  8.488264e-01  3.782255e-01  3.817996e-03
 4.913407e+09  8.488264e-01  3.780259e-01  3.752369e-03
 5.193150e+09  8.488264e-01  3.778278e-01  3.687865e-03
 5.488820e+09  8.488264e-01  3.776312e-01  3.624464e-03
 5.801323e+09  8.488264e-01  3.774361e-01  3.562149e-03
 6.131619e+09  8.488264e-01  3.772424e-01  3.500901e-03
 6.480720e+09  8.488264e-01  3.770503e-01  3.440701e-03
 6.849697e+09  8.488264e-01  3.768596e-01  3.381531e-03
 7.239681e+09  8.488264e-01  3.766703e-01  3.323375e-03
 7.651869e+09  8.488264e-01  3.764825e-01  3.266216e-03
 8.087525e+09  8.488264e-01  3.762962e-01  3.210035e-03
 8.547985e+09  8.488264e-01  3.761112e-01  3.154817e-03
 9.034660e+09  8.488264e-01  3.759277e-01  3.100544e-03
 9.549045e+09  8.488264e-01  3.757455e-01  3.047202e-03
 1.009272e+10  8.488264e-01  3.755648e-01  2.994774e-03
 1.066734e+10  8.488264e-01  3.753854e-01  2.943244e-03
 1.127468e+10  8.488264e-01  3.752074e-01  2.892598e-03
 1.191660e+10  8.488264e-01  3.750307e-01  2.842820e-03
 1.259506e+10  8.488264e-01  3.748554e-01  2.793896e-03
 1.331216e+10  8.488264e-01  3.746814e-01  2.745811e-03
 1.407008e+10  8.488264e-01  3.745088e-01  2.698550e-03
 1.487115e+10  8.488264e-01  3.743374e-01  2.652099e-03
 1.571784e+10  8.488264e-01  3.741674e-01  2.606446e-03
 1.661273e+10  8.488264e-01  3.739986e-01  2.561576e-03
 1.755856e+10  8.488264e-01  3.738312e-01  2.517475e-03
 1.855825e+10  8.488264e-01  3.736650e-01  2.474132e-03
 1.961486e+10  8.488264e-01  3.735001e-01  2.431532e-03
 2.073162e+10  8.488264e-01  3.733364e-01  2.389663e-03
 2.191197e+10  8.488264e-01  3.731740e-01  2.348513e-03
 2.315951e+10  8.488264e-01  3.730128e-01  2.308069e-03
 2.447809e+10  8.488264e-01  3.728528e-01  2.268320e-03
 2.587174e+10  8.488264e-01  3.726941e-01  2.229253e-03
 2.734474e+10  8.488264e-01  3.725366e-01  2.190856e-03
 2.890160e+10  8.488264e-01  3.723802e-01  2.153120e-03
 3.054710e+10  8.488264e-01  3.722251e-01  2.116031e-03
 3.228628e+10  8.488264e-01  3.720711e-01  2.079579e-03
 3.412449e+10  8.488264e-01  3.719183e-01  2.043754e-03
 3.606735e+10  8.488264e-01  3.717667e-01  2.008543e-03
 3.812083e+10  8.488264e-01  3.716163e-01  1.973938e-03
 4.029122e+10  8.488264e-01  3.714669e-01  1.939927e-03
 4.258518e+10  8.488264e-01  3.713187e-01  1.906501e-03
 4.500975e+10  8.488264e-01  3.711717e-01  1.873649e-03
 4.757236e+10  8.488264e-01  3.710257e-01  1.841362e-03
 5.028087e+10  8.488264e-01  3.708809e-01  1.809630e-03
 5.314359e+10  8.488264e-01  3.707372e-01  1.778443e-03
 5.616930e+10  8.488264e-01  3.705945e-01  1.747792e-03
 5.936727e+10  8.488264e-01  3.704530e-01  1.717668e-03
 6.274732e+10  8.488264e-01  3.703125e-01  1.688062e-03
 6.631981e+10  8.488264e-01  3.701731e-01  1.658966e-03
 7.009570e+10  8.488264e-01  3.700348e-01  1.630369e-03
 7.408657e+10  8.488264e-01  3.698975e-01  1.602264e-03
 7.830465e+10  8.488264e-01  3.697613e-01  1.574643e-03
 8.276289e+10  8.488264e-01  3.696261e-01  1.547497e-03
 8.747496e+10  8.488264e-01  3.694919e-01  1.520817e-03
 9.245531e+10  8.488264e-01  3.693587e-01  1.494597e-03
 9.771921e+10  8.488264e-01  3.692266e-01  1.468827e-03
 1.032828e+11  8.488264e-01  3.690955e-01  1.443501e-03
 1.091632e+11  8.488264e-01  3.689653e-01  1.418611e-03
 1.153783e+11  8.488264e-01  3.688362e-01  1.394149e-03
 1.219473e+11  8.488264e-01  3.687080e-01  1.370107e-03
 1.288904e+11  8.488264e-01  3.685808e-01  1.346480e-03
 1.362287e+11  8.488264e-01  3.684546e-01  1.323259e-03
 1.439848e+11  8.488264e-01  3.683293e-01  1.300438e-03
 1.521825e+11  8.488264e-01  3.682050e-01  1.278010e-03
 1.608469e+11  8.488264e-01  3.680817e-01  1.255967e-03
 1.700047e+11  8.488264e-01  3.679593e-01  1.234305e-03
 1.796838e+11  8.488264e-01  3.678378e-01  1.213015e-03
 1.899141e+11  8.488264e-01  3.677172e-01  1.192091e-03
 2.007267e+11  8.488264e-01  3.675976e-01  1.171528e-03
 2.121550e+11  8.488264e-01  3.674788e-01  1.151319e-03
 2.242340e+11  8.488264e-01  3.673610e-01  1.131458e-03
 2.370006e+11  8.488264e-01  3.672441e-01  1.111939e-03
 2.504942e+11  8.488264e-01  3.671280e-01  1.092756e-03
 2.647559e+11  8.488264e-01  3.670129e-01  1.073903e-03
 2.798297e+11  8.488264e-01  3.668986e-01  1.055375e-03
 2.957617e+11  8.488264e-01  3.667852e-01  1.037166e-03
 3.126007e+11  8.488264e-01  3.666726e-01  1.019271e-03
 3.303985e+11  8.488264e-01  3.665609e-01  1.001684e-03
 3.492096e+11  8.488264e-01  3.664501e-01  9.844002e-04
 3.690917e+11  8.488264e-01  3.663401e-01  9.674140e-04
 3.901058e+11  8.488264e-01  3.662309e-01  9.507205e-04
 4.123163e+11  8.488264e-01  3.661226e-01  9.343145e-04
 4.357913e+11  8.488264e-01  3.660151e-01  9.181912e-04
 4.606029e+11  8.488264e-01  3.659084e-01  9.023458e-04
 4.868271e+11  8.488264e-01  3.658025e-01  8.867733e-04
 5.145444e+11  8.488264e-01  3.656975e-01  8.714693e-04
 5.438397e+11  8.488264e-01  3.655932e-01  8.564289e-04
 5.748030e+11  8.488264e-01  3.654897e-01  8.416478e-04
 6.075292e+11  8.488264e-01  3.653870e-01  8.271214e-04
 6.421186e+11  8.488264e-01  3.652851e-01  8.128454e-04
 6.786773e+11  8.488264e-01  3.651840e-01  7.988154e-04
 7.173175e+11  8.488264e-01  3.650836e-01  7.850273e-04
 7.581576e+11  8.488264e-01  3.649840e-01  7.714768e-04
 8.013230e+11  8.488264e-01  3.648852e-01  7.581600e-04
 8.469460e+11  8.488264e-01  3.647871e-01  7.450727e-04
 8.951665e+11  8.488264e-01  3.646898e-01  7.322110e-04
 9.461324e+11  8.488264e-01  3.645932e-01  7.195710e-04
 1.000000e+12  8.488264e-01  3.644973e-01  7.071490e-04
