#           N         Chain          BCCA          BPCA
 1.000000e+00  9.957378e-01  9.957378e-01  9.957378e-01
 1.056935e+00  9.911811e-01  9.911811e-01  9.911811e-01
 1.117111e+00  9.865809e-01  9.865809e-01  9.865809e-01
 1.180713e+00  9.819382e-01  9.819382e-01  9.819382e-01
 1.247936e+00  9.772542e-01  9.772542e-01  9.772542e-01
 1.318987e+00  9.725299e-01  9.725299e-01  9.725299e-01
 1.394083e+00  9.677665e-01  9.677665e-01  9.677665e-01
 1.473454e+00  9.629652e-01  9.629652e-01  9.629652e-01
 1.557345e+00  9.581269e-01  9.581269e-01  9.581269e-01
 1.646012e+00  9.532529e-01  9.532529e-01  9.532529e-01
 1.739726e+00  9.483442e-01  9.483442e-01  9.483442e-01
 1.838777e+00  9.434019e-01  9.434019e-01  9.434019e-01
 1.943467e+00  9.384270e-01  9.384270e-01  9.384270e-01
 2.054117e+00  9.334208e-01  9.334208e-01  9.334208e-01
 2.171068e+00  9.283842e-01  9.283842e-01  9.283842e-01
 2.294676e+00  9.233184e-01  9.233184e-01  9.233184e-01
 2.425323e+00  9.182243e-01  9.182243e-01  9.182243e-01
 2.563407e+00  9.147577e-01  9.131031e-01  9.131031e-01
 2.709354e+00  9.132007e-01  9.079558e-01  9.079558e-01
 2.863610e+00  9.115256e-01  9.027834e-01  9.027834e-01
 3.026648e+00  9.097347e-01  8.975869e-01  8.975869e-01
 3.198969e+00  9.078312e-01  8.923675e-01  8.923675e-01
 3.381101e+00  9.058191e-01  8.871261e-01  8.871261e-01
 3.573602e+00  9.037033e-01  8.818637e-01  8.818637e-01
 3.777064e+00  9.014894e-01  8.765813e-01  8.765813e-01
 3.992109e+00  8.991834e-01  8.712799e-01  8.712799e-01
 4.219398e+00  8.967922e-01  8.659605e-01  8.659605e-01
 4.459628e+00  8.943226e-01  8.606242e-01  8.606242e-01
 4.713535e+00  8.917823e-01  8.552717e-01  8.552717e-01
 4.981898e+00  8.891786e-01  8.499042e-01  8.499042e-01
 5.265540e+00  8.865194e-01  8.445225e-01  8.445225e-01
 5.565331e+00  8.838124e-01  8.391276e-01  8.391276e-01
 5.882190e+00  8.810654e-01  8.337204e-01  8.337204e-01
 6.217090e+00  8.782860e-01  8.283019e-01  8.283019e-01
 6.571058e+00  8.754817e-01  8.228729e-01  8.228729e-01
 6.945178e+00  8.726596e-01  8.174343e-01  8.174343e-01
 7.340598e+00  8.698268e-01  8.119871e-01  8.119871e-01
 7.758532e+00  8.669901e-01  8.065321e-01  8.065321e-01
 8.200261e+00  8.641556e-01  8.015694e-01  8.014162e-01
 8.667139e+00  8.613295e-01  7.971519e-01  7.966394e-01
 9.160598e+00  8.585173e-01  7.926390e-01  7.917420e-01
 9.682153e+00  8.557243e-01  7.880352e-01  7.867255e-01
 1.023340e+01  8.529554e-01  7.833450e-01  7.815919e-01
 1.081604e+01  8.502149e-01  7.785734e-01  7.763431e-01
 1.143184e+01  8.475071e-01  7.737250e-01  7.709814e-01
 1.208271e+01  8.448355e-01  7.688049e-01  7.655089e-01
 1.277063e+01  8.422035e-01  7.638180e-01  7.599283e-01
 1.349772e+01  8.396141e-01  7.587693e-01  7.542423e-01
 1.426621e+01  8.370699e-01  7.536637e-01  7.484535e-01
 1.507845e+01  8.345732e-01  7.485061e-01  7.425650e-01
 1.593694e+01  8.321259e-01  7.433015e-01  7.365798e-01
 1.684430e+01  8.297297e-01  7.380547e-01  7.305012e-01
 1.780332e+01  8.273861e-01  7.327706e-01  7.243324e-01
 1.881694e+01  8.250962e-01  7.274537e-01  7.180769e-01
 1.988828e+01  8.228608e-01  7.221088e-01  7.117383e-01
 2.102061e+01  8.206806e-01  7.167404e-01  7.053202e-01
 2.221741e+01  8.185561e-01  7.113527e-01  6.988262e-01
 2.348235e+01  8.164875e-01  7.059502e-01  6.922603e-01
 2.481930e+01  8.144750e-01  7.005369e-01  6.856261e-01
 2.623238e+01  8.125184e-01  6.951169e-01  6.789278e-01
 2.772591e+01  8.106176e-01  6.896940e-01  6.721692e-01
 2.930447e+01  8.087721e-01  6.842720e-01  6.653543e-01
 3.097291e+01  8.069815e-01  6.788544e-01  6.584872e-01
 3.273634e+01  8.052453e-01  6.734447e-01  6.515720e-01
 3.460016e+01  8.035627e-01  6.680461e-01  6.446126e-01
 3.657011e+01  8.019330e-01  6.626617e-01  6.376133e-01
 3.865221e+01  8.003554e-01  6.572946e-01  6.305780e-01
 4.085286e+01  7.988289e-01  6.519474e-01  6.235108e-01
 4.317880e+01  7.973527e-01  6.466230e-01  6.164158e-01
 4.563716e+01  7.959257e-01  6.413238e-01  6.092970e-01
 4.823549e+01  7.945470e-01  6.360521e-01  6.021583e-01
 5.098176e+01  7.932154e-01  6.308103e-01  5.950036e-01
 5.388438e+01  7.919298e-01  6.256004e-01  5.878370e-01
 5.695227e+01  7.906892e-01  6.204242e-01  5.806621e-01
 6.019482e+01  7.894924e-01  6.152837e-01  5.734828e-01
 6.362198e+01  7.883383e-01  6.101806e-01  5.663028e-01
 6.724427e+01  7.872258e-01  6.051163e-01  5.591257e-01
 7.107280e+01  7.861537e-01  6.000924e-01  5.519549e-01
 7.511929e+01  7.851209e-01  5.951100e-01  5.447941e-01
 7.939618e+01  7.841262e-01  5.901705e-01  5.376466e-01
 8.391656e+01  7.831685e-01  5.852749e-01  5.305156e-01
 8.869432e+01  7.822468e-01  5.804242e-01  5.234044e-01
 9.374409e+01  7.813599e-01  5.756194e-01  5.163160e-01
 9.908137e+01  7.805067e-01  5.708611e-01  5.092536e-01
 1.047225e+02  7.796861e-01  5.661501e-01  5.022199e-01
 1.106848e+02  7.788972e-01  5.614870e-01  4.952177e-01
 1.169866e+02  7.781388e-01  5.568723e-01  4.882498e-01
 1.236472e+02  7.774100e-01  5.523066e-01  4.813188e-01
 1.306870e+02  7.767098e-01  5.477901e-01  4.744272e-01
 1.381276e+02  7.760371e-01  5.433231e-01  4.675772e-01
 1.459919e+02  7.753911e-01  5.389060e-01  4.607712e-01
 1.543038e+02  7.747708e-01  5.345389e-01  4.540114e-01
 1.630891e+02  7.741753e-01  5.302219e-01  4.472997e-01
 1.723745e+02  7.736038e-01  5.259551e-01  4.406383e-01
 1.821885e+02  7.730553e-01  5.217386e-01  4.340288e-01
 1.925614e+02  7.725291e-01  5.175721e-01  4.274730e-01
 2.035248e+02  7.720243e-01  5.134558e-01  4.209727e-01
 2.151123e+02  7.715401e-01  5.093894e-01  4.145292e-01
 2.273597e+02  7.710758e-01  5.053728e-01  4.081442e-01
 2.403043e+02  7.706306e-01  5.014057e-01  4.018188e-01
 2.539859e+02  7.702039e-01  4.974881e-01  3.955543e-01
 2.684465e+02  7.697948e-01  4.936195e-01  3.893520e-01
 2.837304e+02  7.694028e-01  4.897998e-01  3.832128e-01
 2.998844e+02  7.690272e-01  4.860285e-01  3.771378e-01
 3.169582e+02  7.686674e-01  4.823053e-01  3.711277e-01
 3.350041e+02  7.683227e-01  4.786299e-01  3.651835e-01
 3.540774e+02  7.679925e-01  4.750019e-01  3.593057e-01
 3.742366e+02  7.676763e-01  4.714209e-01  3.534952e-01
 3.955436e+02  7.673736e-01  4.678863e-01  3.477524e-01
 4.180637e+02  7.670837e-01  4.643979e-01  3.420777e-01
 4.418660e+02  7.668063e-01  4.609551e-01  3.364717e-01
 4.670234e+02  7.665407e-01  4.575575e-01  3.309347e-01
 4.936132e+02  7.662865e-01  4.542046e-01  3.254669e-01
 5.217169e+02  7.660433e-01  4.508958e-01  3.200685e-01
 5.514206e+02  7.658106e-01  4.476308e-01  3.147398e-01
 5.828155e+02  7.655879e-01  4.444090e-01  3.094807e-01
 6.159978e+02  7.653749e-01  4.412299e-01  3.042915e-01
 6.510694e+02  7.651712e-01  4.380930e-01  2.991719e-01
 6.881377e+02  7.649764e-01  4.349977e-01  2.941220e-01
 7.273165e+02  7.647901e-01  4.319435e-01  2.891416e-01
 7.687260e+02  7.646119e-01  4.289300e-01  2.842306e-01
 8.124930e+02  7.644416e-01  4.259565e-01  2.793888e-01
 8.587519e+02  7.642787e-01  4.230226e-01  2.746159e-01
 9.076446e+02  7.641231e-01  4.201278e-01  2.699116e-01
 9.593209e+02  7.639743e-01  4.172714e-01  2.652757e-01
 1.013939e+03  7.638321e-01  4.144530e-01  2.607077e-01
 1.071668e+03  7.636962e-01  4.116720e-01  2.562073e-01
 1.132683e+03  7.635664e-01  4.089280e-01  2.517740e-01
 1.197171e+03  7.634423e-01  4.062204e-01  2.474074e-01
 1.265332e+03  7.633238e-01  4.035486e-01  2.431070e-01
 1.337373e+03  7.632106e-01  4.009122e-01  2.388724e-01
 1.413516e+03  7.631025e-01  3.983107e-01  2.347028e-01
 1.493993e+03  7.629992e-01  3.957435e-01  2.305980e-01
 1.579053e+03  7.629005e-01  3.932101e-01  2.265571e-01
 1.668956e+03  7.628063e-01  3.907101e-01  2.225798e-01
 1.763977e+03  7.627164e-01  3.882429e-01  2.186653e-01
 1.864409e+03  7.626305e-01  3.858080e-01  2.148130e-01
 1.970558e+03  7.625485e-01  3.834050e-01  2.110224e-01
 2.082751e+03  7.624702e-01  3.810334e-01  2.072927e-01
 2.201331e+03  7.623954e-01  3.786928e-01  2.036233e-01
 2.326663e+03  7.623241e-01  3.763825e-01  2.000135e-01
 2.459130e+03  7.622560e-01  3.741022e-01  1.964627e-01
 2.599140e+03  7.621910e-01  3.718514e-01  1.929701e-01
 2.747121e+03  7.621290e-01  3.696297e-01  1.895352e-01
 2.903527e+03  7.620698e-01  3.674366e-01  1.861570e-01
 3.068838e+03  7.620134e-01  3.652716e-01  1.828350e-01
 3.243561e+03  7.619595e-01  3.631344e-01  1.795685e-01
 3.428231e+03  7.619081e-01  3.610245e-01  1.763567e-01
 3.623416e+03  7.618591e-01  3.589414e-01  1.731990e-01
 3.829714e+03  7.618123e-01  3.568848e-01  1.700945e-01
 4.047757e+03  7.617677e-01  3.548543e-01  1.670426e-01
 4.278214e+03  7.617251e-01  3.528493e-01  1.640426e-01
 4.521792e+03  7.616845e-01  3.508697e-01  1.610937e-01
 4.779239e+03  7.616458e-01  3.489148e-01  1.581953e-01
 5.051342e+03  7.616089e-01  3.469845e-01  1.553466e-01
 5.338938e+03  7.615737e-01  3.450782e-01  1.525468e-01
 5.642908e+03  7.615401e-01  3.431955e-01  1.497954e-01
 5.964185e+03  7.615081e-01  3.413363e-01  1.470915e-01
 6.303753e+03  7.614776e-01  3.394999e-01  1.444346e-01
 6.662655e+03  7.614485e-01  3.376862e-01  1.418237e-01
 7.041990e+03  7.614208e-01  3.358947e-01  1.392584e-01
 7.442922e+03  7.613943e-01  3.341251e-01  1.367379e-01
 7.866682e+03  7.613691e-01  3.323771e-01  1.342614e-01
 8.314568e+03  7.613451e-01  3.306503e-01  1.318284e-01
 8.787954e+03  7.613222e-01  3.289444e-01  1.294381e-01
 9.288292e+03  7.613004e-01  3.272591e-01  1.270898e-01
 9.817117e+03  7.612796e-01  3.255940e-01  1.247830e-01
 1.037605e+04  7.612597e-01  3.239488e-01  1.225169e-01
 1.096681e+04  7.612409e-01  3.223232e-01  1.202909e-01
 1.159120e+04  7.612229e-01  3.207170e-01  1.181044e-01
 1.225114e+04  7.612057e-01  3.191298e-01  1.159566e-01
 1.294865e+04  7.611894e-01  3.175613e-01  1.138471e-01
 1.368587e+04  7.611738e-01  3.160112e-01  1.117751e-01
 1.446507e+04  7.611590e-01  3.144793e-01  1.097400e-01
 1.528864e+04  7.611448e-01  3.129653e-01  1.077412e-01
 1.615909e+04  7.611314e-01  3.114688e-01  1.057782e-01
 1.707910e+04  7.611185e-01  3.099897e-01  1.038503e-01
 1.805149e+04  7.611063e-01  3.085276e-01  1.019569e-01
 1.907924e+04  7.610947e-01  3.070824e-01  1.000975e-01
 2.016551e+04  7.610836e-01  3.056536e-01  9.827146e-02
 2.131362e+04  7.610731e-01  3.042412e-01  9.647824e-02
 2.252711e+04  7.610630e-01  3.028448e-01  9.471727e-02
 2.380968e+04  7.610534e-01  3.014643e-01  9.298802e-02
 2.516527e+04  7.610443e-01  3.000992e-01  9.128993e-02
 2.659804e+04  7.610356e-01  2.987496e-01  8.962247e-02
 2.811239e+04  7.610274e-01  2.974150e-01  8.798511e-02
 2.971296e+04  7.610195e-01  2.960953e-01  8.637734e-02
 3.140465e+04  7.610120e-01  2.947902e-01  8.479863e-02
 3.319266e+04  7.610048e-01  2.934996e-01  8.324850e-02
 3.508247e+04  7.609980e-01  2.922231e-01  8.172643e-02
 3.707988e+04  7.609916e-01  2.909607e-01  8.023193e-02
 3.919100e+04  7.609854e-01  2.897121e-01  7.876454e-02
 4.142232e+04  7.609795e-01  2.884771e-01  7.732376e-02
 4.378069e+04  7.609740e-01  2.872554e-01  7.590914e-02
 4.627332e+04  7.609686e-01  2.860470e-01  7.452021e-02
 4.890787e+04  7.609636e-01  2.848515e-01  7.315652e-02
 5.169242e+04  7.609588e-01  2.836689e-01  7.181762e-02
 5.463550e+04  7.609542e-01  2.824989e-01  7.050308e-02
 5.774615e+04  7.609498e-01  2.813414e-01  6.921246e-02
 6.103390e+04  7.609456e-01  2.801961e-01  6.794534e-02
 6.450884e+04  7.609417e-01  2.790628e-01  6.670130e-02
 6.818162e+04  7.609379e-01  2.779415e-01  6.547993e-02
 7.206351e+04  7.609343e-01  2.768320e-01  6.428082e-02
 7.616642e+04  7.609309e-01  2.757340e-01  6.310357e-02
 8.050292e+04  7.609277e-01  2.746474e-01  6.194781e-02
 8.508632e+04  7.609246e-01  2.735720e-01  6.081313e-02
 8.993067e+04  7.609216e-01  2.725077e-01  5.969916e-02
 9.505083e+04  7.609188e-01  2.714544e-01  5.860554e-02
 1.004625e+05  7.609162e-01  2.704118e-01  5.753188e-02
 1.061823e+05  7.609136e-01  2.693799e-01  5.647785e-02
 1.122277e+05  7.609112e-01  2.683584e-01  5.544307e-02
 1.186174e+05  7.609089e-01  2.673473e-01  5.442721e-02
 1.253708e+05  7.609068e-01  2.663463e-01  5.342992e-02
 1.325087e+05  7.609047e-01  2.653553e-01  5.245087e-02
 1.400531e+05  7.609027e-01  2.643743e-01  5.148973e-02
 1.480269e+05  7.609008e-01  2.634030e-01  5.054617e-02
 1.564548e+05  7.608990e-01  2.624414e-01  4.961987e-02
 1.653624e+05  7.608973e-01  2.614893e-01  4.871053e-02
 1.747773e+05  7.608957e-01  2.605465e-01  4.781783e-02
 1.847281e+05  7.608941e-01  2.596129e-01  4.694148e-02
 1.952456e+05  7.608927e-01  2.586885e-01  4.608117e-02
 2.063618e+05  7.608913e-01  2.577731e-01  4.523661e-02
 2.181109e+05  7.608899e-01  2.568665e-01  4.440752e-02
 2.305289e+05  7.608887e-01  2.559687e-01  4.359362e-02
 2.436540e+05  7.608875e-01  2.550795e-01  4.279463e-02
 2.575263e+05  7.608863e-01  2.541988e-01  4.201027e-02
 2.721885e+05  7.608852e-01  2.533266e-01  4.124029e-02
 2.876854e+05  7.608842e-01  2.524626e-01  4.048442e-02
 3.040646e+05  7.608832e-01  2.516068e-01  3.974240e-02
 3.213764e+05  7.608822e-01  2.507591e-01  3.901398e-02
 3.396739e+05  7.608813e-01  2.499193e-01  3.829891e-02
 3.590130e+05  7.608805e-01  2.490875e-01  3.759695e-02
 3.794533e+05  7.608797e-01  2.482633e-01  3.690786e-02
 4.010573e+05  7.608789e-01  2.474469e-01  3.623140e-02
 4.238913e+05  7.608782e-01  2.466379e-01  3.556735e-02
 4.480254e+05  7.608775e-01  2.458365e-01  3.491546e-02
 4.735335e+05  7.608768e-01  2.450424e-01  3.427554e-02
 5.004939e+05  7.608762e-01  2.442556e-01  3.364734e-02
 5.289893e+05  7.608756e-01  2.434760e-01  3.303067e-02
 5.591071e+05  7.608750e-01  2.427034e-01  3.242530e-02
 5.909396e+05  7.608744e-01  2.419379e-01  3.183104e-02
 6.245845e+05  7.608739e-01  2.411792e-01  3.124767e-02
 6.601449e+05  7.608734e-01  2.404274e-01  3.067501e-02
 6.977300e+05  7.608729e-01  2.396823e-01  3.011284e-02
 7.374549e+05  7.608725e-01  2.389439e-01  2.956099e-02
 7.794416e+05  7.608721e-01  2.382120e-01  2.901926e-02
 8.238187e+05  7.608716e-01  2.374866e-01  2.848746e-02
 8.707225e+05  7.608713e-01  2.367677e-01  2.796542e-02
 9.202967e+05  7.608709e-01  2.360550e-01  2.745295e-02
 9.726934e+05  7.608705e-01  2.353486e-01  2.694988e-02
 1.028073e+06  7.608702e-01  2.346483e-01  2.645604e-02
 1.086606e+06  7.608699e-01  2.339542e-01  2.597126e-02
 1.148472e+06  7.608696e-01  2.332661e-01  2.549537e-02
 1.213859e+06  7.608693e-01  2.325839e-01  2.502821e-02
 1.282970e+06  7.608690e-01  2.319076e-01  2.456961e-02
 1.356015e+06  7.608687e-01  2.312371e-01  2.411943e-02
 1.433219e+06  7.608685e-01  2.305723e-01  2.367751e-02
 1.514819e+06  7.608682e-01  2.299132e-01  2.324369e-02
 1.601064e+06  7.608680e-01  2.292597e-01  2.281782e-02
 1.692220e+06  7.608678e-01  2.286117e-01  2.239977e-02
 1.788566e+06  7.608675e-01  2.279692e-01  2.198939e-02
 1.890397e+06  7.608673e-01  2.273321e-01  2.158653e-02
 1.998026e+06  7.608672e-01  2.267003e-01  2.119106e-02
 2.111783e+06  7.608670e-01  2.260738e-01  2.080284e-02
 2.232016e+06  7.608668e-01  2.254525e-01  2.042174e-02
 2.359095e+06  7.608666e-01  2.248363e-01  2.004763e-02
 2.493409e+06  7.608665e-01  2.242253e-01  1.968039e-02
 2.635371e+06  7.608663e-01  2.236192e-01  1.931987e-02
 2.785414e+06  7.608662e-01  2.230182e-01  1.896597e-02
 2.944000e+06  7.608660e-01  2.224220e-01  1.861856e-02
 3.111616e+06  7.608659e-01  2.218307e-01  1.827752e-02
 3.288774e+06  7.608657e-01  2.212442e-01  1.794273e-02
 3.476019e+06  7.608656e-01  2.206625e-01  1.761408e-02
 3.673925e+06  7.608655e-01  2.200855e-01  1.729146e-02
 3.883098e+06  7.608654e-01  2.195131e-01  1.697475e-02
 4.104181e+06  7.608653e-01  2.189452e-01  1.666385e-02
 4.337850e+06  7.608652e-01  2.183820e-01  1.635865e-02
 4.584824e+06  7.608651e-01  2.178232e-01  1.605905e-02
 4.845859e+06  7.608650e-01  2.172688e-01  1.576494e-02
 5.121755e+06  7.608649e-01  2.167188e-01  1.547622e-02
 5.413360e+06  7.608648e-01  2.161732e-01  1.519279e-02
 5.721568e+06  7.608647e-01  2.156318e-01  1.491456e-02
 6.047322e+06  7.608646e-01  2.150947e-01  1.464143e-02
 6.391624e+06  7.608645e-01  2.145618e-01  1.437331e-02
 6.755528e+06  7.608645e-01  2.140330e-01  1.411010e-02
 7.140151e+06  7.608644e-01  2.135084e-01  1.385172e-02
 7.546673e+06  7.608643e-01  2.129878e-01  1.359807e-02
 7.976339e+06  7.608642e-01  2.124712e-01  1.334907e-02
 8.430468e+06  7.608642e-01  2.119585e-01  1.310464e-02
 8.910453e+06  7.608641e-01  2.114499e-01  1.286469e-02
 9.417766e+06  7.608640e-01  2.109450e-01  1.262913e-02
 9.953962e+06  7.608640e-01  2.104441e-01  1.239789e-02
 1.052069e+07  7.608639e-01  2.099469e-01  1.217089e-02
 1.111968e+07  7.608639e-01  2.094535e-01  1.194805e-02
 1.175277e+07  7.608638e-01  2.089638e-01  1.172929e-02
 1.242191e+07  7.608637e-01  2.084778e-01  1.151454e-02
 1.312915e+07  7.608637e-01  2.079954e-01  1.130373e-02
 1.387665e+07  7.608636e-01  2.075167e-01  1.109678e-02
 1.466671e+07  7.608636e-01  2.070415e-01  1.089363e-02
 1.550175e+07  7.608635e-01  2.065698e-01  1.069419e-02
 1.638434e+07  7.608635e-01  2.061017e-01  1.049841e-02
 1.731717e+07  7.608634e-01  2.056369e-01  1.030622e-02
 1.830312e+07  7.608634e-01  2.051756e-01  1.011755e-02
 1.934520e+07  7.608634e-01  2.047177e-01  9.932331e-03
 2.044661e+07  7.608633e-01  2.042632e-01  9.750509e-03
 2.161073e+07  7.608633e-01  2.038119e-01  9.572019e-03
 2.284112e+07  7.608632e-01  2.033640e-01  9.396798e-03
 2.414157e+07  7.608632e-01  2.029193e-01  9.224788e-03
 2.551606e+07  7.608631e-01  2.024778e-01  9.055929e-03
 2.696881e+07  7.608631e-01  2.020394e-01  8.890163e-03
 2.850426e+07  7.608631e-01  2.016043e-01  8.727434e-03
 3.012714e+07  7.608630e-01  2.011722e-01  8.567685e-03
 3.184242e+07  7.608630e-01  2.007433e-01  8.410863e-03
 3.365535e+07  7.608630e-01  2.003174e-01  8.256914e-03
 3.557150e+07  7.608629e-01  1.998945e-01  8.105784e-03
 3.759675e+07  7.608629e-01  1.994746e-01  7.957423e-03
 3.973730e+07  7.608629e-01  1.990577e-01  7.811778e-03
 4.199973e+07  7.608628e-01  1.986437e-01  7.668802e-03
 4.439097e+07  7.608628e-01  1.982326e-01  7.528444e-03
 4.691835e+07  7.608628e-01  1.978244e-01  7.390657e-03
 4.958962e+07  7.608627e-01  1.974191e-01  7.255393e-03
 5.241298e+07  7.608627e-01  1.970166e-01  7.122607e-03
 5.539709e+07  7.608627e-01  1.966168e-01  6.992252e-03
 5.855110e+07  7.608626e-01  1.962199e-01  6.864284e-03
 6.188468e+07  7.608626e-01  1.958257e-01  6.738660e-03
 6.540806e+07  7.608626e-01  1.954342e-01  6.615337e-03
 6.913204e+07  7.608625e-01  1.950453e-01  6.494272e-03
 7.306804e+07  7.608625e-01  1.946592e-01  6.375423e-03
 7.722814e+07  7.608625e-01  1.942757e-01  6.258751e-03
 8.162509e+07  7.608624e-01  1.938948e-01  6.144215e-03
 8.627237e+07  7.608624e-01  1.935165e-01  6.031777e-03
 9.118425e+07  7.608624e-01  1.931407e-01  5.921397e-03
 9.637579e+07  7.608623e-01  1.927675e-01  5.813039e-03
 1.018629e+08  7.608623e-01  1.923968e-01  5.706664e-03
 1.076624e+08  7.608623e-01  1.920286e-01  5.602237e-03
 1.137921e+08  7.608623e-01  1.916628e-01  5.499722e-03
 1.202708e+08  7.608622e-01  1.912995e-01  5.399084e-03
 1.271184e+08  7.608622e-01  1.909387e-01  5.300288e-03
 1.343558e+08  7.608622e-01  1.905802e-01  5.203301e-03
 1.420053e+08  7.608621e-01  1.902241e-01  5.108090e-03
 1.500903e+08  7.608621e-01  1.898703e-01  5.014622e-03
 1.586357e+08  7.608621e-01  1.895189e-01  4.922865e-03
 1.676675e+08  7.608620e-01  1.891698e-01  4.832788e-03
 1.772136e+08  7.608620e-01  1.888230e-01  4.744359e-03
 1.873032e+08  7.608620e-01  1.884785e-01  4.657550e-03
 1.979672e+08  7.608620e-01  1.881362e-01  4.572329e-03
 2.092383e+08  7.608619e-01  1.877961e-01  4.488669e-03
 2.211512e+08  7.608619e-01  1.874583e-01  4.406540e-03
 2.337424e+08  7.608619e-01  1.871226e-01  4.325914e-03
 2.470504e+08  7.608618e-01  1.867891e-01  4.246764e-03
 2.611161e+08  7.608618e-01  1.864578e-01  4.169063e-03
 2.759826e+08  7.608618e-01  1.861285e-01  4.092785e-03
 2.916956e+08  7.608618e-01  1.858014e-01  4.017902e-03
 3.083031e+08  7.608617e-01  1.854764e-01  3.944390e-03
 3.258562e+08  7.608617e-01  1.851535e-01  3.872224e-03
 3.444087e+08  7.608617e-01  1.848326e-01  3.801378e-03
 3.640175e+08  7.608616e-01  1.845137e-01  3.731829e-03
 3.847427e+08  7.608616e-01  1.841969e-01  3.663553e-03
 4.066478e+08  7.608616e-01  1.838821e-01  3.596527e-03
 4.298001e+08  7.608616e-01  1.835692e-01  3.530727e-03
 4.542706e+08  7.608615e-01  1.832583e-01  3.466132e-03
 4.801343e+08  7.608615e-01  1.829494e-01  3.402719e-03
 5.074705e+08  7.608615e-01  1.826424e-01  3.340466e-03
 5.363631e+08  7.608614e-01  1.823373e-01  3.279353e-03
 5.669007e+08  7.608614e-01  1.820341e-01  3.219358e-03
 5.991770e+08  7.608614e-01  1.817328e-01  3.160461e-03
 6.332908e+08  7.608614e-01  1.814334e-01  3.102642e-03
 6.693470e+08  7.608613e-01  1.811358e-01  3.045881e-03
 7.074559e+08  7.608613e-01  1.808401e-01  2.990159e-03
 7.477346e+08  7.608613e-01  1.805461e-01  2.935456e-03
 7.903066e+08  7.608612e-01  1.802540e-01  2.881755e-03
 8.353023e+08  7.608612e-01  1.799637e-01  2.829036e-03
 8.828599e+08  7.608612e-01  1.796751e-01  2.777282e-03
 9.331251e+08  7.608612e-01  1.793883e-01  2.726475e-03
 9.862522e+08  7.608611e-01  1.791032e-01  2.676597e-03
 1.042404e+09  7.608611e-01  1.788199e-01  2.627633e-03
 1.101753e+09  7.608611e-01  1.785383e-01  2.579564e-03
 1.164481e+09  7.608610e-01  1.782584e-01  2.532375e-03
 1.230780e+09  7.608610e-01  1.779801e-01  2.486050e-03
 1.300854e+09  7.608610e-01  1.777036e-01  2.440572e-03
 1.374917e+09  7.608610e-01  1.774287e-01  2.395926e-03
 1.453198e+09  7.608609e-01  1.771554e-01  2.352097e-03
 1.535935e+09  7.608609e-01  1.768838e-01  2.309070e-03
 1.623382e+09  7.608609e-01  1.766138e-01  2.266831e-03
 1.715809e+09  7.608608e-01  1.763454e-01  2.225364e-03
 1.813498e+09  7.608608e-01  1.760786e-01  2.184656e-03
 1.916748e+09  7.608608e-01  1.758133e-01  2.144693e-03
 2.025878e+09  7.608608e-01  1.755496e-01  2.105461e-03
 2.141220e+09  7.608607e-01  1.752875e-01  2.066947e-03
 2.263130e+09  7.608607e-01  1.750269e-01  2.029137e-03
 2.391980e+09  7.608607e-01  1.747679e-01  1.992020e-03
 2.528166e+09  7.608606e-01  1.745104e-01  1.955581e-03
 2.672106e+09  7.608606e-01  1.742543e-01  1.919809e-03
 2.824241e+09  7.608606e-01  1.739998e-01  1.884692e-03
 2.985038e+09  7.608605e-01  1.737467e-01  1.850217e-03
 3.154990e+09  7.608605e-01  1.734951e-01  1.816373e-03
 3.334618e+09  7.608605e-01  1.732450e-01  1.783148e-03
 3.524473e+09  7.608605e-01  1.729963e-01  1.750531e-03
 3.725137e+09  7.608604e-01  1.727490e-01  1.718510e-03
 3.937226e+09  7.608604e-01  1.725032e-01  1.687076e-03
 4.161391e+09  7.608604e-01  1.722588e-01  1.656216e-03
 4.398317e+09  7.608603e-01  1.720157e-01  1.625921e-03
 4.648734e+09  7.608603e-01  1.717741e-01  1.596181e-03
 4.913407e+09  7.608603e-01  1.715338e-01  1.566984e-03
 5.193150e+09  7.608602e-01  1.712949e-01  1.538322e-03
 5.488820e+09  7.608602e-01  1.710574e-01  1.510184e-03
 5.801323e+09  7.608602e-01  1.708212e-01  1.482561e-03
 6.131619e+09  7.608601e-01  1.705864e-01  1.455443e-03
 6.480720e+09  7.608601e-01  1.703528e-01  1.428821e-03
 6.849697e+09  7.608601e-01  1.701206e-01  1.402686e-03
 7.239681e+09  7.608601e-01  1.698897e-01  1.377029e-03
 7.651869e+09  7.608600e-01  1.696601e-01  1.351842e-03
 8.087525e+09  7.608600e-01  1.694317e-01  1.327115e-03
 8.547985e+09  7.608600e-01  1.692047e-01  1.302841e-03
 9.034660e+09  7.608599e-01  1.689789e-01  1.279011e-03
 9.549045e+09  7.608599e-01  1.687544e-01  1.255617e-03
 1.009272e+10  7.608599e-01  1.685311e-01  1.232650e-03
 1.066734e+10  7.608598e-01  1.683090e-01  1.210104e-03
 1.127468e+10  7.608598e-01  1.680882e-01  1.187971e-03
 1.191660e+10  7.608598e-01  1.678686e-01  1.166242e-03
 1.259506e+10  7.608597e-01  1.676502e-01  1.144910e-03
 1.331216e+10  7.608597e-01  1.674330e-01  1.123969e-03
 1.407008e+10  7.608597e-01  1.672170e-01  1.103411e-03
 1.487115e+10  7.608596e-01  1.670022e-01  1.083229e-03
 1.571784e+10  7.608596e-01  1.667885e-01  1.063417e-03
 1.661273e+10  7.608596e-01  1.665760e-01  1.043966e-03
 1.755856e+10  7.608596e-01  1.663647e-01  1.024872e-03
 1.855825e+10  7.608595e-01  1.661545e-01  1.006126e-03
 1.961486e+10  7.608595e-01  1.659455e-01  9.877239e-04
 2.073162e+10  7.608595e-01  1.657376e-01  9.696582e-04
 2.191197e+10  7.608594e-01  1.655308e-01  9.519229e-04
 2.315951e+10  7.608594e-01  1.653251e-01  9.345120e-04
 2.447809e+10  7.608594e-01  1.651205e-01  9.174196e-04
 2.587174e+10  7.608593e-01  1.649171e-01  9.006398e-04
 2.734474e+10  7.608593e-01  1.647147e-01  8.841670e-04
 2.890160e+10  7.608593e-01  1.645134e-01  8.679955e-04
 3.054710e+10  7.608592e-01  1.643132e-01  8.521198e-04
 3.228628e+10  7.608592e-01  1.641140e-01  8.365346e-04
 3.412449e+10  7.608592e-01  1.639159e-01  8.212343e-04
 3.606735e+10  7.608591e-01  1.637189e-01  8.062140e-04
 3.812083e+10  7.608591e-01  1.635229e-01  7.914684e-04
 4.029122e+10  7.608591e-01  1.633279e-01  7.769925e-04
 4.258518e+10  7.608590e-01  1.631340e-01  7.627814e-04
 4.500975e+10  7.608590e-01  1.629411e-01  7.488303e-04
 4.757236e+10  7.608590e-01  1.627492e-01  7.351343e-04
 5.028087e+10  7.608589e-01  1.625583e-01  7.216888e-04
 5.314359e+10  7.608589e-01  1.623684e-01  7.084893e-04
 5.616930e+10  7.608589e-01  1.621795e-01  6.955312e-04
 5.936727e+10  7.608588e-01  1.619916e-01  6.828102e-04
 6.274732e+10  7.608588e-01  1.618047e-01  6.703218e-04
 6.631981e+10  7.608588e-01  1.616188e-01  6.580618e-04
 7.009570e+10  7.608587e-01  1.614338e-01  6.460261e-04
 7.408657e+10  7.608587e-01  1.612498e-01  6.342106e-04
 7.830465e+10  7.608587e-01  1.610667e-01  6.226111e-04
 8.276289e+10  7.608586e-01  1.608846e-01  6.112238e-04
 8.747496e+10  7.608586e-01  1.607034e-01  6.000448e-04
 9.245531e+10  7.608586e-01  1.605231e-01  5.890703e-04
 9.771921e+10  7.608585e-01  1.603438e-01  5.782965e-04
 1.032828e+11  7.608585e-01  1.601654e-01  5.677197e-04
 1.091632e+11  7.608585e-01  1.599879e-01  5.573365e-04
 1.153783e+11  7.608584e-01  1.598113e-01  5.471431e-04
 1.219473e+11  7.608584e-01  1.596356e-01  5.371362e-04
 1.288904e+11  7.608584e-01  1.594608e-01  5.273123e-04
 1.362287e+11  7.608583e-01  1.592869e-01  5.176681e-04
 1.439848e+11  7.608583e-01  1.591139e-01  5.082003e-04
 1.521825e+11  7.608583e-01  1.589418e-01  4.989056e-04
 1.608469e+11  7.608582e-01  1.587705e-01  4.897810e-04
 1.700047e+11  7.608582e-01  1.586001e-01  4.808232e-04
 1.796838e+11  7.608581e-01  1.584306e-01  4.720293e-04
 1.899141e+11  7.608581e-01  1.582619e-01  4.633962e-04
 2.007267e+11  7.608581e-01  1.580940e-01  4.549211e-04
 2.121550e+11  7.608580e-01  1.579270e-01  4.466009e-04
 2.242340e+11  7.608580e-01  1.577609e-01  4.384329e-04
 2.370006e+11  7.608580e-01  1.575955e-01  4.304144e-04
 2.504942e+11  7.608579e-01  1.574310e-01  4.225424e-04
 2.647559e+11  7.608579e-01  1.572673e-01  4.148145e-04
 2.798297e+11  7.608579e-01  1.571045e-01  4.072279e-04
 2.957617e+11  7.608578e-01  1.569424e-01  3.997800e-04
 3.126007e+11  7.608578e-01  1.567812e-01  3.924684e-04
 3.303985e+11  7.608578e-01  1.566207e-01  3.852905e-04
 3.492096e+11  7.608577e-01  1.564610e-01  3.782439e-04
 3.690917e+11  7.608577e-01  1.563022e-01  3.713262e-04
 3.901058e+11  7.608576e-01  1.561441e-01  3.645350e-04
 4.123163e+11  7.608576e-01  1.559868e-01  3.578680e-04
 4.357913e+11  7.608576e-01  1.558302e-01  3.513229e-04
 4.606029e+11  7.608575e-01  1.556744e-01  3.448976e-04
 4.868271e+11  7.608575e-01  1.555194e-01  3.385897e-04
 5.145444e+11  7.608575e-01  1.553652e-01  3.323973e-04
 5.438397e+11  7.608574e-01  1.552117e-01  3.263181e-04
 5.748030e+11  7.608574e-01  1.550589e-01  3.203501e-04
 6.075292e+11  7.608574e-01  1.549069e-01  3.144912e-04
 6.421186e+11  7.608573e-01  1.547557e-01  3.087395e-04
 6.786773e+11  7.608573e-01  1.546051e-01  3.030930e-04
 7.173175e+11  7.608573e-01  1.544553e-01  2.975497e-04
 7.581576e+11  7.608572e-01  1.543062e-01  2.921079e-04
 8.013230e+11  7.608572e-01  1.541579e-01  2.867655e-04
 8.469460e+11  7.608571e-01  1.540102e-01  2.815209e-04
 8.951665e+11  7.608571e-01  1.538633e-01  2.763722e-04
 9.461324e+11  7.608571e-01  1.537171e-01  2.713177e-04
 1.000000e+12  7.608570e-01  1.535715e-01  2.663556e-04
