#           N         Chain          BCCA          BPCA
 1.000000e+00  9.957378e-01  9.957378e-01  9.957378e-01
 1.056935e+00  9.911811e-01  9.911811e-01  9.911811e-01
 1.117111e+00  9.865809e-01  9.865809e-01  9.865809e-01
 1.180713e+00  9.819382e-01  9.819382e-01  9.819382e-01
 1.247936e+00  9.772542e-01  9.772542e-01  9.772542e-01
 1.318987e+00  9.725299e-01  9.725299e-01  9.725299e-01
 1.394083e+00  9.677665e-01  9.677665e-01  9.677665e-01
 1.473454e+00  9.629652e-01  9.629652e-01  9.629652e-01
 1.557345e+00  9.581269e-01  9.581269e-01  9.581269e-01
 1.646012e+00  9.532529e-01  9.532529e-01  9.532529e-01
 1.739726e+00  9.483442e-01  9.483442e-01  9.483442e-01
 1.838777e+00  9.434019e-01  9.434019e-01  9.434019e-01
 1.943467e+00  9.384270e-01  9.384270e-01  9.384270e-01
 2.054117e+00  9.334208e-01  9.334208e-01  9.334208e-01
 2.171068e+00  9.283842e-01  9.283842e-01  9.283842e-01
 2.294676e+00  9.233184e-01  9.233184e-01  9.233184e-01
 2.425323e+00  9.182243e-01  9.182243e-01  9.182243e-01
 2.563407e+00  9.145080e-01  9.131031e-01  9.131031e-01
 2.709354e+00  9.124124e-01  9.079558e-01  9.079558e-01
 2.863610e+00  9.102280e-01  9.027834e-01  9.027834e-01
 3.026648e+00  9.079694e-01  8.975869e-01  8.975869e-01
 3.198969e+00  9.056512e-01  8.923675e-01  8.923675e-01
 3.381101e+00  9.032875e-01  8.871261e-01  8.871261e-01
 3.573602e+00  9.008920e-01  8.818637e-01  8.818637e-01
 3.777064e+00  8.984777e-01  8.765813e-01  8.765813e-01
 3.992109e+00  8.960565e-01  8.712799e-01  8.712799e-01
 4.219398e+00  8.936396e-01  8.659605e-01  8.659605e-01
 4.459628e+00  8.912370e-01  8.606242e-01  8.606242e-01
 4.713535e+00  8.888577e-01  8.552717e-01  8.552717e-01
 4.981898e+00  8.865096e-01  8.499042e-01  8.499042e-01
 5.265540e+00  8.841998e-01  8.445225e-01  8.445225e-01
 5.565331e+00  8.819341e-01  8.391276e-01  8.391276e-01
 5.882190e+00  8.797178e-01  8.337204e-01  8.337204e-01
 6.217090e+00  8.775550e-01  8.283019e-01  8.283019e-01
 6.571058e+00  8.754492e-01  8.228729e-01  8.228729e-01
 6.945178e+00  8.734031e-01  8.174343e-01  8.174343e-01
 7.340598e+00  8.714188e-01  8.119871e-01  8.119871e-01
 7.758532e+00  8.694978e-01  8.065321e-01  8.065321e-01
 8.200261e+00  8.676410e-01  8.017996e-01  8.016689e-01
 8.667139e+00  8.658490e-01  7.979615e-01  7.975038e-01
 9.160598e+00  8.641219e-01  7.941153e-01  7.932815e-01
 9.682153e+00  8.624593e-01  7.902652e-01  7.890038e-01
 1.023340e+01  8.608609e-01  7.864149e-01  7.846723e-01
 1.081604e+01  8.593257e-01  7.825678e-01  7.802889e-01
 1.143184e+01  8.578527e-01  7.787271e-01  7.758552e-01
 1.208271e+01  8.564407e-01  7.748959e-01  7.713728e-01
 1.277063e+01  8.550884e-01  7.710769e-01  7.668433e-01
 1.349772e+01  8.537942e-01  7.672727e-01  7.622684e-01
 1.426621e+01  8.525566e-01  7.634855e-01  7.576496e-01
 1.507845e+01  8.513738e-01  7.597175e-01  7.529884e-01
 1.593694e+01  8.502442e-01  7.559707e-01  7.482864e-01
 1.684430e+01  8.491661e-01  7.522468e-01  7.435450e-01
 1.780332e+01  8.481376e-01  7.485474e-01  7.387657e-01
 1.881694e+01  8.471569e-01  7.448739e-01  7.339499e-01
 1.988828e+01  8.462224e-01  7.412276e-01  7.290990e-01
 2.102061e+01  8.453321e-01  7.376097e-01  7.242144e-01
 2.221741e+01  8.444844e-01  7.340210e-01  7.192975e-01
 2.348235e+01  8.436776e-01  7.304626e-01  7.143495e-01
 2.481930e+01  8.429099e-01  7.269351e-01  7.093719e-01
 2.623238e+01  8.421797e-01  7.234393e-01  7.043658e-01
 2.772591e+01  8.414854e-01  7.199756e-01  6.993326e-01
 2.930447e+01  8.408254e-01  7.165445e-01  6.942735e-01
 3.097291e+01  8.401982e-01  7.131464e-01  6.891898e-01
 3.273634e+01  8.396023e-01  7.097815e-01  6.840827e-01
 3.460016e+01  8.390363e-01  7.064502e-01  6.789533e-01
 3.657011e+01  8.384989e-01  7.031526e-01  6.738029e-01
 3.865221e+01  8.379886e-01  6.998886e-01  6.686327e-01
 4.085286e+01  8.375043e-01  6.966585e-01  6.634438e-01
 4.317880e+01  8.370446e-01  6.934622e-01  6.582373e-01
 4.563716e+01  8.366084e-01  6.902996e-01  6.530144e-01
 4.823549e+01  8.361946e-01  6.871706e-01  6.477762e-01
 5.098176e+01  8.358021e-01  6.840751e-01  6.425238e-01
 5.388438e+01  8.354298e-01  6.810130e-01  6.372584e-01
 5.695227e+01  8.350768e-01  6.779840e-01  6.319809e-01
 6.019482e+01  8.347421e-01  6.749879e-01  6.266926e-01
 6.362198e+01  8.344247e-01  6.720245e-01  6.213945e-01
 6.724427e+01  8.341239e-01  6.690934e-01  6.160876e-01
 7.107280e+01  8.338388e-01  6.661945e-01  6.107730e-01
 7.511929e+01  8.335685e-01  6.633273e-01  6.054517e-01
 7.939618e+01  8.333124e-01  6.604917e-01  6.001248e-01
 8.391656e+01  8.330698e-01  6.576871e-01  5.947933e-01
 8.869432e+01  8.328398e-01  6.549134e-01  5.894582e-01
 9.374409e+01  8.326220e-01  6.521702e-01  5.841206e-01
 9.908137e+01  8.324156e-01  6.494570e-01  5.787814e-01
 1.047225e+02  8.322201e-01  6.467736e-01  5.734416e-01
 1.106848e+02  8.320350e-01  6.441196e-01  5.681023e-01
 1.169866e+02  8.318596e-01  6.414945e-01  5.627644e-01
 1.236472e+02  8.316935e-01  6.388981e-01  5.574289e-01
 1.306870e+02  8.315362e-01  6.363299e-01  5.520968e-01
 1.381276e+02  8.313872e-01  6.337896e-01  5.467689e-01
 1.459919e+02  8.312461e-01  6.312767e-01  5.414463e-01
 1.543038e+02  8.311125e-01  6.287910e-01  5.361299e-01
 1.630891e+02  8.309861e-01  6.263320e-01  5.308207e-01
 1.723745e+02  8.308663e-01  6.238994e-01  5.255194e-01
 1.821885e+02  8.307529e-01  6.214928e-01  5.202272e-01
 1.925614e+02  8.306456e-01  6.191118e-01  5.149448e-01
 2.035248e+02  8.305439e-01  6.167560e-01  5.096731e-01
 2.151123e+02  8.304477e-01  6.144251e-01  5.044131e-01
 2.273597e+02  8.303567e-01  6.121188e-01  4.991656e-01
 2.403043e+02  8.302705e-01  6.098367e-01  4.939314e-01
 2.539859e+02  8.301888e-01  6.075783e-01  4.887115e-01
 2.684465e+02  8.301116e-01  6.053435e-01  4.835066e-01
 2.837304e+02  8.300385e-01  6.031318e-01  4.783176e-01
 2.998844e+02  8.299693e-01  6.009429e-01  4.731453e-01
 3.169582e+02  8.299037e-01  5.987765e-01  4.679905e-01
 3.350041e+02  8.298417e-01  5.966322e-01  4.628540e-01
 3.540774e+02  8.297831e-01  5.945097e-01  4.577365e-01
 3.742366e+02  8.297275e-01  5.924087e-01  4.526388e-01
 3.955436e+02  8.296750e-01  5.903290e-01  4.475617e-01
 4.180637e+02  8.296252e-01  5.882700e-01  4.425060e-01
 4.418660e+02  8.295781e-01  5.862317e-01  4.374722e-01
 4.670234e+02  8.295336e-01  5.842136e-01  4.324612e-01
 4.936132e+02  8.294914e-01  5.822156e-01  4.274736e-01
 5.217169e+02  8.294515e-01  5.802372e-01  4.225101e-01
 5.514206e+02  8.294137e-01  5.782782e-01  4.175713e-01
 5.828155e+02  8.293780e-01  5.763384e-01  4.126580e-01
 6.159978e+02  8.293441e-01  5.744174e-01  4.077707e-01
 6.510694e+02  8.293121e-01  5.725150e-01  4.029101e-01
 6.881377e+02  8.292818e-01  5.706309e-01  3.980768e-01
 7.273165e+02  8.292532e-01  5.687649e-01  3.932713e-01
 7.687260e+02  8.292261e-01  5.669167e-01  3.884942e-01
 8.124930e+02  8.292004e-01  5.650860e-01  3.837460e-01
 8.587519e+02  8.291761e-01  5.632727e-01  3.790274e-01
 9.076446e+02  8.291531e-01  5.614765e-01  3.743388e-01
 9.593209e+02  8.291314e-01  5.596970e-01  3.696807e-01
 1.013939e+03  8.291108e-01  5.579342e-01  3.650536e-01
 1.071668e+03  8.290913e-01  5.561878e-01  3.604579e-01
 1.132683e+03  8.290729e-01  5.544575e-01  3.558942e-01
 1.197171e+03  8.290555e-01  5.527431e-01  3.513629e-01
 1.265332e+03  8.290390e-01  5.510444e-01  3.468643e-01
 1.337373e+03  8.290233e-01  5.493613e-01  3.423989e-01
 1.413516e+03  8.290086e-01  5.476934e-01  3.379670e-01
 1.493993e+03  8.289946e-01  5.460406e-01  3.335691e-01
 1.579053e+03  8.289814e-01  5.444027e-01  3.292054e-01
 1.668956e+03  8.289689e-01  5.427794e-01  3.248764e-01
 1.763977e+03  8.289570e-01  5.411707e-01  3.205822e-01
 1.864409e+03  8.289458e-01  5.395763e-01  3.163233e-01
 1.970558e+03  8.289352e-01  5.379960e-01  3.120999e-01
 2.082751e+03  8.289252e-01  5.364296e-01  3.079122e-01
 2.201331e+03  8.289157e-01  5.348769e-01  3.037606e-01
 2.326663e+03  8.289067e-01  5.333378e-01  2.996452e-01
 2.459130e+03  8.288982e-01  5.318122e-01  2.955663e-01
 2.599140e+03  8.288901e-01  5.302997e-01  2.915240e-01
 2.747121e+03  8.288825e-01  5.288003e-01  2.875186e-01
 2.903527e+03  8.288753e-01  5.273138e-01  2.835502e-01
 3.068838e+03  8.288685e-01  5.258400e-01  2.796190e-01
 3.243561e+03  8.288621e-01  5.243788e-01  2.757250e-01
 3.428231e+03  8.288560e-01  5.229300e-01  2.718686e-01
 3.623416e+03  8.288502e-01  5.214935e-01  2.680496e-01
 3.829714e+03  8.288447e-01  5.200690e-01  2.642683e-01
 4.047757e+03  8.288396e-01  5.186565e-01  2.605247e-01
 4.278214e+03  8.288347e-01  5.172558e-01  2.568189e-01
 4.521792e+03  8.288300e-01  5.158668e-01  2.531509e-01
 4.779239e+03  8.288257e-01  5.144893e-01  2.495208e-01
 5.051342e+03  8.288215e-01  5.131232e-01  2.459286e-01
 5.338938e+03  8.288176e-01  5.117684e-01  2.423743e-01
 5.642908e+03  8.288139e-01  5.104246e-01  2.388578e-01
 5.964185e+03  8.288104e-01  5.090918e-01  2.353793e-01
 6.303753e+03  8.288070e-01  5.077699e-01  2.319386e-01
 6.662655e+03  8.288039e-01  5.064587e-01  2.285358e-01
 7.041990e+03  8.288009e-01  5.051581e-01  2.251707e-01
 7.442922e+03  8.287981e-01  5.038679e-01  2.218433e-01
 7.866682e+03  8.287954e-01  5.025881e-01  2.185536e-01
 8.314568e+03  8.287929e-01  5.013186e-01  2.153014e-01
 8.787954e+03  8.287905e-01  5.000591e-01  2.120866e-01
 9.288292e+03  8.287883e-01  4.988096e-01  2.089092e-01
 9.817117e+03  8.287861e-01  4.975700e-01  2.057690e-01
 1.037605e+04  8.287841e-01  4.963402e-01  2.026660e-01
 1.096681e+04  8.287822e-01  4.951200e-01  1.995999e-01
 1.159120e+04  8.287804e-01  4.939094e-01  1.965706e-01
 1.225114e+04  8.287787e-01  4.927082e-01  1.935780e-01
 1.294865e+04  8.287771e-01  4.915163e-01  1.906219e-01
 1.368587e+04  8.287755e-01  4.903336e-01  1.877021e-01
 1.446507e+04  8.287741e-01  4.891601e-01  1.848185e-01
 1.528864e+04  8.287727e-01  4.879956e-01  1.819709e-01
 1.615909e+04  8.287714e-01  4.868400e-01  1.791591e-01
 1.707910e+04  8.287702e-01  4.856933e-01  1.763828e-01
 1.805149e+04  8.287690e-01  4.845552e-01  1.736419e-01
 1.907924e+04  8.287679e-01  4.834258e-01  1.709362e-01
 2.016551e+04  8.287668e-01  4.823050e-01  1.682654e-01
 2.131362e+04  8.287658e-01  4.811925e-01  1.656293e-01
 2.252711e+04  8.287649e-01  4.800885e-01  1.630277e-01
 2.380968e+04  8.287640e-01  4.789927e-01  1.604604e-01
 2.516527e+04  8.287632e-01  4.779050e-01  1.579270e-01
 2.659804e+04  8.287624e-01  4.768255e-01  1.554274e-01
 2.811239e+04  8.287616e-01  4.757540e-01  1.529613e-01
 2.971296e+04  8.287609e-01  4.746903e-01  1.505285e-01
 3.140465e+04  8.287602e-01  4.736345e-01  1.481286e-01
 3.319266e+04  8.287596e-01  4.725865e-01  1.457614e-01
 3.508247e+04  8.287590e-01  4.715461e-01  1.434267e-01
 3.707988e+04  8.287584e-01  4.705134e-01  1.411241e-01
 3.919100e+04  8.287579e-01  4.694881e-01  1.388534e-01
 4.142232e+04  8.287574e-01  4.684703e-01  1.366144e-01
 4.378069e+04  8.287569e-01  4.674598e-01  1.344067e-01
 4.627332e+04  8.287564e-01  4.664566e-01  1.322300e-01
 4.890787e+04  8.287560e-01  4.654606e-01  1.300841e-01
 5.169242e+04  8.287556e-01  4.644717e-01  1.279686e-01
 5.463550e+04  8.287552e-01  4.634900e-01  1.258834e-01
 5.774615e+04  8.287548e-01  4.625151e-01  1.238280e-01
 6.103390e+04  8.287545e-01  4.615473e-01  1.218022e-01
 6.450884e+04  8.287541e-01  4.605862e-01  1.198057e-01
 6.818162e+04  8.287538e-01  4.596320e-01  1.178382e-01
 7.206351e+04  8.287535e-01  4.586844e-01  1.158994e-01
 7.616642e+04  8.287532e-01  4.577435e-01  1.139889e-01
 8.050292e+04  8.287529e-01  4.568092e-01  1.121066e-01
 8.508632e+04  8.287527e-01  4.558814e-01  1.102521e-01
 8.993067e+04  8.287524e-01  4.549600e-01  1.084251e-01
 9.505083e+04  8.287522e-01  4.540451e-01  1.066252e-01
 1.004625e+05  8.287520e-01  4.531364e-01  1.048522e-01
 1.061823e+05  8.287518e-01  4.522340e-01  1.031058e-01
 1.122277e+05  8.287516e-01  4.513378e-01  1.013857e-01
 1.186174e+05  8.287514e-01  4.504478e-01  9.969161e-02
 1.253708e+05  8.287512e-01  4.495638e-01  9.802315e-02
 1.325087e+05  8.287511e-01  4.486859e-01  9.638007e-02
 1.400531e+05  8.287509e-01  4.478139e-01  9.476207e-02
 1.480269e+05  8.287507e-01  4.469479e-01  9.316883e-02
 1.564548e+05  8.287506e-01  4.460877e-01  9.160007e-02
 1.653624e+05  8.287505e-01  4.452332e-01  9.005548e-02
 1.747773e+05  8.287503e-01  4.443846e-01  8.853477e-02
 1.847281e+05  8.287502e-01  4.435416e-01  8.703764e-02
 1.952456e+05  8.287501e-01  4.427042e-01  8.556380e-02
 2.063618e+05  8.287500e-01  4.418725e-01  8.411295e-02
 2.181109e+05  8.287499e-01  4.410462e-01  8.268479e-02
 2.305289e+05  8.287498e-01  4.402255e-01  8.127905e-02
 2.436540e+05  8.287497e-01  4.394101e-01  7.989542e-02
 2.575263e+05  8.287496e-01  4.386002e-01  7.853363e-02
 2.721885e+05  8.287495e-01  4.377955e-01  7.719338e-02
 2.876854e+05  8.287494e-01  4.369962e-01  7.587439e-02
 3.040646e+05  8.287493e-01  4.362021e-01  7.457638e-02
 3.213764e+05  8.287493e-01  4.354131e-01  7.329906e-02
 3.396739e+05  8.287492e-01  4.346293e-01  7.204217e-02
 3.590130e+05  8.287491e-01  4.338506e-01  7.080541e-02
 3.794533e+05  8.287490e-01  4.330769e-01  6.958853e-02
 4.010573e+05  8.287490e-01  4.323082e-01  6.839124e-02
 4.238913e+05  8.287489e-01  4.315445e-01  6.721327e-02
 4.480254e+05  8.287489e-01  4.307856e-01  6.605436e-02
 4.735335e+05  8.287488e-01  4.300317e-01  6.491424e-02
 5.004939e+05  8.287488e-01  4.292825e-01  6.379264e-02
 5.289893e+05  8.287487e-01  4.285381e-01  6.268931e-02
 5.591071e+05  8.287487e-01  4.277985e-01  6.160398e-02
 5.909396e+05  8.287486e-01  4.270635e-01  6.053641e-02
 6.245845e+05  8.287486e-01  4.263332e-01  5.948632e-02
 6.601449e+05  8.287485e-01  4.256075e-01  5.845348e-02
 6.977300e+05  8.287485e-01  4.248864e-01  5.743763e-02
 7.374549e+05  8.287484e-01  4.241698e-01  5.643853e-02
 7.794416e+05  8.287484e-01  4.234577e-01  5.545593e-02
 8.238187e+05  8.287484e-01  4.227500e-01  5.448959e-02
 8.707225e+05  8.287483e-01  4.220468e-01  5.353926e-02
 9.202967e+05  8.287483e-01  4.213479e-01  5.260472e-02
 9.726934e+05  8.287483e-01  4.206534e-01  5.168573e-02
 1.028073e+06  8.287482e-01  4.199631e-01  5.078205e-02
 1.086606e+06  8.287482e-01  4.192771e-01  4.989345e-02
 1.148472e+06  8.287482e-01  4.185954e-01  4.901971e-02
 1.213859e+06  8.287481e-01  4.179178e-01  4.816061e-02
 1.282970e+06  8.287481e-01  4.172444e-01  4.731592e-02
 1.356015e+06  8.287481e-01  4.165751e-01  4.648543e-02
 1.433219e+06  8.287480e-01  4.159099e-01  4.566890e-02
 1.514819e+06  8.287480e-01  4.152487e-01  4.486615e-02
 1.601064e+06  8.287480e-01  4.145915e-01  4.407694e-02
 1.692220e+06  8.287480e-01  4.139384e-01  4.330107e-02
 1.788566e+06  8.287479e-01  4.132891e-01  4.253833e-02
 1.890397e+06  8.287479e-01  4.126438e-01  4.178853e-02
 1.998026e+06  8.287479e-01  4.120024e-01  4.105145e-02
 2.111783e+06  8.287479e-01  4.113648e-01  4.032691e-02
 2.232016e+06  8.287478e-01  4.107310e-01  3.961470e-02
 2.359095e+06  8.287478e-01  4.101011e-01  3.891462e-02
 2.493409e+06  8.287478e-01  4.094748e-01  3.822650e-02
 2.635371e+06  8.287478e-01  4.088523e-01  3.755013e-02
 2.785414e+06  8.287478e-01  4.082335e-01  3.688534e-02
 2.944000e+06  8.287477e-01  4.076184e-01  3.623193e-02
 3.111616e+06  8.287477e-01  4.070069e-01  3.558973e-02
 3.288774e+06  8.287477e-01  4.063989e-01  3.495856e-02
 3.476019e+06  8.287477e-01  4.057946e-01  3.433823e-02
 3.673925e+06  8.287477e-01  4.051938e-01  3.372859e-02
 3.883098e+06  8.287476e-01  4.045966e-01  3.312944e-02
 4.104181e+06  8.287476e-01  4.040028e-01  3.254063e-02
 4.337850e+06  8.287476e-01  4.034124e-01  3.196199e-02
 4.584824e+06  8.287476e-01  4.028256e-01  3.139335e-02
 4.845859e+06  8.287476e-01  4.022421e-01  3.083455e-02
 5.121755e+06  8.287476e-01  4.016620e-01  3.028543e-02
 5.413360e+06  8.287475e-01  4.010852e-01  2.974582e-02
 5.721568e+06  8.287475e-01  4.005118e-01  2.921559e-02
 6.047322e+06  8.287475e-01  3.999417e-01  2.869456e-02
 6.391624e+06  8.287475e-01  3.993748e-01  2.818259e-02
 6.755528e+06  8.287475e-01  3.988112e-01  2.767953e-02
 7.140151e+06  8.287475e-01  3.982508e-01  2.718524e-02
 7.546673e+06  8.287474e-01  3.976936e-01  2.669956e-02
 7.976339e+06  8.287474e-01  3.971396e-01  2.622236e-02
 8.430468e+06  8.287474e-01  3.965887e-01  2.575349e-02
 8.910453e+06  8.287474e-01  3.960410e-01  2.529282e-02
 9.417766e+06  8.287474e-01  3.954963e-01  2.484020e-02
 9.953962e+06  8.287474e-01  3.949548e-01  2.439551e-02
 1.052069e+07  8.287473e-01  3.944162e-01  2.395862e-02
 1.111968e+07  8.287473e-01  3.938807e-01  2.352938e-02
 1.175277e+07  8.287473e-01  3.933483e-01  2.310768e-02
 1.242191e+07  8.287473e-01  3.928187e-01  2.269338e-02
 1.312915e+07  8.287473e-01  3.922922e-01  2.228637e-02
 1.387665e+07  8.287473e-01  3.917686e-01  2.188651e-02
 1.466671e+07  8.287472e-01  3.912479e-01  2.149370e-02
 1.550175e+07  8.287472e-01  3.907301e-01  2.110780e-02
 1.638434e+07  8.287472e-01  3.902151e-01  2.072870e-02
 1.731717e+07  8.287472e-01  3.897030e-01  2.035629e-02
 1.830312e+07  8.287472e-01  3.891938e-01  1.999045e-02
 1.934520e+07  8.287472e-01  3.886873e-01  1.963108e-02
 2.044661e+07  8.287471e-01  3.881836e-01  1.927805e-02
 2.161073e+07  8.287471e-01  3.876827e-01  1.893127e-02
 2.284112e+07  8.287471e-01  3.871845e-01  1.859062e-02
 2.414157e+07  8.287471e-01  3.866891e-01  1.825600e-02
 2.551606e+07  8.287471e-01  3.861963e-01  1.792732e-02
 2.696881e+07  8.287471e-01  3.857063e-01  1.760445e-02
 2.850426e+07  8.287470e-01  3.852189e-01  1.728732e-02
 3.012714e+07  8.287470e-01  3.847341e-01  1.697581e-02
 3.184242e+07  8.287470e-01  3.842520e-01  1.666983e-02
 3.365535e+07  8.287470e-01  3.837725e-01  1.636929e-02
 3.557150e+07  8.287470e-01  3.832955e-01  1.607409e-02
 3.759675e+07  8.287470e-01  3.828212e-01  1.578414e-02
 3.973730e+07  8.287470e-01  3.823493e-01  1.549935e-02
 4.199973e+07  8.287469e-01  3.818800e-01  1.521963e-02
 4.439097e+07  8.287469e-01  3.814132e-01  1.494489e-02
 4.691835e+07  8.287469e-01  3.809490e-01  1.467505e-02
 4.958962e+07  8.287469e-01  3.804871e-01  1.441001e-02
 5.241298e+07  8.287469e-01  3.800278e-01  1.414971e-02
 5.539709e+07  8.287469e-01  3.795709e-01  1.389405e-02
 5.855110e+07  8.287468e-01  3.791164e-01  1.364295e-02
 6.188468e+07  8.287468e-01  3.786643e-01  1.339634e-02
 6.540806e+07  8.287468e-01  3.782146e-01  1.315413e-02
 6.913204e+07  8.287468e-01  3.777672e-01  1.291626e-02
 7.306804e+07  8.287468e-01  3.773222e-01  1.268263e-02
 7.722814e+07  8.287468e-01  3.768796e-01  1.245319e-02
 8.162509e+07  8.287467e-01  3.764393e-01  1.222785e-02
 8.627237e+07  8.287467e-01  3.760013e-01  1.200655e-02
 9.118425e+07  8.287467e-01  3.755655e-01  1.178922e-02
 9.637579e+07  8.287467e-01  3.751321e-01  1.157577e-02
 1.018629e+08  8.287467e-01  3.747009e-01  1.136615e-02
 1.076624e+08  8.287467e-01  3.742719e-01  1.116030e-02
 1.137921e+08  8.287466e-01  3.738452e-01  1.095813e-02
 1.202708e+08  8.287466e-01  3.734207e-01  1.075959e-02
 1.271184e+08  8.287466e-01  3.729983e-01  1.056462e-02
 1.343558e+08  8.287466e-01  3.725782e-01  1.037314e-02
 1.420053e+08  8.287466e-01  3.721602e-01  1.018511e-02
 1.500903e+08  8.287466e-01  3.717444e-01  1.000045e-02
 1.586357e+08  8.287465e-01  3.713307e-01  9.819117e-03
 1.676675e+08  8.287465e-01  3.709191e-01  9.641042e-03
 1.772136e+08  8.287465e-01  3.705096e-01  9.466169e-03
 1.873032e+08  8.287465e-01  3.701022e-01  9.294442e-03
 1.979672e+08  8.287465e-01  3.696969e-01  9.125805e-03
 2.092383e+08  8.287465e-01  3.692937e-01  8.960205e-03
 2.211512e+08  8.287464e-01  3.688925e-01  8.797586e-03
 2.337424e+08  8.287464e-01  3.684933e-01  8.637897e-03
 2.470504e+08  8.287464e-01  3.680961e-01  8.481085e-03
 2.611161e+08  8.287464e-01  3.677010e-01  8.327098e-03
 2.759826e+08  8.287464e-01  3.673079e-01  8.175888e-03
 2.916956e+08  8.287464e-01  3.669167e-01  8.027404e-03
 3.083031e+08  8.287463e-01  3.665275e-01  7.881599e-03
 3.258562e+08  8.287463e-01  3.661403e-01  7.738423e-03
 3.444087e+08  8.287463e-01  3.657550e-01  7.597832e-03
 3.640175e+08  8.287463e-01  3.653716e-01  7.459778e-03
 3.847427e+08  8.287463e-01  3.649901e-01  7.324217e-03
 4.066478e+08  8.287463e-01  3.646106e-01  7.191103e-03
 4.298001e+08  8.287462e-01  3.642329e-01  7.060394e-03
 4.542706e+08  8.287462e-01  3.638571e-01  6.932047e-03
 4.801343e+08  8.287462e-01  3.634832e-01  6.806019e-03
 5.074705e+08  8.287462e-01  3.631111e-01  6.682268e-03
 5.363631e+08  8.287462e-01  3.627409e-01  6.560755e-03
 5.669007e+08  8.287461e-01  3.623725e-01  6.441439e-03
 5.991770e+08  8.287461e-01  3.620059e-01  6.324282e-03
 6.332908e+08  8.287461e-01  3.616411e-01  6.209243e-03
 6.693470e+08  8.287461e-01  3.612781e-01  6.096286e-03
 7.074559e+08  8.287461e-01  3.609169e-01  5.985373e-03
 7.477346e+08  8.287461e-01  3.605575e-01  5.876468e-03
 7.903066e+08  8.287460e-01  3.601998e-01  5.769534e-03
 8.353023e+08  8.287460e-01  3.598438e-01  5.664537e-03
 8.828599e+08  8.287460e-01  3.594896e-01  5.561441e-03
 9.331251e+08  8.287460e-01  3.591372e-01  5.460213e-03
 9.862522e+08  8.287460e-01  3.587864e-01  5.360818e-03
 1.042404e+09  8.287459e-01  3.584374e-01  5.263225e-03
 1.101753e+09  8.287459e-01  3.580900e-01  5.167400e-03
 1.164481e+09  8.287459e-01  3.577443e-01  5.073312e-03
 1.230780e+09  8.287459e-01  3.574003e-01  4.980930e-03
 1.300854e+09  8.287459e-01  3.570579e-01  4.890223e-03
 1.374917e+09  8.287459e-01  3.567172e-01  4.801161e-03
 1.453198e+09  8.287458e-01  3.563781e-01  4.713714e-03
 1.535935e+09  8.287458e-01  3.560407e-01  4.627854e-03
 1.623382e+09  8.287458e-01  3.557049e-01  4.543551e-03
 1.715809e+09  8.287458e-01  3.553707e-01  4.460779e-03
 1.813498e+09  8.287458e-01  3.550380e-01  4.379508e-03
 1.916748e+09  8.287457e-01  3.547070e-01  4.299712e-03
 2.025878e+09  8.287457e-01  3.543775e-01  4.221365e-03
 2.141220e+09  8.287457e-01  3.540497e-01  4.144441e-03
 2.263130e+09  8.287457e-01  3.537233e-01  4.068913e-03
 2.391980e+09  8.287457e-01  3.533985e-01  3.994757e-03
 2.528166e+09  8.287457e-01  3.530753e-01  3.921948e-03
 2.672106e+09  8.287456e-01  3.527536e-01  3.850461e-03
 2.824241e+09  8.287456e-01  3.524334e-01  3.780273e-03
 2.985038e+09  8.287456e-01  3.521147e-01  3.711361e-03
 3.154990e+09  8.287456e-01  3.517975e-01  3.643700e-03
 3.334618e+09  8.287456e-01  3.514818e-01  3.577270e-03
 3.524473e+09  8.287455e-01  3.511676e-01  3.512047e-03
 3.725137e+09  8.287455e-01  3.508549e-01  3.448009e-03
 3.937226e+09  8.287455e-01  3.505436e-01  3.385136e-03
 4.161391e+09  8.287455e-01  3.502338e-01  3.323405e-03
 4.398317e+09  8.287455e-01  3.499254e-01  3.262798e-03
 4.648734e+09  8.287454e-01  3.496185e-01  3.203292e-03
 4.913407e+09  8.287454e-01  3.493130e-01  3.144869e-03
 5.193150e+09  8.287454e-01  3.490089e-01  3.087508e-03
 5.488820e+09  8.287454e-01  3.487062e-01  3.031191e-03
 5.801323e+09  8.287454e-01  3.484049e-01  2.975899e-03
 6.131619e+09  8.287453e-01  3.481051e-01  2.921612e-03
 6.480720e+09  8.287453e-01  3.478066e-01  2.868314e-03
 6.849697e+09  8.287453e-01  3.475094e-01  2.815985e-03
 7.239681e+09  8.287453e-01  3.472137e-01  2.764609e-03
 7.651869e+09  8.287453e-01  3.469193e-01  2.714168e-03
 8.087525e+09  8.287452e-01  3.466263e-01  2.664645e-03
 8.547985e+09  8.287452e-01  3.463346e-01  2.616023e-03
 9.034660e+09  8.287452e-01  3.460443e-01  2.568287e-03
 9.549045e+09  8.287452e-01  3.457553e-01  2.521420e-03
 1.009272e+10  8.287452e-01  3.454676e-01  2.475406e-03
 1.066734e+10  8.287451e-01  3.451812e-01  2.430231e-03
 1.127468e+10  8.287451e-01  3.448961e-01  2.385878e-03
 1.191660e+10  8.287451e-01  3.446123e-01  2.342333e-03
 1.259506e+10  8.287451e-01  3.443298e-01  2.299581e-03
 1.331216e+10  8.287451e-01  3.440486e-01  2.257607e-03
 1.407008e+10  8.287450e-01  3.437687e-01  2.216399e-03
 1.487115e+10  8.287450e-01  3.434900e-01  2.175941e-03
 1.571784e+10  8.287450e-01  3.432126e-01  2.136220e-03
 1.661273e+10  8.287450e-01  3.429365e-01  2.097224e-03
 1.755856e+10  8.287450e-01  3.426616e-01  2.058937e-03
 1.855825e+10  8.287449e-01  3.423879e-01  2.021349e-03
 1.961486e+10  8.287449e-01  3.421155e-01  1.984445e-03
 2.073162e+10  8.287449e-01  3.418443e-01  1.948214e-03
 2.191197e+10  8.287449e-01  3.415743e-01  1.912644e-03
 2.315951e+10  8.287449e-01  3.413055e-01  1.877722e-03
 2.447809e+10  8.287448e-01  3.410379e-01  1.843436e-03
 2.587174e+10  8.287448e-01  3.407715e-01  1.809776e-03
 2.734474e+10  8.287448e-01  3.405063e-01  1.776729e-03
 2.890160e+10  8.287448e-01  3.402423e-01  1.744285e-03
 3.054710e+10  8.287448e-01  3.399795e-01  1.712432e-03
 3.228628e+10  8.287447e-01  3.397178e-01  1.681160e-03
 3.412449e+10  8.287447e-01  3.394573e-01  1.650458e-03
 3.606735e+10  8.287447e-01  3.391980e-01  1.620317e-03
 3.812083e+10  8.287447e-01  3.389398e-01  1.590725e-03
 4.029122e+10  8.287446e-01  3.386827e-01  1.561672e-03
 4.258518e+10  8.287446e-01  3.384268e-01  1.533150e-03
 4.500975e+10  8.287446e-01  3.381720e-01  1.505148e-03
 4.757236e+10  8.287446e-01  3.379183e-01  1.477656e-03
 5.028087e+10  8.287446e-01  3.376658e-01  1.450667e-03
 5.314359e+10  8.287445e-01  3.374143e-01  1.424169e-03
 5.616930e+10  8.287445e-01  3.371640e-01  1.398155e-03
 5.936727e+10  8.287445e-01  3.369148e-01  1.372615e-03
 6.274732e+10  8.287445e-01  3.366666e-01  1.347542e-03
 6.631981e+10  8.287445e-01  3.364196e-01  1.322926e-03
 7.009570e+10  8.287444e-01  3.361736e-01  1.298759e-03
 7.408657e+10  8.287444e-01  3.359287e-01  1.275033e-03
 7.830465e+10  8.287444e-01  3.356848e-01  1.251740e-03
 8.276289e+10  8.287444e-01  3.354421e-01  1.228872e-03
 8.747496e+10  8.287443e-01  3.352003e-01  1.206422e-03
 9.245531e+10  8.287443e-01  3.349597e-01  1.184381e-03
 9.771921e+10  8.287443e-01  3.347200e-01  1.162743e-03
 1.032828e+11  8.287443e-01  3.344814e-01  1.141499e-03
 1.091632e+11  8.287443e-01  3.342439e-01  1.120643e-03
 1.153783e+11  8.287442e-01  3.340074e-01  1.100168e-03
 1.219473e+11  8.287442e-01  3.337718e-01  1.080067e-03
 1.288904e+11  8.287442e-01  3.335374e-01  1.060332e-03
 1.362287e+11  8.287442e-01  3.333039e-01  1.040958e-03
 1.439848e+11  8.287441e-01  3.330714e-01  1.021938e-03
 1.521825e+11  8.287441e-01  3.328399e-01  1.003264e-03
 1.608469e+11  8.287441e-01  3.326094e-01  9.849320e-04
 1.700047e+11  8.287441e-01  3.323799e-01  9.669344e-04
 1.796838e+11  8.287441e-01  3.321514e-01  9.492653e-04
 1.899141e+11  8.287440e-01  3.319239e-01  9.319189e-04
 2.007267e+11  8.287440e-01  3.316973e-01  9.148892e-04
 2.121550e+11  8.287440e-01  3.314717e-01  8.981704e-04
 2.242340e+11  8.287440e-01  3.312471e-01  8.817570e-04
 2.370006e+11  8.287439e-01  3.310234e-01  8.656432e-04
 2.504942e+11  8.287439e-01  3.308007e-01  8.498237e-04
 2.647559e+11  8.287439e-01  3.305789e-01  8.342931e-04
 2.798297e+11  8.287439e-01  3.303581e-01  8.190461e-04
 2.957617e+11  8.287439e-01  3.301382e-01  8.040776e-04
 3.126007e+11  8.287438e-01  3.299192e-01  7.893825e-04
 3.303985e+11  8.287438e-01  3.297011e-01  7.749557e-04
 3.492096e+11  8.287438e-01  3.294840e-01  7.607924e-04
 3.690917e+11  8.287438e-01  3.292678e-01  7.468878e-04
 3.901058e+11  8.287437e-01  3.290525e-01  7.332372e-04
 4.123163e+11  8.287437e-01  3.288381e-01  7.198359e-04
 4.357913e+11  8.287437e-01  3.286246e-01  7.066793e-04
 4.606029e+11  8.287437e-01  3.284121e-01  6.937631e-04
 4.868271e+11  8.287436e-01  3.282004e-01  6.810829e-04
 5.145444e+11  8.287436e-01  3.279895e-01  6.686342e-04
 5.438397e+11  8.287436e-01  3.277796e-01  6.564130e-04
 5.748030e+11  8.287436e-01  3.275706e-01  6.444150e-04
 6.075292e+11  8.287435e-01  3.273624e-01  6.326362e-04
 6.421186e+11  8.287435e-01  3.271551e-01  6.210726e-04
 6.786773e+11  8.287435e-01  3.269486e-01  6.097203e-04
 7.173175e+11  8.287435e-01  3.267431e-01  5.985753e-04
 7.581576e+11  8.287435e-01  3.265383e-01  5.876339e-04
 8.013230e+11  8.287434e-01  3.263345e-01  5.768925e-04
 8.469460e+11  8.287434e-01  3.261314e-01  5.663473e-04
 8.951665e+11  8.287434e-01  3.259292e-01  5.559947e-04
 9.461324e+11  8.287434e-01  3.257279e-01  5.458313e-04
 1.000000e+12  8.287433e-01  3.255274e-01  5.358536e-04
