#           N         Chain          BCCA          BPCA
 1.000000e+00  9.957378e-01  9.957378e-01  9.957378e-01
 1.056935e+00  9.911811e-01  9.911811e-01  9.911811e-01
 1.117111e+00  9.865809e-01  9.865809e-01  9.865809e-01
 1.180713e+00  9.819382e-01  9.819382e-01  9.819382e-01
 1.247936e+00  9.772542e-01  9.772542e-01  9.772542e-01
 1.318987e+00  9.725299e-01  9.725299e-01  9.725299e-01
 1.394083e+00  9.677665e-01  9.677665e-01  9.677665e-01
 1.473454e+00  9.629652e-01  9.629652e-01  9.629652e-01
 1.557345e+00  9.581269e-01  9.581269e-01  9.581269e-01
 1.646012e+00  9.532529e-01  9.532529e-01  9.532529e-01
 1.739726e+00  9.483442e-01  9.483442e-01  9.483442e-01
 1.838777e+00  9.434019e-01  9.434019e-01  9.434019e-01
 1.943467e+00  9.384270e-01  9.384270e-01  9.384270e-01
 2.054117e+00  9.334208e-01  9.334208e-01  9.334208e-01
 2.171068e+00  9.283842e-01  9.283842e-01  9.283842e-01
 2.294676e+00  9.233184e-01  9.233184e-01  9.233184e-01
 2.425323e+00  9.182243e-01  9.182243e-01  9.182243e-01
 2.563407e+00  9.148009e-01  9.131031e-01  9.131031e-01
 2.709354e+00  9.133950e-01  9.079558e-01  9.079558e-01
 2.863610e+00  9.119500e-01  9.027834e-01  9.027834e-01
 3.026648e+00  9.104704e-01  8.975869e-01  8.975869e-01
 3.198969e+00  9.089607e-01  8.923675e-01  8.923675e-01
 3.381101e+00  9.074254e-01  8.871261e-01  8.871261e-01
 3.573602e+00  9.058689e-01  8.818637e-01  8.818637e-01
 3.777064e+00  9.042955e-01  8.765813e-01  8.765813e-01
 3.992109e+00  9.027094e-01  8.712799e-01  8.712799e-01
 4.219398e+00  9.011146e-01  8.659605e-01  8.659605e-01
 4.459628e+00  8.995151e-01  8.606242e-01  8.606242e-01
 4.713535e+00  8.979145e-01  8.552717e-01  8.552717e-01
 4.981898e+00  8.963163e-01  8.499042e-01  8.499042e-01
 5.265540e+00  8.947239e-01  8.445225e-01  8.445225e-01
 5.565331e+00  8.931403e-01  8.391276e-01  8.391276e-01
 5.882190e+00  8.915683e-01  8.337204e-01  8.337204e-01
 6.217090e+00  8.900108e-01  8.283019e-01  8.283019e-01
 6.571058e+00  8.884700e-01  8.228729e-01  8.228729e-01
 6.945178e+00  8.869481e-01  8.174343e-01  8.174343e-01
 7.340598e+00  8.854473e-01  8.119871e-01  8.119871e-01
 7.758532e+00  8.839693e-01  8.065321e-01  8.065321e-01
 8.200261e+00  8.825158e-01  8.018405e-01  8.013513e-01
 8.667139e+00  8.810880e-01  7.980922e-01  7.964785e-01
 9.160598e+00  8.796873e-01  7.943338e-01  7.915544e-01
 9.682153e+00  8.783148e-01  7.905692e-01  7.865818e-01
 1.023340e+01  8.769714e-01  7.868019e-01  7.815632e-01
 1.081604e+01  8.756577e-01  7.830352e-01  7.765011e-01
 1.143184e+01  8.743745e-01  7.792724e-01  7.713978e-01
 1.208271e+01  8.731221e-01  7.755163e-01  7.662556e-01
 1.277063e+01  8.719011e-01  7.717697e-01  7.610766e-01
 1.349772e+01  8.707115e-01  7.680350e-01  7.558630e-01
 1.426621e+01  8.695535e-01  7.643146e-01  7.506166e-01
 1.507845e+01  8.684272e-01  7.606107e-01  7.453396e-01
 1.593694e+01  8.673325e-01  7.569252e-01  7.400336e-01
 1.684430e+01  8.662693e-01  7.532598e-01  7.347004e-01
 1.780332e+01  8.652373e-01  7.496162e-01  7.293418e-01
 1.881694e+01  8.642364e-01  7.459958e-01  7.239594e-01
 1.988828e+01  8.632661e-01  7.424001e-01  7.185547e-01
 2.102061e+01  8.623261e-01  7.388301e-01  7.131292e-01
 2.221741e+01  8.614159e-01  7.352869e-01  7.076844e-01
 2.348235e+01  8.605351e-01  7.317716e-01  7.022217e-01
 2.481930e+01  8.596832e-01  7.282848e-01  6.967425e-01
 2.623238e+01  8.588596e-01  7.248273e-01  6.912480e-01
 2.772591e+01  8.580638e-01  7.213998e-01  6.857396e-01
 2.930447e+01  8.572952e-01  7.180027e-01  6.802184e-01
 3.097291e+01  8.565531e-01  7.146366e-01  6.746858e-01
 3.273634e+01  8.558370e-01  7.113017e-01  6.691427e-01
 3.460016e+01  8.551463e-01  7.079985e-01  6.635905e-01
 3.657011e+01  8.544802e-01  7.047270e-01  6.580301e-01
 3.865221e+01  8.538382e-01  7.014876e-01  6.524627e-01
 4.085286e+01  8.532196e-01  6.982802e-01  6.468893e-01
 4.317880e+01  8.526238e-01  6.951050e-01  6.413110e-01
 4.563716e+01  8.520501e-01  6.919620e-01  6.357287e-01
 4.823549e+01  8.514978e-01  6.888512e-01  6.301436e-01
 5.098176e+01  8.509664e-01  6.857724e-01  6.245565e-01
 5.388438e+01  8.504552e-01  6.827257e-01  6.189685e-01
 5.695227e+01  8.499635e-01  6.797108e-01  6.133804e-01
 6.019482e+01  8.494908e-01  6.767275e-01  6.077933e-01
 6.362198e+01  8.490365e-01  6.737758e-01  6.022080e-01
 6.724427e+01  8.485999e-01  6.708554e-01  5.966255e-01
 7.107280e+01  8.481804e-01  6.679660e-01  5.910467e-01
 7.511929e+01  8.477775e-01  6.651075e-01  5.854724e-01
 7.939618e+01  8.473907e-01  6.622795e-01  5.799036e-01
 8.391656e+01  8.470193e-01  6.594817e-01  5.743412e-01
 8.869432e+01  8.466628e-01  6.567139e-01  5.687859e-01
 9.374409e+01  8.463208e-01  6.539758e-01  5.632387e-01
 9.908137e+01  8.459926e-01  6.512670e-01  5.577004e-01
 1.047225e+02  8.456778e-01  6.485873e-01  5.521718e-01
 1.106848e+02  8.453758e-01  6.459362e-01  5.466538e-01
 1.169866e+02  8.450863e-01  6.433135e-01  5.411472e-01
 1.236472e+02  8.448088e-01  6.407188e-01  5.356529e-01
 1.306870e+02  8.445428e-01  6.381519e-01  5.301715e-01
 1.381276e+02  8.442879e-01  6.356122e-01  5.247040e-01
 1.459919e+02  8.440436e-01  6.330996e-01  5.192512e-01
 1.543038e+02  8.438096e-01  6.306135e-01  5.138137e-01
 1.630891e+02  8.435854e-01  6.281538e-01  5.083924e-01
 1.723745e+02  8.433707e-01  6.257201e-01  5.029881e-01
 1.821885e+02  8.431651e-01  6.233119e-01  4.976015e-01
 1.925614e+02  8.429683e-01  6.209291e-01  4.922333e-01
 2.035248e+02  8.427799e-01  6.185711e-01  4.868843e-01
 2.151123e+02  8.425995e-01  6.162377e-01  4.815553e-01
 2.273597e+02  8.424269e-01  6.139285e-01  4.762469e-01
 2.403043e+02  8.422617e-01  6.116433e-01  4.709599e-01
 2.539859e+02  8.421037e-01  6.093816e-01  4.656949e-01
 2.684465e+02  8.419525e-01  6.071432e-01  4.604526e-01
 2.837304e+02  8.418079e-01  6.049277e-01  4.552338e-01
 2.998844e+02  8.416696e-01  6.027348e-01  4.500390e-01
 3.169582e+02  8.415373e-01  6.005641e-01  4.448690e-01
 3.350041e+02  8.414108e-01  5.984155e-01  4.397243e-01
 3.540774e+02  8.412899e-01  5.962884e-01  4.346056e-01
 3.742366e+02  8.411743e-01  5.941828e-01  4.295136e-01
 3.955436e+02  8.410637e-01  5.920982e-01  4.244488e-01
 4.180637e+02  8.409581e-01  5.900343e-01  4.194117e-01
 4.418660e+02  8.408572e-01  5.879909e-01  4.144031e-01
 4.670234e+02  8.407607e-01  5.859676e-01  4.094233e-01
 4.936132e+02  8.406685e-01  5.839643e-01  4.044731e-01
 5.217169e+02  8.405804e-01  5.819805e-01  3.995529e-01
 5.514206e+02  8.404963e-01  5.800161e-01  3.946632e-01
 5.828155e+02  8.404159e-01  5.780708e-01  3.898046e-01
 6.159978e+02  8.403392e-01  5.761442e-01  3.849775e-01
 6.510694e+02  8.402659e-01  5.742362e-01  3.801823e-01
 6.881377e+02  8.401958e-01  5.723464e-01  3.754197e-01
 7.273165e+02  8.401290e-01  5.704747e-01  3.706899e-01
 7.687260e+02  8.400652e-01  5.686207e-01  3.659935e-01
 8.124930e+02  8.400042e-01  5.667843e-01  3.613308e-01
 8.587519e+02  8.399460e-01  5.649652e-01  3.567022e-01
 9.076446e+02  8.398905e-01  5.631631e-01  3.521082e-01
 9.593209e+02  8.398375e-01  5.613778e-01  3.475490e-01
 1.013939e+03  8.397869e-01  5.596091e-01  3.430251e-01
 1.071668e+03  8.397386e-01  5.578567e-01  3.385367e-01
 1.132683e+03  8.396925e-01  5.561206e-01  3.340842e-01
 1.197171e+03  8.396485e-01  5.544003e-01  3.296678e-01
 1.265332e+03  8.396065e-01  5.526957e-01  3.252880e-01
 1.337373e+03  8.395665e-01  5.510067e-01  3.209448e-01
 1.413516e+03  8.395283e-01  5.493329e-01  3.166387e-01
 1.493993e+03  8.394919e-01  5.476743e-01  3.123697e-01
 1.579053e+03  8.394571e-01  5.460305e-01  3.081382e-01
 1.668956e+03  8.394240e-01  5.444014e-01  3.039444e-01
 1.763977e+03  8.393923e-01  5.427869e-01  2.997884e-01
 1.864409e+03  8.393622e-01  5.411866e-01  2.956703e-01
 1.970558e+03  8.393334e-01  5.396005e-01  2.915905e-01
 2.082751e+03  8.393060e-01  5.380284e-01  2.875490e-01
 2.201331e+03  8.392799e-01  5.364700e-01  2.835459e-01
 2.326663e+03  8.392549e-01  5.349252e-01  2.795814e-01
 2.459130e+03  8.392311e-01  5.333938e-01  2.756556e-01
 2.599140e+03  8.392085e-01  5.318757e-01  2.717685e-01
 2.747121e+03  8.391869e-01  5.303706e-01  2.679203e-01
 2.903527e+03  8.391663e-01  5.288785e-01  2.641109e-01
 3.068838e+03  8.391466e-01  5.273992e-01  2.603405e-01
 3.243561e+03  8.391279e-01  5.259324e-01  2.566090e-01
 3.428231e+03  8.391101e-01  5.244781e-01  2.529165e-01
 3.623416e+03  8.390931e-01  5.230360e-01  2.492629e-01
 3.829714e+03  8.390769e-01  5.216062e-01  2.456484e-01
 4.047757e+03  8.390615e-01  5.201882e-01  2.420728e-01
 4.278214e+03  8.390467e-01  5.187822e-01  2.385361e-01
 4.521792e+03  8.390327e-01  5.173878e-01  2.350383e-01
 4.779239e+03  8.390194e-01  5.160050e-01  2.315793e-01
 5.051342e+03  8.390066e-01  5.146336e-01  2.281591e-01
 5.338938e+03  8.389945e-01  5.132735e-01  2.247775e-01
 5.642908e+03  8.389830e-01  5.119246e-01  2.214346e-01
 5.964185e+03  8.389719e-01  5.105866e-01  2.181301e-01
 6.303753e+03  8.389615e-01  5.092596e-01  2.148639e-01
 6.662655e+03  8.389515e-01  5.079433e-01  2.116361e-01
 7.041990e+03  8.389420e-01  5.066376e-01  2.084463e-01
 7.442922e+03  8.389329e-01  5.053424e-01  2.052946e-01
 7.866682e+03  8.389243e-01  5.040576e-01  2.021806e-01
 8.314568e+03  8.389161e-01  5.027831e-01  1.991043e-01
 8.787954e+03  8.389082e-01  5.015187e-01  1.960656e-01
 9.288292e+03  8.389008e-01  5.002644e-01  1.930641e-01
 9.817117e+03  8.388937e-01  4.990200e-01  1.900998e-01
 1.037605e+04  8.388869e-01  4.977853e-01  1.871725e-01
 1.096681e+04  8.388805e-01  4.965604e-01  1.842819e-01
 1.159120e+04  8.388743e-01  4.953450e-01  1.814279e-01
 1.225114e+04  8.388685e-01  4.941391e-01  1.786101e-01
 1.294865e+04  8.388629e-01  4.929426e-01  1.758285e-01
 1.368587e+04  8.388577e-01  4.917553e-01  1.730828e-01
 1.446507e+04  8.388526e-01  4.905772e-01  1.703728e-01
 1.528864e+04  8.388478e-01  4.894082e-01  1.676981e-01
 1.615909e+04  8.388433e-01  4.882481e-01  1.650586e-01
 1.707910e+04  8.388389e-01  4.870969e-01  1.624541e-01
 1.805149e+04  8.388348e-01  4.859544e-01  1.598842e-01
 1.907924e+04  8.388308e-01  4.848206e-01  1.573487e-01
 2.016551e+04  8.388271e-01  4.836953e-01  1.548473e-01
 2.131362e+04  8.388235e-01  4.825786e-01  1.523799e-01
 2.252711e+04  8.388201e-01  4.814702e-01  1.499460e-01
 2.380968e+04  8.388169e-01  4.803701e-01  1.475455e-01
 2.516527e+04  8.388138e-01  4.792783e-01  1.451780e-01
 2.659804e+04  8.388109e-01  4.781945e-01  1.428432e-01
 2.811239e+04  8.388081e-01  4.771188e-01  1.405410e-01
 2.971296e+04  8.388054e-01  4.760511e-01  1.382709e-01
 3.140465e+04  8.388029e-01  4.749912e-01  1.360327e-01
 3.319266e+04  8.388005e-01  4.739391e-01  1.338262e-01
 3.508247e+04  8.387982e-01  4.728947e-01  1.316509e-01
 3.707988e+04  8.387960e-01  4.718579e-01  1.295066e-01
 3.919100e+04  8.387940e-01  4.708287e-01  1.273930e-01
 4.142232e+04  8.387920e-01  4.698069e-01  1.253099e-01
 4.378069e+04  8.387901e-01  4.687925e-01  1.232568e-01
 4.627332e+04  8.387883e-01  4.677854e-01  1.212335e-01
 4.890787e+04  8.387866e-01  4.667856e-01  1.192397e-01
 5.169242e+04  8.387850e-01  4.657929e-01  1.172751e-01
 5.463550e+04  8.387835e-01  4.648074e-01  1.153393e-01
 5.774615e+04  8.387820e-01  4.638288e-01  1.134321e-01
 6.103390e+04  8.387806e-01  4.628572e-01  1.115531e-01
 6.450884e+04  8.387793e-01  4.618924e-01  1.097021e-01
 6.818162e+04  8.387780e-01  4.609345e-01  1.078787e-01
 7.206351e+04  8.387768e-01  4.599833e-01  1.060826e-01
 7.616642e+04  8.387757e-01  4.590388e-01  1.043135e-01
 8.050292e+04  8.387746e-01  4.581009e-01  1.025712e-01
 8.508632e+04  8.387736e-01  4.571695e-01  1.008552e-01
 8.993067e+04  8.387726e-01  4.562447e-01  9.916524e-02
 9.505083e+04  8.387717e-01  4.553262e-01  9.750109e-02
 1.004625e+05  8.387708e-01  4.544141e-01  9.586240e-02
 1.061823e+05  8.387699e-01  4.535082e-01  9.424886e-02
 1.122277e+05  8.387691e-01  4.526086e-01  9.266017e-02
 1.186174e+05  8.387683e-01  4.517152e-01  9.109602e-02
 1.253708e+05  8.387676e-01  4.508279e-01  8.955611e-02
 1.325087e+05  8.387669e-01  4.499466e-01  8.804013e-02
 1.400531e+05  8.387663e-01  4.490713e-01  8.654778e-02
 1.480269e+05  8.387656e-01  4.482019e-01  8.507877e-02
 1.564548e+05  8.387650e-01  4.473385e-01  8.363279e-02
 1.653624e+05  8.387645e-01  4.464808e-01  8.220955e-02
 1.747773e+05  8.387639e-01  4.456289e-01  8.080874e-02
 1.847281e+05  8.387634e-01  4.447827e-01  7.943009e-02
 1.952456e+05  8.387629e-01  4.439422e-01  7.807329e-02
 2.063618e+05  8.387624e-01  4.431073e-01  7.673806e-02
 2.181109e+05  8.387620e-01  4.422780e-01  7.542411e-02
 2.305289e+05  8.387616e-01  4.414541e-01  7.413115e-02
 2.436540e+05  8.387612e-01  4.406357e-01  7.285889e-02
 2.575263e+05  8.387608e-01  4.398227e-01  7.160706e-02
 2.721885e+05  8.387604e-01  4.390150e-01  7.037538e-02
 2.876854e+05  8.387601e-01  4.382127e-01  6.916356e-02
 3.040646e+05  8.387597e-01  4.374155e-01  6.797134e-02
 3.213764e+05  8.387594e-01  4.366236e-01  6.679844e-02
 3.396739e+05  8.387591e-01  4.358369e-01  6.564458e-02
 3.590130e+05  8.387588e-01  4.350552e-01  6.450951e-02
 3.794533e+05  8.387586e-01  4.342787e-01  6.339295e-02
 4.010573e+05  8.387583e-01  4.335071e-01  6.229463e-02
 4.238913e+05  8.387581e-01  4.327405e-01  6.121431e-02
 4.480254e+05  8.387578e-01  4.319788e-01  6.015172e-02
 4.735335e+05  8.387576e-01  4.312220e-01  5.910660e-02
 5.004939e+05  8.387574e-01  4.304701e-01  5.807870e-02
 5.289893e+05  8.387572e-01  4.297229e-01  5.706777e-02
 5.591071e+05  8.387570e-01  4.289805e-01  5.607356e-02
 5.909396e+05  8.387568e-01  4.282429e-01  5.509582e-02
 6.245845e+05  8.387566e-01  4.275098e-01  5.413432e-02
 6.601449e+05  8.387564e-01  4.267814e-01  5.318880e-02
 6.977300e+05  8.387563e-01  4.260576e-01  5.225903e-02
 7.374549e+05  8.387561e-01  4.253384e-01  5.134478e-02
 7.794416e+05  8.387560e-01  4.246236e-01  5.044580e-02
 8.238187e+05  8.387558e-01  4.239134e-01  4.956188e-02
 8.707225e+05  8.387557e-01  4.232075e-01  4.869278e-02
 9.202967e+05  8.387556e-01  4.225060e-01  4.783828e-02
 9.726934e+05  8.387555e-01  4.218089e-01  4.699815e-02
 1.028073e+06  8.387553e-01  4.211161e-01  4.617218e-02
 1.086606e+06  8.387552e-01  4.204276e-01  4.536014e-02
 1.148472e+06  8.387551e-01  4.197434e-01  4.456183e-02
 1.213859e+06  8.387550e-01  4.190633e-01  4.377702e-02
 1.282970e+06  8.387549e-01  4.183874e-01  4.300552e-02
 1.356015e+06  8.387548e-01  4.177156e-01  4.224710e-02
 1.433219e+06  8.387547e-01  4.170480e-01  4.150158e-02
 1.514819e+06  8.387547e-01  4.163844e-01  4.076874e-02
 1.601064e+06  8.387546e-01  4.157248e-01  4.004839e-02
 1.692220e+06  8.387545e-01  4.150693e-01  3.934032e-02
 1.788566e+06  8.387544e-01  4.144177e-01  3.864435e-02
 1.890397e+06  8.387544e-01  4.137700e-01  3.796029e-02
 1.998026e+06  8.387543e-01  4.131262e-01  3.728794e-02
 2.111783e+06  8.387542e-01  4.124863e-01  3.662712e-02
 2.232016e+06  8.387542e-01  4.118502e-01  3.597764e-02
 2.359095e+06  8.387541e-01  4.112179e-01  3.533933e-02
 2.493409e+06  8.387540e-01  4.105894e-01  3.471199e-02
 2.635371e+06  8.387540e-01  4.099647e-01  3.409546e-02
 2.785414e+06  8.387539e-01  4.093436e-01  3.348957e-02
 2.944000e+06  8.387539e-01  4.087262e-01  3.289413e-02
 3.111616e+06  8.387538e-01  4.081125e-01  3.230898e-02
 3.288774e+06  8.387538e-01  4.075024e-01  3.173395e-02
 3.476019e+06  8.387537e-01  4.068958e-01  3.116888e-02
 3.673925e+06  8.387537e-01  4.062929e-01  3.061361e-02
 3.883098e+06  8.387536e-01  4.056934e-01  3.006796e-02
 4.104181e+06  8.387536e-01  4.050975e-01  2.953180e-02
 4.337850e+06  8.387535e-01  4.045051e-01  2.900495e-02
 4.584824e+06  8.387535e-01  4.039160e-01  2.848727e-02
 4.845859e+06  8.387535e-01  4.033305e-01  2.797861e-02
 5.121755e+06  8.387534e-01  4.027483e-01  2.747881e-02
 5.413360e+06  8.387534e-01  4.021694e-01  2.698774e-02
 5.721568e+06  8.387534e-01  4.015939e-01  2.650523e-02
 6.047322e+06  8.387533e-01  4.010218e-01  2.603116e-02
 6.391624e+06  8.387533e-01  4.004529e-01  2.556539e-02
 6.755528e+06  8.387533e-01  3.998872e-01  2.510776e-02
 7.140151e+06  8.387532e-01  3.993248e-01  2.465815e-02
 7.546673e+06  8.387532e-01  3.987656e-01  2.421643e-02
 7.976339e+06  8.387532e-01  3.982096e-01  2.378245e-02
 8.430468e+06  8.387531e-01  3.976568e-01  2.335610e-02
 8.910453e+06  8.387531e-01  3.971071e-01  2.293724e-02
 9.417766e+06  8.387531e-01  3.965605e-01  2.252574e-02
 9.953962e+06  8.387531e-01  3.960170e-01  2.212149e-02
 1.052069e+07  8.387530e-01  3.954765e-01  2.172435e-02
 1.111968e+07  8.387530e-01  3.949391e-01  2.133421e-02
 1.175277e+07  8.387530e-01  3.944047e-01  2.095096e-02
 1.242191e+07  8.387530e-01  3.938733e-01  2.057446e-02
 1.312915e+07  8.387529e-01  3.933449e-01  2.020462e-02
 1.387665e+07  8.387529e-01  3.928194e-01  1.984131e-02
 1.466671e+07  8.387529e-01  3.922968e-01  1.948442e-02
 1.550175e+07  8.387529e-01  3.917772e-01  1.913385e-02
 1.638434e+07  8.387528e-01  3.912604e-01  1.878948e-02
 1.731717e+07  8.387528e-01  3.907465e-01  1.845121e-02
 1.830312e+07  8.387528e-01  3.902354e-01  1.811894e-02
 1.934520e+07  8.387528e-01  3.897272e-01  1.779255e-02
 2.044661e+07  8.387528e-01  3.892217e-01  1.747196e-02
 2.161073e+07  8.387527e-01  3.887190e-01  1.715707e-02
 2.284112e+07  8.387527e-01  3.882191e-01  1.684776e-02
 2.414157e+07  8.387527e-01  3.877219e-01  1.654395e-02
 2.551606e+07  8.387527e-01  3.872274e-01  1.624555e-02
 2.696881e+07  8.387527e-01  3.867356e-01  1.595245e-02
 2.850426e+07  8.387526e-01  3.862465e-01  1.566457e-02
 3.012714e+07  8.387526e-01  3.857600e-01  1.538182e-02
 3.184242e+07  8.387526e-01  3.852762e-01  1.510410e-02
 3.365535e+07  8.387526e-01  3.847949e-01  1.483133e-02
 3.557150e+07  8.387526e-01  3.843163e-01  1.456343e-02
 3.759675e+07  8.387525e-01  3.838403e-01  1.430031e-02
 3.973730e+07  8.387525e-01  3.833668e-01  1.404189e-02
 4.199973e+07  8.387525e-01  3.828958e-01  1.378808e-02
 4.439097e+07  8.387525e-01  3.824274e-01  1.353880e-02
 4.691835e+07  8.387525e-01  3.819615e-01  1.329398e-02
 4.958962e+07  8.387524e-01  3.814980e-01  1.305354e-02
 5.241298e+07  8.387524e-01  3.810371e-01  1.281740e-02
 5.539709e+07  8.387524e-01  3.805786e-01  1.258549e-02
 5.855110e+07  8.387524e-01  3.801225e-01  1.235772e-02
 6.188468e+07  8.387524e-01  3.796688e-01  1.213404e-02
 6.540806e+07  8.387524e-01  3.792175e-01  1.191436e-02
 6.913204e+07  8.387523e-01  3.787686e-01  1.169863e-02
 7.306804e+07  8.387523e-01  3.783221e-01  1.148676e-02
 7.722814e+07  8.387523e-01  3.778779e-01  1.127868e-02
 8.162509e+07  8.387523e-01  3.774360e-01  1.107435e-02
 8.627237e+07  8.387523e-01  3.769965e-01  1.087368e-02
 9.118425e+07  8.387523e-01  3.765592e-01  1.067661e-02
 9.637579e+07  8.387522e-01  3.761243e-01  1.048308e-02
 1.018629e+08  8.387522e-01  3.756916e-01  1.029303e-02
 1.076624e+08  8.387522e-01  3.752611e-01  1.010640e-02
 1.137921e+08  8.387522e-01  3.748329e-01  9.923122e-03
 1.202708e+08  8.387522e-01  3.744069e-01  9.743140e-03
 1.271184e+08  8.387521e-01  3.739831e-01  9.566395e-03
 1.343558e+08  8.387521e-01  3.735615e-01  9.392831e-03
 1.420053e+08  8.387521e-01  3.731420e-01  9.222391e-03
 1.500903e+08  8.387521e-01  3.727247e-01  9.055021e-03
 1.586357e+08  8.387521e-01  3.723096e-01  8.890664e-03
 1.676675e+08  8.387521e-01  3.718966e-01  8.729269e-03
 1.772136e+08  8.387520e-01  3.714857e-01  8.570782e-03
 1.873032e+08  8.387520e-01  3.710769e-01  8.415152e-03
 1.979672e+08  8.387520e-01  3.706702e-01  8.262328e-03
 2.092383e+08  8.387520e-01  3.702655e-01  8.112260e-03
 2.211512e+08  8.387520e-01  3.698629e-01  7.964899e-03
 2.337424e+08  8.387520e-01  3.694624e-01  7.820198e-03
 2.470504e+08  8.387519e-01  3.690639e-01  7.678108e-03
 2.611161e+08  8.387519e-01  3.686674e-01  7.538583e-03
 2.759826e+08  8.387519e-01  3.682729e-01  7.401578e-03
 2.916956e+08  8.387519e-01  3.678804e-01  7.267047e-03
 3.083031e+08  8.387519e-01  3.674898e-01  7.134947e-03
 3.258562e+08  8.387519e-01  3.671012e-01  7.005233e-03
 3.444087e+08  8.387518e-01  3.667146e-01  6.877864e-03
 3.640175e+08  8.387518e-01  3.663299e-01  6.752798e-03
 3.847427e+08  8.387518e-01  3.659471e-01  6.629993e-03
 4.066478e+08  8.387518e-01  3.655663e-01  6.509409e-03
 4.298001e+08  8.387518e-01  3.651873e-01  6.391006e-03
 4.542706e+08  8.387517e-01  3.648102e-01  6.274745e-03
 4.801343e+08  8.387517e-01  3.644350e-01  6.160588e-03
 5.074705e+08  8.387517e-01  3.640617e-01  6.048497e-03
 5.363631e+08  8.387517e-01  3.636902e-01  5.938436e-03
 5.669007e+08  8.387517e-01  3.633205e-01  5.830367e-03
 5.991770e+08  8.387517e-01  3.629527e-01  5.724256e-03
 6.332908e+08  8.387516e-01  3.625866e-01  5.620066e-03
 6.693470e+08  8.387516e-01  3.622224e-01  5.517764e-03
 7.074559e+08  8.387516e-01  3.618599e-01  5.417316e-03
 7.477346e+08  8.387516e-01  3.614993e-01  5.318688e-03
 7.903066e+08  8.387516e-01  3.611404e-01  5.221847e-03
 8.353023e+08  8.387516e-01  3.607832e-01  5.126762e-03
 8.828599e+08  8.387515e-01  3.604278e-01  5.033401e-03
 9.331251e+08  8.387515e-01  3.600741e-01  4.941734e-03
 9.862522e+08  8.387515e-01  3.597222e-01  4.851728e-03
 1.042404e+09  8.387515e-01  3.593719e-01  4.763356e-03
 1.101753e+09  8.387515e-01  3.590234e-01  4.676586e-03
 1.164481e+09  8.387514e-01  3.586765e-01  4.591392e-03
 1.230780e+09  8.387514e-01  3.583313e-01  4.507743e-03
 1.300854e+09  8.387514e-01  3.579878e-01  4.425612e-03
 1.374917e+09  8.387514e-01  3.576459e-01  4.344973e-03
 1.453198e+09  8.387514e-01  3.573057e-01  4.265797e-03
 1.535935e+09  8.387514e-01  3.569671e-01  4.188059e-03
 1.623382e+09  8.387513e-01  3.566301e-01  4.111733e-03
 1.715809e+09  8.387513e-01  3.562948e-01  4.036793e-03
 1.813498e+09  8.387513e-01  3.559610e-01  3.963214e-03
 1.916748e+09  8.387513e-01  3.556289e-01  3.890972e-03
 2.025878e+09  8.387513e-01  3.552983e-01  3.820042e-03
 2.141220e+09  8.387512e-01  3.549693e-01  3.750402e-03
 2.263130e+09  8.387512e-01  3.546418e-01  3.682027e-03
 2.391980e+09  8.387512e-01  3.543160e-01  3.614895e-03
 2.528166e+09  8.387512e-01  3.539916e-01  3.548983e-03
 2.672106e+09  8.387512e-01  3.536688e-01  3.484269e-03
 2.824241e+09  8.387512e-01  3.533475e-01  3.420732e-03
 2.985038e+09  8.387511e-01  3.530278e-01  3.358350e-03
 3.154990e+09  8.387511e-01  3.527095e-01  3.297103e-03
 3.334618e+09  8.387511e-01  3.523928e-01  3.236969e-03
 3.524473e+09  8.387511e-01  3.520775e-01  3.177930e-03
 3.725137e+09  8.387511e-01  3.517637e-01  3.119964e-03
 3.937226e+09  8.387510e-01  3.514514e-01  3.063053e-03
 4.161391e+09  8.387510e-01  3.511405e-01  3.007177e-03
 4.398317e+09  8.387510e-01  3.508311e-01  2.952318e-03
 4.648734e+09  8.387510e-01  3.505231e-01  2.898458e-03
 4.913407e+09  8.387510e-01  3.502166e-01  2.845577e-03
 5.193150e+09  8.387509e-01  3.499115e-01  2.793660e-03
 5.488820e+09  8.387509e-01  3.496078e-01  2.742687e-03
 5.801323e+09  8.387509e-01  3.493055e-01  2.692642e-03
 6.131619e+09  8.387509e-01  3.490046e-01  2.643508e-03
 6.480720e+09  8.387509e-01  3.487051e-01  2.595269e-03
 6.849697e+09  8.387509e-01  3.484070e-01  2.547908e-03
 7.239681e+09  8.387508e-01  3.481102e-01  2.501410e-03
 7.651869e+09  8.387508e-01  3.478149e-01  2.455758e-03
 8.087525e+09  8.387508e-01  3.475209e-01  2.410938e-03
 8.547985e+09  8.387508e-01  3.472282e-01  2.366934e-03
 9.034660e+09  8.387508e-01  3.469369e-01  2.323732e-03
 9.549045e+09  8.387507e-01  3.466469e-01  2.281317e-03
 1.009272e+10  8.387507e-01  3.463582e-01  2.239674e-03
 1.066734e+10  8.387507e-01  3.460709e-01  2.198791e-03
 1.127468e+10  8.387507e-01  3.457849e-01  2.158652e-03
 1.191660e+10  8.387507e-01  3.455001e-01  2.119245e-03
 1.259506e+10  8.387506e-01  3.452167e-01  2.080555e-03
 1.331216e+10  8.387506e-01  3.449345e-01  2.042571e-03
 1.407008e+10  8.387506e-01  3.446537e-01  2.005279e-03
 1.487115e+10  8.387506e-01  3.443741e-01  1.968667e-03
 1.571784e+10  8.387506e-01  3.440958e-01  1.932723e-03
 1.661273e+10  8.387505e-01  3.438187e-01  1.897433e-03
 1.755856e+10  8.387505e-01  3.435429e-01  1.862787e-03
 1.855825e+10  8.387505e-01  3.432683e-01  1.828772e-03
 1.961486e+10  8.387505e-01  3.429949e-01  1.795378e-03
 2.073162e+10  8.387505e-01  3.427228e-01  1.762592e-03
 2.191197e+10  8.387504e-01  3.424519e-01  1.730405e-03
 2.315951e+10  8.387504e-01  3.421823e-01  1.698804e-03
 2.447809e+10  8.387504e-01  3.419138e-01  1.667780e-03
 2.587174e+10  8.387504e-01  3.416465e-01  1.637321e-03
 2.734474e+10  8.387504e-01  3.413804e-01  1.607418e-03
 2.890160e+10  8.387503e-01  3.411155e-01  1.578060e-03
 3.054710e+10  8.387503e-01  3.408518e-01  1.549238e-03
 3.228628e+10  8.387503e-01  3.405893e-01  1.520941e-03
 3.412449e+10  8.387503e-01  3.403279e-01  1.493161e-03
 3.606735e+10  8.387503e-01  3.400677e-01  1.465888e-03
 3.812083e+10  8.387502e-01  3.398087e-01  1.439112e-03
 4.029122e+10  8.387502e-01  3.395507e-01  1.412824e-03
 4.258518e+10  8.387502e-01  3.392940e-01  1.387016e-03
 4.500975e+10  8.387502e-01  3.390383e-01  1.361679e-03
 4.757236e+10  8.387502e-01  3.387838e-01  1.336805e-03
 5.028087e+10  8.387501e-01  3.385304e-01  1.312384e-03
 5.314359e+10  8.387501e-01  3.382782e-01  1.288409e-03
 5.616930e+10  8.387501e-01  3.380270e-01  1.264871e-03
 5.936727e+10  8.387501e-01  3.377769e-01  1.241763e-03
 6.274732e+10  8.387501e-01  3.375280e-01  1.219077e-03
 6.631981e+10  8.387500e-01  3.372801e-01  1.196804e-03
 7.009570e+10  8.387500e-01  3.370333e-01  1.174939e-03
 7.408657e+10  8.387500e-01  3.367876e-01  1.153472e-03
 7.830465e+10  8.387500e-01  3.365429e-01  1.132397e-03
 8.276289e+10  8.387499e-01  3.362993e-01  1.111707e-03
 8.747496e+10  8.387499e-01  3.360568e-01  1.091394e-03
 9.245531e+10  8.387499e-01  3.358153e-01  1.071453e-03
 9.771921e+10  8.387499e-01  3.355749e-01  1.051875e-03
 1.032828e+11  8.387499e-01  3.353355e-01  1.032655e-03
 1.091632e+11  8.387498e-01  3.350972e-01  1.013786e-03
 1.153783e+11  8.387498e-01  3.348599e-01  9.952608e-04
 1.219473e+11  8.387498e-01  3.346236e-01  9.770743e-04
 1.288904e+11  8.387498e-01  3.343883e-01  9.592197e-04
 1.362287e+11  8.387498e-01  3.341541e-01  9.416912e-04
 1.439848e+11  8.387497e-01  3.339208e-01  9.244827e-04
 1.521825e+11  8.387497e-01  3.336886e-01  9.075885e-04
 1.608469e+11  8.387497e-01  3.334573e-01  8.910027e-04
 1.700047e+11  8.387497e-01  3.332271e-01  8.747198e-04
 1.796838e+11  8.387496e-01  3.329978e-01  8.587343e-04
 1.899141e+11  8.387496e-01  3.327695e-01  8.430407e-04
 2.007267e+11  8.387496e-01  3.325422e-01  8.276337e-04
 2.121550e+11  8.387496e-01  3.323159e-01  8.125081e-04
 2.242340e+11  8.387496e-01  3.320905e-01  7.976587e-04
 2.370006e+11  8.387495e-01  3.318661e-01  7.830806e-04
 2.504942e+11  8.387495e-01  3.316426e-01  7.687687e-04
 2.647559e+11  8.387495e-01  3.314201e-01  7.547182e-04
 2.798297e+11  8.387495e-01  3.311986e-01  7.409243e-04
 2.957617e+11  8.387495e-01  3.309779e-01  7.273824e-04
 3.126007e+11  8.387494e-01  3.307583e-01  7.140878e-04
 3.303985e+11  8.387494e-01  3.305395e-01  7.010361e-04
 3.492096e+11  8.387494e-01  3.303217e-01  6.882228e-04
 3.690917e+11  8.387494e-01  3.301047e-01  6.756436e-04
 3.901058e+11  8.387493e-01  3.298887e-01  6.632941e-04
 4.123163e+11  8.387493e-01  3.296736e-01  6.511703e-04
 4.357913e+11  8.387493e-01  3.294595e-01  6.392679e-04
 4.606029e+11  8.387493e-01  3.292462e-01  6.275830e-04
 4.868271e+11  8.387493e-01  3.290338e-01  6.161116e-04
 5.145444e+11  8.387492e-01  3.288223e-01  6.048497e-04
 5.438397e+11  8.387492e-01  3.286117e-01  5.937936e-04
 5.748030e+11  8.387492e-01  3.284019e-01  5.829395e-04
 6.075292e+11  8.387492e-01  3.281931e-01  5.722836e-04
 6.421186e+11  8.387491e-01  3.279851e-01  5.618225e-04
 6.786773e+11  8.387491e-01  3.277780e-01  5.515525e-04
 7.173175e+11  8.387491e-01  3.275717e-01  5.414702e-04
 7.581576e+11  8.387491e-01  3.273663e-01  5.315721e-04
 8.013230e+11  8.387490e-01  3.271618e-01  5.218548e-04
 8.469460e+11  8.387490e-01  3.269581e-01  5.123151e-04
 8.951665e+11  8.387490e-01  3.267552e-01  5.029497e-04
 9.461324e+11  8.387490e-01  3.265532e-01  4.937555e-04
 1.000000e+12  8.387490e-01  3.263521e-01  4.847292e-04
